{"meta": {"format": 3, "version": "7.11.0", "timestamp": "2025-10-19T18:39:07.987709", "branch_coverage": false, "show_contexts": false}, "files": {"bifrost.py": {"executed_lines": [1, 15, 16, 17, 25], "summary": {"covered_lines": 4, "num_statements": 4, "percent_covered": 100.0, "percent_covered_display": "100.00", "missing_lines": 0, "excluded_lines": 0}, "missing_lines": [], "excluded_lines": [], "functions": {"": {"executed_lines": [1, 15, 16, 17, 25], "summary": {"covered_lines": 4, "num_statements": 4, "percent_covered": 100.0, "percent_covered_display": "100.00", "missing_lines": 0, "excluded_lines": 0}, "missing_lines": [], "excluded_lines": []}}, "classes": {"": {"executed_lines": [1, 15, 16, 17, 25], "summary": {"covered_lines": 4, "num_statements": 4, "percent_covered": 100.0, "percent_covered_display": "100.00", "missing_lines": 0, "excluded_lines": 0}, "missing_lines": [], "excluded_lines": []}}}, "models/__init__.py": {"executed_lines": [0], "summary": {"covered_lines": 0, "num_statements": 0, "percent_covered": 100.0, "percent_covered_display": "100.00", "missing_lines": 0, "excluded_lines": 0}, "missing_lines": [], "excluded_lines": [], "functions": {"": {"executed_lines": [], "summary": {"covered_lines": 0, "num_statements": 0, "percent_covered": 100.0, "percent_covered_display": "100.00", "missing_lines": 0, "excluded_lines": 0}, "missing_lines": [], "excluded_lines": []}}, "classes": {"": {"executed_lines": [], "summary": {"covered_lines": 0, "num_statements": 0, "percent_covered": 100.0, "percent_covered_display": "100.00", "missing_lines": 0, "excluded_lines": 0}, "missing_lines": [], "excluded_lines": []}}}, "models/oauth_connection.py": {"executed_lines": [1, 6, 7, 9, 13, 32, 35, 40, 41, 45, 52, 57, 61, 66, 71, 72, 78, 83, 88, 94, 95, 99, 100, 101, 102, 103, 108, 109, 115, 116, 117, 118, 119, 120, 124, 128, 130, 133, 134, 140, 141, 142, 143, 147, 148, 149, 150, 156, 157, 158, 159, 160, 163, 164, 165, 170, 175, 176, 183, 184, 192, 193, 194, 195, 199, 203, 204, 205, 206, 212, 213, 219, 220, 221, 222, 225, 226, 227, 231, 238, 240, 242, 252, 254, 255, 257, 270, 291, 296, 297, 304, 309, 314, 318, 322, 326, 331, 334, 335, 339, 340, 344, 348, 353], "summary": {"covered_lines": 78, "num_statements": 86, "percent_covered": 90.69767441860465, "percent_covered_display": "90.70", "missing_lines": 8, "excluded_lines": 18}, "missing_lines": [74, 75, 76, 77, 239, 253, 259, 272], "excluded_lines": [45, 57, 61, 78, 83, 143, 150, 183, 184, 195, 199, 203, 204, 206, 304, 309, 318, 344], "functions": {"CreateOAuthConnectionRequest.model_validate": {"executed_lines": [], "summary": {"covered_lines": 0, "num_statements": 4, "percent_covered": 0.0, "percent_covered_display": "0.00", "missing_lines": 4, "excluded_lines": 0}, "missing_lines": [74, 75, 76, 77], "excluded_lines": []}, "OAuthConnection.is_expired": {"executed_lines": [238, 240], "summary": {"covered_lines": 2, "num_statements": 3, "percent_covered": 66.66666666666667, "percent_covered_display": "66.67", "missing_lines": 1, "excluded_lines": 0}, "missing_lines": [239], "excluded_lines": []}, "OAuthConnection.expires_soon": {"executed_lines": [252, 254, 255], "summary": {"covered_lines": 3, "num_statements": 4, "percent_covered": 75.0, "percent_covered_display": "75.00", "missing_lines": 1, "excluded_lines": 0}, "missing_lines": [253], "excluded_lines": []}, "OAuthConnection.to_summary": {"executed_lines": [], "summary": {"covered_lines": 0, "num_statements": 1, "percent_covered": 0.0, "percent_covered_display": "0.00", "missing_lines": 1, "excluded_lines": 0}, "missing_lines": [259], "excluded_lines": []}, "OAuthConnection.to_detail": {"executed_lines": [], "summary": {"covered_lines": 0, "num_statements": 1, "percent_covered": 0.0, "percent_covered_display": "0.00", "missing_lines": 1, "excluded_lines": 0}, "missing_lines": [272], "excluded_lines": []}, "": {"executed_lines": [1, 6, 7, 9, 13, 32, 35, 40, 41, 45, 52, 57, 61, 66, 71, 72, 78, 83, 88, 94, 95, 99, 100, 101, 102, 103, 108, 109, 115, 116, 117, 118, 119, 120, 124, 128, 130, 133, 134, 140, 141, 142, 143, 147, 148, 149, 150, 156, 157, 158, 159, 160, 163, 164, 165, 170, 175, 176, 183, 184, 192, 193, 194, 195, 199, 203, 204, 205, 206, 212, 213, 219, 220, 221, 222, 225, 226, 227, 231, 242, 257, 270, 291, 296, 297, 304, 309, 314, 318, 322, 326, 331, 334, 335, 339, 340, 344, 348, 353], "summary": {"covered_lines": 73, "num_statements": 73, "percent_covered": 100.0, "percent_covered_display": "100.00", "missing_lines": 0, "excluded_lines": 18}, "missing_lines": [], "excluded_lines": [45, 57, 61, 78, 83, 143, 150, 183, 184, 195, 199, 203, 204, 206, 304, 309, 318, 344]}}, "classes": {"CreateOAuthConnectionRequest": {"executed_lines": [], "summary": {"covered_lines": 0, "num_statements": 4, "percent_covered": 0.0, "percent_covered_display": "0.00", "missing_lines": 4, "excluded_lines": 0}, "missing_lines": [74, 75, 76, 77], "excluded_lines": []}, "UpdateOAuthConnectionRequest": {"executed_lines": [], "summary": {"covered_lines": 0, "num_statements": 0, "percent_covered": 100.0, "percent_covered_display": "100.00", "missing_lines": 0, "excluded_lines": 0}, "missing_lines": [], "excluded_lines": []}, "OAuthConnectionSummary": {"executed_lines": [], "summary": {"covered_lines": 0, "num_statements": 0, "percent_covered": 100.0, "percent_covered_display": "100.00", "missing_lines": 0, "excluded_lines": 0}, "missing_lines": [], "excluded_lines": []}, "OAuthConnectionDetail": {"executed_lines": [], "summary": {"covered_lines": 0, "num_statements": 0, "percent_covered": 100.0, "percent_covered_display": "100.00", "missing_lines": 0, "excluded_lines": 0}, "missing_lines": [], "excluded_lines": []}, "OAuthConnection": {"executed_lines": [238, 240, 252, 254, 255], "summary": {"covered_lines": 5, "num_statements": 9, "percent_covered": 55.55555555555556, "percent_covered_display": "55.56", "missing_lines": 4, "excluded_lines": 0}, "missing_lines": [239, 253, 259, 272], "excluded_lines": []}, "OAuthCredentials": {"executed_lines": [], "summary": {"covered_lines": 0, "num_statements": 0, "percent_covered": 100.0, "percent_covered_display": "100.00", "missing_lines": 0, "excluded_lines": 0}, "missing_lines": [], "excluded_lines": []}, "OAuthCredentialsResponse": {"executed_lines": [], "summary": {"covered_lines": 0, "num_statements": 0, "percent_covered": 100.0, "percent_covered_display": "100.00", "missing_lines": 0, "excluded_lines": 0}, "missing_lines": [], "excluded_lines": []}, "": {"executed_lines": [1, 6, 7, 9, 13, 32, 35, 40, 41, 45, 52, 57, 61, 66, 71, 72, 78, 83, 88, 94, 95, 99, 100, 101, 102, 103, 108, 109, 115, 116, 117, 118, 119, 120, 124, 128, 130, 133, 134, 140, 141, 142, 143, 147, 148, 149, 150, 156, 157, 158, 159, 160, 163, 164, 165, 170, 175, 176, 183, 184, 192, 193, 194, 195, 199, 203, 204, 205, 206, 212, 213, 219, 220, 221, 222, 225, 226, 227, 231, 242, 257, 270, 291, 296, 297, 304, 309, 314, 318, 322, 326, 331, 334, 335, 339, 340, 344, 348, 353], "summary": {"covered_lines": 73, "num_statements": 73, "percent_covered": 100.0, "percent_covered_display": "100.00", "missing_lines": 0, "excluded_lines": 18}, "missing_lines": [], "excluded_lines": [45, 57, 61, 78, 83, 143, 150, 183, 184, 195, 199, 203, 204, 206, 304, 309, 318, 344]}}}, "services/__init__.py": {"executed_lines": [0], "summary": {"covered_lines": 0, "num_statements": 0, "percent_covered": 100.0, "percent_covered_display": "100.00", "missing_lines": 0, "excluded_lines": 0}, "missing_lines": [], "excluded_lines": [], "functions": {"": {"executed_lines": [], "summary": {"covered_lines": 0, "num_statements": 0, "percent_covered": 100.0, "percent_covered_display": "100.00", "missing_lines": 0, "excluded_lines": 0}, "missing_lines": [], "excluded_lines": []}}, "classes": {"": {"executed_lines": [], "summary": {"covered_lines": 0, "num_statements": 0, "percent_covered": 100.0, "percent_covered_display": "100.00", "missing_lines": 0, "excluded_lines": 0}, "missing_lines": [], "excluded_lines": []}}}, "services/oauth_provider.py": {"executed_lines": [1, 6, 7, 8, 10, 12, 15, 16, 27, 35, 36, 37, 39, 62, 70, 71, 72, 74, 76, 78, 97, 104, 105, 106, 110, 112, 131, 137, 139, 141, 143, 145, 160, 162, 163, 164, 165, 170, 173, 174, 175, 178, 179, 182, 183, 184, 185, 193, 194, 195, 197, 199, 200, 201, 203, 212, 213, 214, 216, 217, 218, 219, 229, 230, 235, 245, 253, 254, 255, 258, 259, 262, 263, 265, 267, 269], "summary": {"covered_lines": 74, "num_statements": 84, "percent_covered": 88.0952380952381, "percent_covered_display": "88.10", "missing_lines": 10, "excluded_lines": 0}, "missing_lines": [108, 204, 205, 207, 208, 209, 210, 221, 222, 223], "excluded_lines": [], "functions": {"OAuthProviderClient.__init__": {"executed_lines": [35, 36, 37], "summary": {"covered_lines": 3, "num_statements": 3, "percent_covered": 100.0, "percent_covered_display": "100.00", "missing_lines": 0, "excluded_lines": 0}, "missing_lines": [], "excluded_lines": []}, "OAuthProviderClient.exchange_code_for_token": {"executed_lines": [62, 70, 71, 72, 74, 76], "summary": {"covered_lines": 6, "num_statements": 6, "percent_covered": 100.0, "percent_covered_display": "100.00", "missing_lines": 0, "excluded_lines": 0}, "missing_lines": [], "excluded_lines": []}, "OAuthProviderClient.refresh_access_token": {"executed_lines": [97, 104, 105, 106, 110], "summary": {"covered_lines": 5, "num_statements": 6, "percent_covered": 83.33333333333333, "percent_covered_display": "83.33", "missing_lines": 1, "excluded_lines": 0}, "missing_lines": [108], "excluded_lines": []}, "OAuthProviderClient.get_client_credentials_token": {"executed_lines": [131, 137, 139, 141, 143], "summary": {"covered_lines": 5, "num_statements": 5, "percent_covered": 100.0, "percent_covered_display": "100.00", "missing_lines": 0, "excluded_lines": 0}, "missing_lines": [], "excluded_lines": []}, "OAuthProviderClient._make_token_request": {"executed_lines": [160, 162, 163, 164, 165, 170, 173, 174, 175, 178, 179, 182, 183, 184, 185, 193, 194, 195, 197, 199, 200, 201, 203, 212, 213, 214, 216, 217, 218, 219, 229, 230], "summary": {"covered_lines": 32, "num_statements": 41, "percent_covered": 78.04878048780488, "percent_covered_display": "78.05", "missing_lines": 9, "excluded_lines": 0}, "missing_lines": [204, 205, 207, 208, 209, 210, 221, 222, 223], "excluded_lines": []}, "OAuthProviderClient._parse_token_response": {"executed_lines": [245, 253, 254, 255, 258, 259, 262, 263, 265, 267, 269], "summary": {"covered_lines": 11, "num_statements": 11, "percent_covered": 100.0, "percent_covered_display": "100.00", "missing_lines": 0, "excluded_lines": 0}, "missing_lines": [], "excluded_lines": []}, "": {"executed_lines": [1, 6, 7, 8, 10, 12, 15, 16, 27, 39, 78, 112, 145, 235], "summary": {"covered_lines": 12, "num_statements": 12, "percent_covered": 100.0, "percent_covered_display": "100.00", "missing_lines": 0, "excluded_lines": 0}, "missing_lines": [], "excluded_lines": []}}, "classes": {"OAuthProviderClient": {"executed_lines": [35, 36, 37, 62, 70, 71, 72, 74, 76, 97, 104, 105, 106, 110, 131, 137, 139, 141, 143, 160, 162, 163, 164, 165, 170, 173, 174, 175, 178, 179, 182, 183, 184, 185, 193, 194, 195, 197, 199, 200, 201, 203, 212, 213, 214, 216, 217, 218, 219, 229, 230, 245, 253, 254, 255, 258, 259, 262, 263, 265, 267, 269], "summary": {"covered_lines": 62, "num_statements": 72, "percent_covered": 86.11111111111111, "percent_covered_display": "86.11", "missing_lines": 10, "excluded_lines": 0}, "missing_lines": [108, 204, 205, 207, 208, 209, 210, 221, 222, 223], "excluded_lines": []}, "": {"executed_lines": [1, 6, 7, 8, 10, 12, 15, 16, 27, 39, 78, 112, 145, 235], "summary": {"covered_lines": 12, "num_statements": 12, "percent_covered": 100.0, "percent_covered_display": "100.00", "missing_lines": 0, "excluded_lines": 0}, "missing_lines": [], "excluded_lines": []}}}, "services/oauth_storage_service.py": {"executed_lines": [1, 6, 7, 8, 10, 11, 12, 14, 17, 18, 29, 36, 38, 40, 65, 68, 69, 73, 93, 94, 95, 100, 101, 102, 103, 104, 106, 107, 116, 125, 126, 128, 131, 140, 149, 150, 152, 154, 169, 171, 173, 175, 176, 177, 180, 181, 183, 184, 185, 189, 190, 192, 207, 209, 213, 214, 217, 218, 219, 220, 221, 225, 226, 227, 229, 230, 231, 232, 233, 236, 241, 243, 263, 264, 266, 267, 268, 271, 274, 275, 276, 277, 278, 279, 280, 281, 284, 285, 288, 298, 299, 301, 303, 318, 319, 320, 322, 324, 325, 328, 331, 332, 334, 337, 338, 339, 340, 341, 346, 366, 367, 368, 370, 385, 386, 387, 391, 407, 408, 409, 410, 415, 416, 417, 418, 426, 432, 433, 434, 435, 439, 440, 442, 468, 476, 477, 478, 479, 481, 482, 490, 500, 501, 504, 505, 507, 508, 509, 510, 511, 513, 523, 525, 527, 550, 551, 553, 557, 559, 560, 561, 562, 563, 564, 565, 566, 568, 577, 578, 580, 582, 612], "summary": {"covered_lines": 170, "num_statements": 227, "percent_covered": 74.8898678414097, "percent_covered_display": "74.89", "missing_lines": 57, "excluded_lines": 0}, "missing_lines": [108, 110, 111, 112, 113, 114, 186, 187, 222, 234, 238, 239, 326, 342, 343, 388, 389, 419, 420, 421, 422, 423, 436, 437, 483, 484, 485, 486, 487, 554, 555, 590, 600, 610, 623, 624, 625, 627, 628, 629, 630, 632, 634, 635, 636, 638, 639, 640, 642, 643, 644, 647, 648, 649, 650, 651, 653], "excluded_lines": [], "functions": {"OAuthStorageService.__init__": {"executed_lines": [36, 38], "summary": {"covered_lines": 2, "num_statements": 2, "percent_covered": 100.0, "percent_covered_display": "100.00", "missing_lines": 0, "excluded_lines": 0}, "missing_lines": [], "excluded_lines": []}, "OAuthStorageService.create_connection": {"executed_lines": [65, 68, 69, 73, 93, 94, 95, 100, 101, 102, 103, 104, 106, 107, 116, 125, 126, 128, 131, 140, 149, 150, 152], "summary": {"covered_lines": 23, "num_statements": 29, "percent_covered": 79.3103448275862, "percent_covered_display": "79.31", "missing_lines": 6, "excluded_lines": 0}, "missing_lines": [108, 110, 111, 112, 113, 114], "excluded_lines": []}, "OAuthStorageService.get_connection": {"executed_lines": [169, 171, 173, 175, 176, 177, 180, 181, 183, 184, 185, 189, 190], "summary": {"covered_lines": 13, "num_statements": 15, "percent_covered": 86.66666666666667, "percent_covered_display": "86.67", "missing_lines": 2, "excluded_lines": 0}, "missing_lines": [186, 187], "excluded_lines": []}, "OAuthStorageService.list_connections": {"executed_lines": [207, 209, 213, 214, 217, 218, 219, 220, 221, 225, 226, 227, 229, 230, 231, 232, 233, 236, 241], "summary": {"covered_lines": 19, "num_statements": 23, "percent_covered": 82.6086956521739, "percent_covered_display": "82.61", "missing_lines": 4, "excluded_lines": 0}, "missing_lines": [222, 234, 238, 239], "excluded_lines": []}, "OAuthStorageService.update_connection": {"executed_lines": [263, 264, 266, 267, 268, 271, 274, 275, 276, 277, 278, 279, 280, 281, 284, 285, 288, 298, 299, 301], "summary": {"covered_lines": 20, "num_statements": 20, "percent_covered": 100.0, "percent_covered_display": "100.00", "missing_lines": 0, "excluded_lines": 0}, "missing_lines": [], "excluded_lines": []}, "OAuthStorageService._load_oauth_connection_from_config": {"executed_lines": [318, 319, 320, 322, 324, 325, 328, 331, 332, 334, 337, 338, 339, 340, 341, 346, 366, 367, 368], "summary": {"covered_lines": 19, "num_statements": 22, "percent_covered": 86.36363636363636, "percent_covered_display": "86.36", "missing_lines": 3, "excluded_lines": 0}, "missing_lines": [326, 342, 343], "excluded_lines": []}, "OAuthStorageService._fetch_config_secret": {"executed_lines": [385, 386, 387], "summary": {"covered_lines": 3, "num_statements": 5, "percent_covered": 60.0, "percent_covered_display": "60.00", "missing_lines": 2, "excluded_lines": 0}, "missing_lines": [388, 389], "excluded_lines": []}, "OAuthStorageService.delete_connection": {"executed_lines": [407, 408, 409, 410, 415, 416, 417, 418, 426, 432, 433, 434, 435, 439, 440], "summary": {"covered_lines": 15, "num_statements": 22, "percent_covered": 68.18181818181819, "percent_covered_display": "68.18", "missing_lines": 7, "excluded_lines": 0}, "missing_lines": [419, 420, 421, 422, 423, 436, 437], "excluded_lines": []}, "OAuthStorageService.store_tokens": {"executed_lines": [468, 476, 477, 478, 479, 481, 482, 490, 500, 501, 504, 505, 507, 508, 509, 510, 511, 513, 523, 525], "summary": {"covered_lines": 20, "num_statements": 25, "percent_covered": 80.0, "percent_covered_display": "80.00", "missing_lines": 5, "excluded_lines": 0}, "missing_lines": [483, 484, 485, 486, 487], "excluded_lines": []}, "OAuthStorageService.update_connection_status": {"executed_lines": [550, 551, 553, 557, 559, 560, 561, 562, 563, 564, 565, 566, 568, 577, 578, 580], "summary": {"covered_lines": 16, "num_statements": 18, "percent_covered": 88.88888888888889, "percent_covered_display": "88.89", "missing_lines": 2, "excluded_lines": 0}, "missing_lines": [554, 555], "excluded_lines": []}, "OAuthStorageService._update_metadata_config": {"executed_lines": [], "summary": {"covered_lines": 0, "num_statements": 3, "percent_covered": 0.0, "percent_covered_display": "0.00", "missing_lines": 3, "excluded_lines": 0}, "missing_lines": [590, 600, 610], "excluded_lines": []}, "OAuthStorageService._entity_to_connection": {"executed_lines": [], "summary": {"covered_lines": 0, "num_statements": 23, "percent_covered": 0.0, "percent_covered_display": "0.00", "missing_lines": 23, "excluded_lines": 0}, "missing_lines": [623, 624, 625, 627, 628, 629, 630, 632, 634, 635, 636, 638, 639, 640, 642, 643, 644, 647, 648, 649, 650, 651, 653], "excluded_lines": []}, "": {"executed_lines": [1, 6, 7, 8, 10, 11, 12, 14, 17, 18, 29, 40, 154, 192, 243, 303, 370, 391, 442, 527, 582, 612], "summary": {"covered_lines": 20, "num_statements": 20, "percent_covered": 100.0, "percent_covered_display": "100.00", "missing_lines": 0, "excluded_lines": 0}, "missing_lines": [], "excluded_lines": []}}, "classes": {"OAuthStorageService": {"executed_lines": [36, 38, 65, 68, 69, 73, 93, 94, 95, 100, 101, 102, 103, 104, 106, 107, 116, 125, 126, 128, 131, 140, 149, 150, 152, 169, 171, 173, 175, 176, 177, 180, 181, 183, 184, 185, 189, 190, 207, 209, 213, 214, 217, 218, 219, 220, 221, 225, 226, 227, 229, 230, 231, 232, 233, 236, 241, 263, 264, 266, 267, 268, 271, 274, 275, 276, 277, 278, 279, 280, 281, 284, 285, 288, 298, 299, 301, 318, 319, 320, 322, 324, 325, 328, 331, 332, 334, 337, 338, 339, 340, 341, 346, 366, 367, 368, 385, 386, 387, 407, 408, 409, 410, 415, 416, 417, 418, 426, 432, 433, 434, 435, 439, 440, 468, 476, 477, 478, 479, 481, 482, 490, 500, 501, 504, 505, 507, 508, 509, 510, 511, 513, 523, 525, 550, 551, 553, 557, 559, 560, 561, 562, 563, 564, 565, 566, 568, 577, 578, 580], "summary": {"covered_lines": 150, "num_statements": 207, "percent_covered": 72.46376811594203, "percent_covered_display": "72.46", "missing_lines": 57, "excluded_lines": 0}, "missing_lines": [108, 110, 111, 112, 113, 114, 186, 187, 222, 234, 238, 239, 326, 342, 343, 388, 389, 419, 420, 421, 422, 423, 436, 437, 483, 484, 485, 486, 487, 554, 555, 590, 600, 610, 623, 624, 625, 627, 628, 629, 630, 632, 634, 635, 636, 638, 639, 640, 642, 643, 644, 647, 648, 649, 650, 651, 653], "excluded_lines": []}, "": {"executed_lines": [1, 6, 7, 8, 10, 11, 12, 14, 17, 18, 29, 40, 154, 192, 243, 303, 370, 391, 442, 527, 582, 612], "summary": {"covered_lines": 20, "num_statements": 20, "percent_covered": 100.0, "percent_covered_display": "100.00", "missing_lines": 0, "excluded_lines": 0}, "missing_lines": [], "excluded_lines": []}}}, "services/oauth_test_service.py": {"executed_lines": [1, 6, 8, 10, 13, 14, 22, 29, 39, 105], "summary": {"covered_lines": 8, "num_statements": 52, "percent_covered": 15.384615384615385, "percent_covered_display": "15.38", "missing_lines": 44, "excluded_lines": 0}, "missing_lines": [36, 37, 57, 58, 61, 63, 64, 65, 68, 69, 70, 75, 76, 77, 78, 80, 81, 82, 83, 85, 86, 87, 88, 91, 92, 93, 95, 96, 97, 98, 100, 101, 102, 103, 116, 118, 119, 120, 121, 122, 123, 124, 125, 127], "excluded_lines": [], "functions": {"OAuthTestService.__init__": {"executed_lines": [], "summary": {"covered_lines": 0, "num_statements": 2, "percent_covered": 0.0, "percent_covered_display": "0.00", "missing_lines": 2, "excluded_lines": 0}, "missing_lines": [36, 37], "excluded_lines": []}, "OAuthTestService.test_connection": {"executed_lines": [], "summary": {"covered_lines": 0, "num_statements": 32, "percent_covered": 0.0, "percent_covered_display": "0.00", "missing_lines": 32, "excluded_lines": 0}, "missing_lines": [57, 58, 61, 63, 64, 65, 68, 69, 70, 75, 76, 77, 78, 80, 81, 82, 83, 85, 86, 87, 88, 91, 92, 93, 95, 96, 97, 98, 100, 101, 102, 103], "excluded_lines": []}, "OAuthTestService.detect_provider": {"executed_lines": [], "summary": {"covered_lines": 0, "num_statements": 10, "percent_covered": 0.0, "percent_covered_display": "0.00", "missing_lines": 10, "excluded_lines": 0}, "missing_lines": [116, 118, 119, 120, 121, 122, 123, 124, 125, 127], "excluded_lines": []}, "": {"executed_lines": [1, 6, 8, 10, 13, 14, 22, 29, 39, 105], "summary": {"covered_lines": 8, "num_statements": 8, "percent_covered": 100.0, "percent_covered_display": "100.00", "missing_lines": 0, "excluded_lines": 0}, "missing_lines": [], "excluded_lines": []}}, "classes": {"OAuthTestService": {"executed_lines": [], "summary": {"covered_lines": 0, "num_statements": 44, "percent_covered": 0.0, "percent_covered_display": "0.00", "missing_lines": 44, "excluded_lines": 0}, "missing_lines": [36, 37, 57, 58, 61, 63, 64, 65, 68, 69, 70, 75, 76, 77, 78, 80, 81, 82, 83, 85, 86, 87, 88, 91, 92, 93, 95, 96, 97, 98, 100, 101, 102, 103, 116, 118, 119, 120, 121, 122, 123, 124, 125, 127], "excluded_lines": []}, "": {"executed_lines": [1, 6, 8, 10, 13, 14, 22, 29, 39, 105], "summary": {"covered_lines": 8, "num_statements": 8, "percent_covered": 100.0, "percent_covered_display": "100.00", "missing_lines": 0, "excluded_lines": 0}, "missing_lines": [], "excluded_lines": []}}}, "services/temp_file_service.py": {"executed_lines": [1, 8, 9, 10, 11, 12, 14, 17, 18, 26, 33, 36, 38, 40, 55, 56, 59, 61, 63, 65, 77, 78, 81, 83, 85, 87, 97, 99, 109, 110, 112, 113, 114, 116, 117, 120, 121, 122, 132, 133, 138, 140, 147, 148, 149, 152, 153, 155, 156, 157, 158, 159, 161, 165, 168, 171, 172, 173, 178, 185, 188, 195], "summary": {"covered_lines": 60, "num_statements": 69, "percent_covered": 86.95652173913044, "percent_covered_display": "86.96", "missing_lines": 9, "excluded_lines": 0}, "missing_lines": [123, 124, 125, 126, 128, 129, 130, 135, 136], "excluded_lines": [], "functions": {"TempFileService.__init__": {"executed_lines": [33, 36, 38], "summary": {"covered_lines": 3, "num_statements": 3, "percent_covered": 100.0, "percent_covered_display": "100.00", "missing_lines": 0, "excluded_lines": 0}, "missing_lines": [], "excluded_lines": []}, "TempFileService.create_temp_file": {"executed_lines": [55, 56, 59, 61, 63], "summary": {"covered_lines": 5, "num_statements": 5, "percent_covered": 100.0, "percent_covered_display": "100.00", "missing_lines": 0, "excluded_lines": 0}, "missing_lines": [], "excluded_lines": []}, "TempFileService.create_temp_directory": {"executed_lines": [77, 78, 81, 83, 85], "summary": {"covered_lines": 5, "num_statements": 5, "percent_covered": 100.0, "percent_covered_display": "100.00", "missing_lines": 0, "excluded_lines": 0}, "missing_lines": [], "excluded_lines": []}, "TempFileService.get_temp_path": {"executed_lines": [97], "summary": {"covered_lines": 1, "num_statements": 1, "percent_covered": 100.0, "percent_covered_display": "100.00", "missing_lines": 0, "excluded_lines": 0}, "missing_lines": [], "excluded_lines": []}, "TempFileService.cleanup_old_files": {"executed_lines": [109, 110, 112, 113, 114, 116, 117, 120, 121, 122, 132, 133, 138], "summary": {"covered_lines": 13, "num_statements": 22, "percent_covered": 59.09090909090909, "percent_covered_display": "59.09", "missing_lines": 9, "excluded_lines": 0}, "missing_lines": [123, 124, 125, 126, 128, 129, 130, 135, 136], "excluded_lines": []}, "TempFileService.delete_temp_file": {"executed_lines": [147, 148, 149, 152, 153, 155, 156, 157, 158, 159, 161], "summary": {"covered_lines": 11, "num_statements": 11, "percent_covered": 100.0, "percent_covered_display": "100.00", "missing_lines": 0, "excluded_lines": 0}, "missing_lines": [], "excluded_lines": []}, "get_temp_file_service": {"executed_lines": [171, 172, 173], "summary": {"covered_lines": 3, "num_statements": 3, "percent_covered": 100.0, "percent_covered_display": "100.00", "missing_lines": 0, "excluded_lines": 0}, "missing_lines": [], "excluded_lines": []}, "new_temp_file": {"executed_lines": [185], "summary": {"covered_lines": 1, "num_statements": 1, "percent_covered": 100.0, "percent_covered_display": "100.00", "missing_lines": 0, "excluded_lines": 0}, "missing_lines": [], "excluded_lines": []}, "new_temp_directory": {"executed_lines": [195], "summary": {"covered_lines": 1, "num_statements": 1, "percent_covered": 100.0, "percent_covered_display": "100.00", "missing_lines": 0, "excluded_lines": 0}, "missing_lines": [], "excluded_lines": []}, "": {"executed_lines": [1, 8, 9, 10, 11, 12, 14, 17, 18, 26, 40, 65, 87, 99, 140, 165, 168, 178, 188], "summary": {"covered_lines": 17, "num_statements": 17, "percent_covered": 100.0, "percent_covered_display": "100.00", "missing_lines": 0, "excluded_lines": 0}, "missing_lines": [], "excluded_lines": []}}, "classes": {"TempFileService": {"executed_lines": [33, 36, 38, 55, 56, 59, 61, 63, 77, 78, 81, 83, 85, 97, 109, 110, 112, 113, 114, 116, 117, 120, 121, 122, 132, 133, 138, 147, 148, 149, 152, 153, 155, 156, 157, 158, 159, 161], "summary": {"covered_lines": 38, "num_statements": 47, "percent_covered": 80.85106382978724, "percent_covered_display": "80.85", "missing_lines": 9, "excluded_lines": 0}, "missing_lines": [123, 124, 125, 126, 128, 129, 130, 135, 136], "excluded_lines": []}, "": {"executed_lines": [1, 8, 9, 10, 11, 12, 14, 17, 18, 26, 40, 65, 87, 99, 140, 165, 168, 171, 172, 173, 178, 185, 188, 195], "summary": {"covered_lines": 22, "num_statements": 22, "percent_covered": 100.0, "percent_covered_display": "100.00", "missing_lines": 0, "excluded_lines": 0}, "missing_lines": [], "excluded_lines": []}}}, "services/workspace_service.py": {"executed_lines": [1, 8, 9, 10, 11, 12, 14, 17, 18, 28, 35, 38, 40, 42, 52, 54, 58, 60, 61, 62, 63, 65, 76, 77, 79, 89, 91, 92, 94, 97, 98, 100, 102, 114, 117, 120, 123, 125, 127, 133, 140, 142, 145, 146, 148, 149, 151, 158, 160, 161, 163, 164, 166, 174, 176, 177, 179, 180, 182, 183, 184, 186, 188, 190, 201, 205, 206, 209, 210, 213, 217, 220, 223, 224, 225], "summary": {"covered_lines": 73, "num_statements": 82, "percent_covered": 89.02439024390245, "percent_covered_display": "89.02", "missing_lines": 9, "excluded_lines": 0}, "missing_lines": [55, 56, 72, 73, 74, 95, 143, 202, 211], "excluded_lines": [], "functions": {"WorkspaceService.__init__": {"executed_lines": [35, 38, 40], "summary": {"covered_lines": 3, "num_statements": 3, "percent_covered": 100.0, "percent_covered_display": "100.00", "missing_lines": 0, "excluded_lines": 0}, "missing_lines": [], "excluded_lines": []}, "WorkspaceService.list_files": {"executed_lines": [52, 54, 58, 60, 61, 62, 63, 65, 76, 77], "summary": {"covered_lines": 10, "num_statements": 15, "percent_covered": 66.66666666666667, "percent_covered_display": "66.67", "missing_lines": 5, "excluded_lines": 0}, "missing_lines": [55, 56, 72, 73, 74], "excluded_lines": []}, "WorkspaceService.read_file": {"executed_lines": [89, 91, 92, 94, 97, 98, 100], "summary": {"covered_lines": 7, "num_statements": 8, "percent_covered": 87.5, "percent_covered_display": "87.50", "missing_lines": 1, "excluded_lines": 0}, "missing_lines": [95], "excluded_lines": []}, "WorkspaceService.write_file": {"executed_lines": [114, 117, 120, 123, 125, 127], "summary": {"covered_lines": 6, "num_statements": 6, "percent_covered": 100.0, "percent_covered_display": "100.00", "missing_lines": 0, "excluded_lines": 0}, "missing_lines": [], "excluded_lines": []}, "WorkspaceService.delete_file": {"executed_lines": [140, 142, 145, 146, 148, 149], "summary": {"covered_lines": 6, "num_statements": 7, "percent_covered": 85.71428571428571, "percent_covered_display": "85.71", "missing_lines": 1, "excluded_lines": 0}, "missing_lines": [143], "excluded_lines": []}, "WorkspaceService.create_directory": {"executed_lines": [158, 160, 161, 163, 164], "summary": {"covered_lines": 5, "num_statements": 5, "percent_covered": 100.0, "percent_covered_display": "100.00", "missing_lines": 0, "excluded_lines": 0}, "missing_lines": [], "excluded_lines": []}, "WorkspaceService.delete_directory": {"executed_lines": [174, 176, 177, 179, 180, 182, 183, 184, 186, 188], "summary": {"covered_lines": 10, "num_statements": 10, "percent_covered": 100.0, "percent_covered_display": "100.00", "missing_lines": 0, "excluded_lines": 0}, "missing_lines": [], "excluded_lines": []}, "WorkspaceService.validate_path": {"executed_lines": [201, 205, 206, 209, 210, 213], "summary": {"covered_lines": 6, "num_statements": 8, "percent_covered": 75.0, "percent_covered_display": "75.00", "missing_lines": 2, "excluded_lines": 0}, "missing_lines": [202, 211], "excluded_lines": []}, "get_workspace_service": {"executed_lines": [223, 224, 225], "summary": {"covered_lines": 3, "num_statements": 3, "percent_covered": 100.0, "percent_covered_display": "100.00", "missing_lines": 0, "excluded_lines": 0}, "missing_lines": [], "excluded_lines": []}, "": {"executed_lines": [1, 8, 9, 10, 11, 12, 14, 17, 18, 28, 42, 79, 102, 133, 151, 166, 190, 217, 220], "summary": {"covered_lines": 17, "num_statements": 17, "percent_covered": 100.0, "percent_covered_display": "100.00", "missing_lines": 0, "excluded_lines": 0}, "missing_lines": [], "excluded_lines": []}}, "classes": {"WorkspaceService": {"executed_lines": [35, 38, 40, 52, 54, 58, 60, 61, 62, 63, 65, 76, 77, 89, 91, 92, 94, 97, 98, 100, 114, 117, 120, 123, 125, 127, 140, 142, 145, 146, 148, 149, 158, 160, 161, 163, 164, 174, 176, 177, 179, 180, 182, 183, 184, 186, 188, 201, 205, 206, 209, 210, 213], "summary": {"covered_lines": 53, "num_statements": 62, "percent_covered": 85.48387096774194, "percent_covered_display": "85.48", "missing_lines": 9, "excluded_lines": 0}, "missing_lines": [55, 56, 72, 73, 74, 95, 143, 202, 211], "excluded_lines": []}, "": {"executed_lines": [1, 8, 9, 10, 11, 12, 14, 17, 18, 28, 42, 79, 102, 133, 151, 166, 190, 217, 220, 223, 224, 225], "summary": {"covered_lines": 20, "num_statements": 20, "percent_covered": 100.0, "percent_covered_display": "100.00", "missing_lines": 0, "excluded_lines": 0}, "missing_lines": [], "excluded_lines": []}}}, "services/zip_service.py": {"executed_lines": [1, 8, 9, 10, 11, 13, 15, 18, 34, 35, 36, 38, 40, 43, 45, 48, 49, 51, 53, 56, 58, 60, 61, 62, 65, 67, 68, 70, 72, 73, 74, 77, 89, 90, 91, 93, 94, 96, 97, 99, 102, 104, 106, 107, 108, 111, 113, 114, 116, 123, 133, 134, 135, 136, 138], "summary": {"covered_lines": 54, "num_statements": 57, "percent_covered": 94.73684210526316, "percent_covered_display": "94.74", "missing_lines": 3, "excluded_lines": 0}, "missing_lines": [118, 119, 120], "excluded_lines": [], "functions": {"create_workspace_zip": {"executed_lines": [34, 35, 36, 38, 40, 43, 45, 48, 49, 51, 53, 56, 58, 60, 61, 62, 65, 67, 68, 70, 72, 73, 74], "summary": {"covered_lines": 23, "num_statements": 23, "percent_covered": 100.0, "percent_covered_display": "100.00", "missing_lines": 0, "excluded_lines": 0}, "missing_lines": [], "excluded_lines": []}, "create_selective_zip": {"executed_lines": [89, 90, 91, 93, 94, 96, 97, 99, 102, 104, 106, 107, 108, 111, 113, 114, 116], "summary": {"covered_lines": 17, "num_statements": 20, "percent_covered": 85.0, "percent_covered_display": "85.00", "missing_lines": 3, "excluded_lines": 0}, "missing_lines": [118, 119, 120], "excluded_lines": []}, "estimate_workspace_size": {"executed_lines": [133, 134, 135, 136, 138], "summary": {"covered_lines": 5, "num_statements": 5, "percent_covered": 100.0, "percent_covered_display": "100.00", "missing_lines": 0, "excluded_lines": 0}, "missing_lines": [], "excluded_lines": []}, "": {"executed_lines": [1, 8, 9, 10, 11, 13, 15, 18, 77, 123], "summary": {"covered_lines": 9, "num_statements": 9, "percent_covered": 100.0, "percent_covered_display": "100.00", "missing_lines": 0, "excluded_lines": 0}, "missing_lines": [], "excluded_lines": []}}, "classes": {"": {"executed_lines": [1, 8, 9, 10, 11, 13, 15, 18, 34, 35, 36, 38, 40, 43, 45, 48, 49, 51, 53, 56, 58, 60, 61, 62, 65, 67, 68, 70, 72, 73, 74, 77, 89, 90, 91, 93, 94, 96, 97, 99, 102, 104, 106, 107, 108, 111, 113, 114, 116, 123, 133, 134, 135, 136, 138], "summary": {"covered_lines": 54, "num_statements": 57, "percent_covered": 94.73684210526316, "percent_covered_display": "94.74", "missing_lines": 3, "excluded_lines": 0}, "missing_lines": [118, 119, 120], "excluded_lines": []}}}, "shared/__init__.py": {"executed_lines": [0], "summary": {"covered_lines": 0, "num_statements": 0, "percent_covered": 100.0, "percent_covered_display": "100.00", "missing_lines": 0, "excluded_lines": 0}, "missing_lines": [], "excluded_lines": [], "functions": {"": {"executed_lines": [], "summary": {"covered_lines": 0, "num_statements": 0, "percent_covered": 100.0, "percent_covered_display": "100.00", "missing_lines": 0, "excluded_lines": 0}, "missing_lines": [], "excluded_lines": []}}, "classes": {"": {"executed_lines": [], "summary": {"covered_lines": 0, "num_statements": 0, "percent_covered": 100.0, "percent_covered_display": "100.00", "missing_lines": 0, "excluded_lines": 0}, "missing_lines": [], "excluded_lines": []}}}, "shared/async_executor.py": {"executed_lines": [1, 6, 7, 8, 9, 10, 12, 14, 15, 16, 18, 20, 23, 25, 26, 27, 30, 52, 55, 56, 67, 75, 87, 89, 90, 91, 92, 94, 96, 105], "summary": {"covered_lines": 29, "num_statements": 29, "percent_covered": 100.0, "percent_covered_display": "100.00", "missing_lines": 0, "excluded_lines": 0}, "missing_lines": [], "excluded_lines": [], "functions": {"get_queue_client": {"executed_lines": [25, 26, 27], "summary": {"covered_lines": 3, "num_statements": 3, "percent_covered": 100.0, "percent_covered_display": "100.00", "missing_lines": 0, "excluded_lines": 0}, "missing_lines": [], "excluded_lines": []}, "enqueue_workflow_execution": {"executed_lines": [52, 55, 56, 67, 75, 87, 89, 90, 91, 92, 94, 96, 105], "summary": {"covered_lines": 13, "num_statements": 13, "percent_covered": 100.0, "percent_covered_display": "100.00", "missing_lines": 0, "excluded_lines": 0}, "missing_lines": [], "excluded_lines": []}, "": {"executed_lines": [1, 6, 7, 8, 9, 10, 12, 14, 15, 16, 18, 20, 23, 30], "summary": {"covered_lines": 13, "num_statements": 13, "percent_covered": 100.0, "percent_covered_display": "100.00", "missing_lines": 0, "excluded_lines": 0}, "missing_lines": [], "excluded_lines": []}}, "classes": {"": {"executed_lines": [1, 6, 7, 8, 9, 10, 12, 14, 15, 16, 18, 20, 23, 25, 26, 27, 30, 52, 55, 56, 67, 75, 87, 89, 90, 91, 92, 94, 96, 105], "summary": {"covered_lines": 29, "num_statements": 29, "percent_covered": 100.0, "percent_covered_display": "100.00", "missing_lines": 0, "excluded_lines": 0}, "missing_lines": [], "excluded_lines": []}}}, "shared/audit.py": {"executed_lines": [1, 13, 14, 15, 16, 17, 18, 20, 23, 26, 27, 37, 45, 49, 55, 57, 59, 61, 64, 65, 66, 68, 69, 72, 78, 80, 108, 123, 160, 187, 199, 203, 204, 207, 209, 210, 213, 220, 221, 226, 244, 248, 249, 250, 251, 254, 262, 265, 274, 275, 277], "summary": {"covered_lines": 49, "num_statements": 62, "percent_covered": 79.03225806451613, "percent_covered_display": "79.03", "missing_lines": 13, "excluded_lines": 0}, "missing_lines": [50, 53, 62, 73, 74, 75, 76, 147, 176, 200, 201, 205, 215], "excluded_lines": [], "functions": {"AuditLogger.__init__": {"executed_lines": [45, 49, 55, 57], "summary": {"covered_lines": 4, "num_statements": 6, "percent_covered": 66.66666666666667, "percent_covered_display": "66.67", "missing_lines": 2, "excluded_lines": 0}, "missing_lines": [50, 53], "excluded_lines": []}, "AuditLogger._get_table_client": {"executed_lines": [61, 64, 65, 66, 68, 69, 72, 78], "summary": {"covered_lines": 8, "num_statements": 13, "percent_covered": 61.53846153846154, "percent_covered_display": "61.54", "missing_lines": 5, "excluded_lines": 0}, "missing_lines": [62, 73, 74, 75, 76], "excluded_lines": []}, "AuditLogger.log_function_key_access": {"executed_lines": [108], "summary": {"covered_lines": 1, "num_statements": 1, "percent_covered": 100.0, "percent_covered_display": "100.00", "missing_lines": 0, "excluded_lines": 0}, "missing_lines": [], "excluded_lines": []}, "AuditLogger.log_cross_org_access": {"executed_lines": [], "summary": {"covered_lines": 0, "num_statements": 1, "percent_covered": 0.0, "percent_covered_display": "0.00", "missing_lines": 1, "excluded_lines": 0}, "missing_lines": [147], "excluded_lines": []}, "AuditLogger.log_import_violation_attempt": {"executed_lines": [], "summary": {"covered_lines": 0, "num_statements": 1, "percent_covered": 0.0, "percent_covered_display": "0.00", "missing_lines": 1, "excluded_lines": 0}, "missing_lines": [176], "excluded_lines": []}, "AuditLogger._log_event": {"executed_lines": [199, 203, 204, 207, 209, 210, 213, 220, 221], "summary": {"covered_lines": 9, "num_statements": 13, "percent_covered": 69.23076923076923, "percent_covered_display": "69.23", "missing_lines": 4, "excluded_lines": 0}, "missing_lines": [200, 201, 205, 215], "excluded_lines": []}, "AuditLogger._create_entity": {"executed_lines": [244, 248, 249, 250, 251, 254, 262], "summary": {"covered_lines": 7, "num_statements": 7, "percent_covered": 100.0, "percent_covered_display": "100.00", "missing_lines": 0, "excluded_lines": 0}, "missing_lines": [], "excluded_lines": []}, "get_audit_logger": {"executed_lines": [274, 275, 277], "summary": {"covered_lines": 3, "num_statements": 3, "percent_covered": 100.0, "percent_covered_display": "100.00", "missing_lines": 0, "excluded_lines": 0}, "missing_lines": [], "excluded_lines": []}, "": {"executed_lines": [1, 13, 14, 15, 16, 17, 18, 20, 23, 26, 27, 37, 59, 80, 123, 160, 187, 226, 265], "summary": {"covered_lines": 17, "num_statements": 17, "percent_covered": 100.0, "percent_covered_display": "100.00", "missing_lines": 0, "excluded_lines": 0}, "missing_lines": [], "excluded_lines": []}}, "classes": {"AuditLogger": {"executed_lines": [45, 49, 55, 57, 61, 64, 65, 66, 68, 69, 72, 78, 108, 199, 203, 204, 207, 209, 210, 213, 220, 221, 244, 248, 249, 250, 251, 254, 262], "summary": {"covered_lines": 29, "num_statements": 42, "percent_covered": 69.04761904761905, "percent_covered_display": "69.05", "missing_lines": 13, "excluded_lines": 0}, "missing_lines": [50, 53, 62, 73, 74, 75, 76, 147, 176, 200, 201, 205, 215], "excluded_lines": []}, "": {"executed_lines": [1, 13, 14, 15, 16, 17, 18, 20, 23, 26, 27, 37, 59, 80, 123, 160, 187, 226, 265, 274, 275, 277], "summary": {"covered_lines": 20, "num_statements": 20, "percent_covered": 100.0, "percent_covered_display": "100.00", "missing_lines": 0, "excluded_lines": 0}, "missing_lines": [], "excluded_lines": []}}}, "shared/auth.py": {"executed_lines": [1, 10, 11, 12, 13, 14, 15, 17, 19, 24, 31, 39, 40, 41, 45, 46, 48, 49, 50, 52, 56, 57, 58, 62, 63, 64, 65, 66, 68, 69, 70, 72, 76, 82, 83, 84, 87, 88, 89, 94, 95, 102, 110, 111, 112, 115, 116, 117, 120, 125, 130, 133, 136, 137, 139, 140, 143, 145, 146, 148, 150, 152, 153, 154, 156, 158, 160, 161, 164, 172, 173, 175, 177, 179, 181, 183, 184, 186, 187, 204, 226, 253, 318, 329, 330, 350, 355, 360, 365, 370], "summary": {"covered_lines": 83, "num_statements": 150, "percent_covered": 55.333333333333336, "percent_covered_display": "55.33", "missing_lines": 67, "excluded_lines": 2}, "missing_lines": [53, 74, 77, 121, 122, 162, 176, 198, 199, 211, 213, 214, 215, 217, 218, 220, 221, 222, 223, 233, 235, 236, 237, 239, 240, 242, 244, 246, 247, 248, 273, 274, 275, 278, 279, 280, 281, 284, 285, 286, 289, 291, 292, 293, 296, 298, 299, 305, 306, 307, 312, 313, 331, 333, 334, 337, 340, 342, 343, 344, 346, 347, 348, 357, 362, 367, 372], "excluded_lines": [187, 319], "functions": {"is_production": {"executed_lines": [31], "summary": {"covered_lines": 1, "num_statements": 1, "percent_covered": 100.0, "percent_covered_display": "100.00", "missing_lines": 0, "excluded_lines": 0}, "missing_lines": [], "excluded_lines": []}, "FunctionKeyPrincipal.is_function_key": {"executed_lines": [50], "summary": {"covered_lines": 1, "num_statements": 1, "percent_covered": 100.0, "percent_covered_display": "100.00", "missing_lines": 0, "excluded_lines": 0}, "missing_lines": [], "excluded_lines": []}, "FunctionKeyPrincipal.__str__": {"executed_lines": [], "summary": {"covered_lines": 0, "num_statements": 1, "percent_covered": 0.0, "percent_covered_display": "0.00", "missing_lines": 1, "excluded_lines": 0}, "missing_lines": [53], "excluded_lines": []}, "UserPrincipal.is_function_key": {"executed_lines": [70], "summary": {"covered_lines": 1, "num_statements": 1, "percent_covered": 100.0, "percent_covered_display": "100.00", "missing_lines": 0, "excluded_lines": 0}, "missing_lines": [], "excluded_lines": []}, "UserPrincipal.has_role": {"executed_lines": [], "summary": {"covered_lines": 0, "num_statements": 1, "percent_covered": 0.0, "percent_covered_display": "0.00", "missing_lines": 1, "excluded_lines": 0}, "missing_lines": [74], "excluded_lines": []}, "UserPrincipal.__str__": {"executed_lines": [], "summary": {"covered_lines": 0, "num_statements": 1, "percent_covered": 0.0, "percent_covered_display": "0.00", "missing_lines": 1, "excluded_lines": 0}, "missing_lines": [77], "excluded_lines": []}, "AuthenticationService.authenticate": {"executed_lines": [110, 111, 112, 115, 116, 117, 120, 125], "summary": {"covered_lines": 8, "num_statements": 10, "percent_covered": 80.0, "percent_covered_display": "80.00", "missing_lines": 2, "excluded_lines": 0}, "missing_lines": [121, 122], "excluded_lines": []}, "AuthenticationService._try_function_key": {"executed_lines": [133, 136, 137, 139, 140, 143, 145, 146, 148], "summary": {"covered_lines": 9, "num_statements": 9, "percent_covered": 100.0, "percent_covered_display": "100.00", "missing_lines": 0, "excluded_lines": 0}, "missing_lines": [], "excluded_lines": []}, "AuthenticationService._try_easy_auth": {"executed_lines": [152, 153, 154, 156, 158, 160, 161, 164, 172, 173, 175, 177, 179], "summary": {"covered_lines": 13, "num_statements": 15, "percent_covered": 86.66666666666667, "percent_covered_display": "86.67", "missing_lines": 2, "excluded_lines": 0}, "missing_lines": [162, 176], "excluded_lines": []}, "AuthenticationService._audit_key_usage": {"executed_lines": [183, 184, 186, 187], "summary": {"covered_lines": 3, "num_statements": 5, "percent_covered": 60.0, "percent_covered_display": "60.00", "missing_lines": 2, "excluded_lines": 1}, "missing_lines": [198, 199], "excluded_lines": [187]}, "is_platform_admin": {"executed_lines": [], "summary": {"covered_lines": 0, "num_statements": 10, "percent_covered": 0.0, "percent_covered_display": "0.00", "missing_lines": 10, "excluded_lines": 0}, "missing_lines": [211, 213, 214, 215, 217, 218, 220, 221, 222, 223], "excluded_lines": []}, "get_user_org_id": {"executed_lines": [], "summary": {"covered_lines": 0, "num_statements": 11, "percent_covered": 0.0, "percent_covered_display": "0.00", "missing_lines": 11, "excluded_lines": 0}, "missing_lines": [233, 235, 236, 237, 239, 240, 242, 244, 246, 247, 248], "excluded_lines": []}, "get_org_context": {"executed_lines": [], "summary": {"covered_lines": 0, "num_statements": 22, "percent_covered": 0.0, "percent_covered_display": "0.00", "missing_lines": 22, "excluded_lines": 0}, "missing_lines": [273, 274, 275, 278, 279, 280, 281, 284, 285, 286, 289, 291, 292, 293, 296, 298, 299, 305, 306, 307, 312, 313], "excluded_lines": []}, "require_auth": {"executed_lines": [329, 330, 350], "summary": {"covered_lines": 3, "num_statements": 3, "percent_covered": 100.0, "percent_covered_display": "100.00", "missing_lines": 0, "excluded_lines": 1}, "missing_lines": [], "excluded_lines": [319]}, "require_auth.wrapper": {"executed_lines": [], "summary": {"covered_lines": 0, "num_statements": 11, "percent_covered": 0.0, "percent_covered_display": "0.00", "missing_lines": 11, "excluded_lines": 0}, "missing_lines": [331, 333, 334, 337, 340, 342, 343, 344, 346, 347, 348], "excluded_lines": []}, "get_principal": {"executed_lines": [], "summary": {"covered_lines": 0, "num_statements": 1, "percent_covered": 0.0, "percent_covered_display": "0.00", "missing_lines": 1, "excluded_lines": 0}, "missing_lines": [357], "excluded_lines": []}, "is_function_key_auth": {"executed_lines": [], "summary": {"covered_lines": 0, "num_statements": 1, "percent_covered": 0.0, "percent_covered_display": "0.00", "missing_lines": 1, "excluded_lines": 0}, "missing_lines": [362], "excluded_lines": []}, "is_user_auth": {"executed_lines": [], "summary": {"covered_lines": 0, "num_statements": 1, "percent_covered": 0.0, "percent_covered_display": "0.00", "missing_lines": 1, "excluded_lines": 0}, "missing_lines": [367], "excluded_lines": []}, "_error_response": {"executed_lines": [], "summary": {"covered_lines": 0, "num_statements": 1, "percent_covered": 0.0, "percent_covered_display": "0.00", "missing_lines": 1, "excluded_lines": 0}, "missing_lines": [372], "excluded_lines": []}, "": {"executed_lines": [1, 10, 11, 12, 13, 14, 15, 17, 19, 24, 39, 40, 41, 45, 46, 48, 49, 52, 56, 57, 58, 62, 63, 64, 65, 66, 68, 69, 72, 76, 82, 83, 84, 87, 88, 89, 94, 95, 102, 130, 150, 181, 204, 226, 253, 318, 355, 360, 365, 370], "summary": {"covered_lines": 44, "num_statements": 44, "percent_covered": 100.0, "percent_covered_display": "100.00", "missing_lines": 0, "excluded_lines": 0}, "missing_lines": [], "excluded_lines": []}}, "classes": {"FunctionKeyPrincipal": {"executed_lines": [50], "summary": {"covered_lines": 1, "num_statements": 2, "percent_covered": 50.0, "percent_covered_display": "50.00", "missing_lines": 1, "excluded_lines": 0}, "missing_lines": [53], "excluded_lines": []}, "UserPrincipal": {"executed_lines": [70], "summary": {"covered_lines": 1, "num_statements": 3, "percent_covered": 33.333333333333336, "percent_covered_display": "33.33", "missing_lines": 2, "excluded_lines": 0}, "missing_lines": [74, 77], "excluded_lines": []}, "AuthenticationError": {"executed_lines": [], "summary": {"covered_lines": 0, "num_statements": 0, "percent_covered": 100.0, "percent_covered_display": "100.00", "missing_lines": 0, "excluded_lines": 0}, "missing_lines": [], "excluded_lines": []}, "AuthorizationError": {"executed_lines": [], "summary": {"covered_lines": 0, "num_statements": 0, "percent_covered": 100.0, "percent_covered_display": "100.00", "missing_lines": 0, "excluded_lines": 0}, "missing_lines": [], "excluded_lines": []}, "AuthenticationService": {"executed_lines": [110, 111, 112, 115, 116, 117, 120, 125, 133, 136, 137, 139, 140, 143, 145, 146, 148, 152, 153, 154, 156, 158, 160, 161, 164, 172, 173, 175, 177, 179, 183, 184, 186, 187], "summary": {"covered_lines": 33, "num_statements": 39, "percent_covered": 84.61538461538461, "percent_covered_display": "84.62", "missing_lines": 6, "excluded_lines": 1}, "missing_lines": [121, 122, 162, 176, 198, 199], "excluded_lines": [187]}, "": {"executed_lines": [1, 10, 11, 12, 13, 14, 15, 17, 19, 24, 31, 39, 40, 41, 45, 46, 48, 49, 52, 56, 57, 58, 62, 63, 64, 65, 66, 68, 69, 72, 76, 82, 83, 84, 87, 88, 89, 94, 95, 102, 130, 150, 181, 204, 226, 253, 318, 329, 330, 350, 355, 360, 365, 370], "summary": {"covered_lines": 48, "num_statements": 106, "percent_covered": 45.283018867924525, "percent_covered_display": "45.28", "missing_lines": 58, "excluded_lines": 1}, "missing_lines": [211, 213, 214, 215, 217, 218, 220, 221, 222, 223, 233, 235, 236, 237, 239, 240, 242, 244, 246, 247, 248, 273, 274, 275, 278, 279, 280, 281, 284, 285, 286, 289, 291, 292, 293, 296, 298, 299, 305, 306, 307, 312, 313, 331, 333, 334, 337, 340, 342, 343, 344, 346, 347, 348, 357, 362, 367, 372], "excluded_lines": [319]}}}, "shared/authorization.py": {"executed_lines": [1, 6, 8, 9, 10, 11, 13, 27, 44, 45, 47, 48, 51, 52, 55, 56, 59, 62, 78, 92, 95, 97, 99, 102, 105, 108, 124, 125, 129, 130, 133, 164, 175, 178, 181, 192, 195], "summary": {"covered_lines": 36, "num_statements": 44, "percent_covered": 81.81818181818181, "percent_covered_display": "81.82", "missing_lines": 8, "excluded_lines": 0}, "missing_lines": [75, 148, 150, 152, 155, 161, 176, 193], "excluded_lines": [], "functions": {"can_user_view_form": {"executed_lines": [44, 45, 47, 48, 51, 52, 55, 56, 59], "summary": {"covered_lines": 9, "num_statements": 9, "percent_covered": 100.0, "percent_covered_display": "100.00", "missing_lines": 0, "excluded_lines": 0}, "missing_lines": [], "excluded_lines": []}, "can_user_execute_form": {"executed_lines": [], "summary": {"covered_lines": 0, "num_statements": 1, "percent_covered": 0.0, "percent_covered_display": "0.00", "missing_lines": 1, "excluded_lines": 0}, "missing_lines": [75], "excluded_lines": []}, "get_user_visible_forms": {"executed_lines": [92, 95, 97, 99, 102, 105], "summary": {"covered_lines": 6, "num_statements": 6, "percent_covered": 100.0, "percent_covered_display": "100.00", "missing_lines": 0, "excluded_lines": 0}, "missing_lines": [], "excluded_lines": []}, "can_user_view_execution": {"executed_lines": [124, 125, 129, 130], "summary": {"covered_lines": 4, "num_statements": 4, "percent_covered": 100.0, "percent_covered_display": "100.00", "missing_lines": 0, "excluded_lines": 0}, "missing_lines": [], "excluded_lines": []}, "get_user_executions": {"executed_lines": [], "summary": {"covered_lines": 0, "num_statements": 5, "percent_covered": 0.0, "percent_covered_display": "0.00", "missing_lines": 5, "excluded_lines": 0}, "missing_lines": [148, 150, 152, 155, 161], "excluded_lines": []}, "get_user_role_ids": {"executed_lines": [175, 178], "summary": {"covered_lines": 2, "num_statements": 3, "percent_covered": 66.66666666666667, "percent_covered_display": "66.67", "missing_lines": 1, "excluded_lines": 0}, "missing_lines": [176], "excluded_lines": []}, "get_form_role_ids": {"executed_lines": [192, 195], "summary": {"covered_lines": 2, "num_statements": 3, "percent_covered": 66.66666666666667, "percent_covered_display": "66.67", "missing_lines": 1, "excluded_lines": 0}, "missing_lines": [193], "excluded_lines": []}, "": {"executed_lines": [1, 6, 8, 9, 10, 11, 13, 27, 62, 78, 108, 133, 164, 181], "summary": {"covered_lines": 13, "num_statements": 13, "percent_covered": 100.0, "percent_covered_display": "100.00", "missing_lines": 0, "excluded_lines": 0}, "missing_lines": [], "excluded_lines": []}}, "classes": {"": {"executed_lines": [1, 6, 8, 9, 10, 11, 13, 27, 44, 45, 47, 48, 51, 52, 55, 56, 59, 62, 78, 92, 95, 97, 99, 102, 105, 108, 124, 125, 129, 130, 133, 164, 175, 178, 181, 192, 195], "summary": {"covered_lines": 36, "num_statements": 44, "percent_covered": 81.81818181818181, "percent_covered_display": "81.82", "missing_lines": 8, "excluded_lines": 0}, "missing_lines": [75, 148, 150, 152, 155, 161, 176, 193], "excluded_lines": []}}}, "shared/blob_storage.py": {"executed_lines": [1, 6, 7, 8, 9, 10, 11, 13, 15, 18, 21, 22, 31, 38, 39, 41, 42, 45, 48, 49, 52, 54, 56, 66, 67, 70, 74, 79, 90, 92, 93, 94, 97, 98, 100, 105, 115, 125, 127, 128, 129, 131, 132, 133, 136, 137, 139, 144, 146, 147, 152, 154, 166, 168, 169, 170, 172, 173, 175, 176, 178, 179, 180, 183, 185, 190, 200, 213, 214, 216, 217, 218, 220, 221, 224, 227, 228, 230, 232, 237, 247, 248, 250, 261, 263, 264, 265, 268, 269, 271, 276, 286, 296, 298, 299, 300, 302, 303, 304, 307, 308, 310, 315, 325, 350, 351, 354, 355, 358, 359, 360, 363, 364, 367, 371, 372, 374, 383, 392, 401, 411, 414, 415, 416, 418, 419, 421, 422, 423, 425, 432, 433, 438, 443, 453, 455, 456, 457, 459, 460, 462, 463, 464, 466, 470, 471, 472, 477, 481, 484, 487, 488, 489], "summary": {"covered_lines": 151, "num_statements": 172, "percent_covered": 87.79069767441861, "percent_covered_display": "87.79", "missing_lines": 21, "excluded_lines": 0}, "missing_lines": [46, 71, 72, 75, 76, 77, 107, 108, 113, 192, 193, 198, 239, 240, 245, 278, 279, 284, 317, 318, 323], "excluded_lines": [], "functions": {"BlobStorageService.__init__": {"executed_lines": [38, 39, 41, 42, 45, 48, 49, 52, 54], "summary": {"covered_lines": 9, "num_statements": 10, "percent_covered": 90.0, "percent_covered_display": "90.00", "missing_lines": 1, "excluded_lines": 0}, "missing_lines": [46], "excluded_lines": []}, "BlobStorageService._ensure_container_exists": {"executed_lines": [66, 67, 70, 74], "summary": {"covered_lines": 4, "num_statements": 9, "percent_covered": 44.44444444444444, "percent_covered_display": "44.44", "missing_lines": 5, "excluded_lines": 0}, "missing_lines": [71, 72, 75, 76, 77], "excluded_lines": []}, "BlobStorageService.upload_logs": {"executed_lines": [90, 92, 93, 94, 97, 98, 100, 105], "summary": {"covered_lines": 8, "num_statements": 11, "percent_covered": 72.72727272727273, "percent_covered_display": "72.73", "missing_lines": 3, "excluded_lines": 0}, "missing_lines": [107, 108, 113], "excluded_lines": []}, "BlobStorageService.get_logs": {"executed_lines": [125, 127, 128, 129, 131, 132, 133, 136, 137, 139, 144, 146, 147, 152], "summary": {"covered_lines": 14, "num_statements": 14, "percent_covered": 100.0, "percent_covered_display": "100.00", "missing_lines": 0, "excluded_lines": 0}, "missing_lines": [], "excluded_lines": []}, "BlobStorageService.upload_result": {"executed_lines": [166, 168, 169, 170, 172, 173, 175, 176, 178, 179, 180, 183, 185, 190], "summary": {"covered_lines": 14, "num_statements": 17, "percent_covered": 82.3529411764706, "percent_covered_display": "82.35", "missing_lines": 3, "excluded_lines": 0}, "missing_lines": [192, 193, 198], "excluded_lines": []}, "BlobStorageService.get_result": {"executed_lines": [213, 214, 216, 217, 218, 220, 221, 224, 227, 228, 230, 232, 237, 247, 248], "summary": {"covered_lines": 15, "num_statements": 18, "percent_covered": 83.33333333333333, "percent_covered_display": "83.33", "missing_lines": 3, "excluded_lines": 0}, "missing_lines": [239, 240, 245], "excluded_lines": []}, "BlobStorageService.upload_snapshot": {"executed_lines": [261, 263, 264, 265, 268, 269, 271, 276], "summary": {"covered_lines": 8, "num_statements": 11, "percent_covered": 72.72727272727273, "percent_covered_display": "72.73", "missing_lines": 3, "excluded_lines": 0}, "missing_lines": [278, 279, 284], "excluded_lines": []}, "BlobStorageService.get_snapshot": {"executed_lines": [296, 298, 299, 300, 302, 303, 304, 307, 308, 310, 315], "summary": {"covered_lines": 11, "num_statements": 14, "percent_covered": 78.57142857142857, "percent_covered_display": "78.57", "missing_lines": 3, "excluded_lines": 0}, "missing_lines": [317, 318, 323], "excluded_lines": []}, "BlobStorageService.generate_upload_url": {"executed_lines": [350, 351, 354, 355, 358, 359, 360, 363, 364, 367, 371, 372, 374, 383, 392], "summary": {"covered_lines": 15, "num_statements": 15, "percent_covered": 100.0, "percent_covered_display": "100.00", "missing_lines": 0, "excluded_lines": 0}, "missing_lines": [], "excluded_lines": []}, "BlobStorageService.get_blob_metadata": {"executed_lines": [411, 414, 415, 416, 418, 419, 421, 422, 423, 425, 432, 433, 438], "summary": {"covered_lines": 13, "num_statements": 13, "percent_covered": 100.0, "percent_covered_display": "100.00", "missing_lines": 0, "excluded_lines": 0}, "missing_lines": [], "excluded_lines": []}, "BlobStorageService.delete_blob": {"executed_lines": [453, 455, 456, 457, 459, 460, 462, 463, 464, 466, 470, 471, 472, 477], "summary": {"covered_lines": 14, "num_statements": 14, "percent_covered": 100.0, "percent_covered_display": "100.00", "missing_lines": 0, "excluded_lines": 0}, "missing_lines": [], "excluded_lines": []}, "get_blob_service": {"executed_lines": [487, 488, 489], "summary": {"covered_lines": 3, "num_statements": 3, "percent_covered": 100.0, "percent_covered_display": "100.00", "missing_lines": 0, "excluded_lines": 0}, "missing_lines": [], "excluded_lines": []}, "": {"executed_lines": [1, 6, 7, 8, 9, 10, 11, 13, 15, 18, 21, 22, 31, 56, 79, 115, 154, 200, 250, 286, 325, 401, 443, 481, 484], "summary": {"covered_lines": 23, "num_statements": 23, "percent_covered": 100.0, "percent_covered_display": "100.00", "missing_lines": 0, "excluded_lines": 0}, "missing_lines": [], "excluded_lines": []}}, "classes": {"BlobStorageService": {"executed_lines": [38, 39, 41, 42, 45, 48, 49, 52, 54, 66, 67, 70, 74, 90, 92, 93, 94, 97, 98, 100, 105, 125, 127, 128, 129, 131, 132, 133, 136, 137, 139, 144, 146, 147, 152, 166, 168, 169, 170, 172, 173, 175, 176, 178, 179, 180, 183, 185, 190, 213, 214, 216, 217, 218, 220, 221, 224, 227, 228, 230, 232, 237, 247, 248, 261, 263, 264, 265, 268, 269, 271, 276, 296, 298, 299, 300, 302, 303, 304, 307, 308, 310, 315, 350, 351, 354, 355, 358, 359, 360, 363, 364, 367, 371, 372, 374, 383, 392, 411, 414, 415, 416, 418, 419, 421, 422, 423, 425, 432, 433, 438, 453, 455, 456, 457, 459, 460, 462, 463, 464, 466, 470, 471, 472, 477], "summary": {"covered_lines": 125, "num_statements": 146, "percent_covered": 85.61643835616438, "percent_covered_display": "85.62", "missing_lines": 21, "excluded_lines": 0}, "missing_lines": [46, 71, 72, 75, 76, 77, 107, 108, 113, 192, 193, 198, 239, 240, 245, 278, 279, 284, 317, 318, 323], "excluded_lines": []}, "": {"executed_lines": [1, 6, 7, 8, 9, 10, 11, 13, 15, 18, 21, 22, 31, 56, 79, 115, 154, 200, 250, 286, 325, 401, 443, 481, 484, 487, 488, 489], "summary": {"covered_lines": 26, "num_statements": 26, "percent_covered": 100.0, "percent_covered_display": "100.00", "missing_lines": 0, "excluded_lines": 0}, "missing_lines": [], "excluded_lines": []}}}, "shared/config_resolver.py": {"executed_lines": [1, 8, 9, 11, 12, 14, 17, 18, 29, 37, 40, 41, 46, 110, 177], "summary": {"covered_lines": 12, "num_statements": 40, "percent_covered": 30.0, "percent_covered_display": "30.00", "missing_lines": 28, "excluded_lines": 63}, "missing_lines": [38, 42, 43, 44, 126, 127, 132, 133, 138, 140, 150, 153, 162, 164, 166, 170, 175, 191, 193, 194, 195, 196, 197, 198, 199, 202, 203, 204], "excluded_lines": [46, 47, 48, 49, 50, 51, 52, 53, 54, 55, 56, 57, 58, 59, 60, 61, 62, 63, 64, 65, 66, 67, 68, 69, 70, 71, 72, 73, 74, 75, 76, 77, 78, 79, 80, 81, 82, 83, 84, 85, 86, 87, 88, 89, 90, 91, 92, 93, 94, 95, 96, 97, 98, 99, 100, 101, 102, 103, 104, 105, 106, 107, 108], "functions": {"ConfigResolver.__init__": {"executed_lines": [37, 40, 41], "summary": {"covered_lines": 3, "num_statements": 7, "percent_covered": 42.857142857142854, "percent_covered_display": "42.86", "missing_lines": 4, "excluded_lines": 0}, "missing_lines": [38, 42, 43, 44], "excluded_lines": []}, "ConfigResolver.get_config": {"executed_lines": [], "summary": {"covered_lines": 0, "num_statements": 0, "percent_covered": 100.0, "percent_covered_display": "100.00", "missing_lines": 0, "excluded_lines": 56}, "missing_lines": [], "excluded_lines": [53, 54, 55, 56, 57, 58, 59, 60, 61, 62, 63, 64, 65, 66, 67, 68, 69, 70, 71, 72, 73, 74, 75, 76, 77, 78, 79, 80, 81, 82, 83, 84, 85, 86, 87, 88, 89, 90, 91, 92, 93, 94, 95, 96, 97, 98, 99, 100, 101, 102, 103, 104, 105, 106, 107, 108]}, "ConfigResolver._resolve_secret_ref": {"executed_lines": [], "summary": {"covered_lines": 0, "num_statements": 13, "percent_covered": 0.0, "percent_covered_display": "0.00", "missing_lines": 13, "excluded_lines": 0}, "missing_lines": [126, 127, 132, 133, 138, 140, 150, 153, 162, 164, 166, 170, 175], "excluded_lines": []}, "ConfigResolver._parse_value": {"executed_lines": [], "summary": {"covered_lines": 0, "num_statements": 11, "percent_covered": 0.0, "percent_covered_display": "0.00", "missing_lines": 11, "excluded_lines": 0}, "missing_lines": [191, 193, 194, 195, 196, 197, 198, 199, 202, 203, 204], "excluded_lines": []}, "": {"executed_lines": [1, 8, 9, 11, 12, 14, 17, 18, 29, 46, 110, 177], "summary": {"covered_lines": 9, "num_statements": 9, "percent_covered": 100.0, "percent_covered_display": "100.00", "missing_lines": 0, "excluded_lines": 7}, "missing_lines": [], "excluded_lines": [46, 47, 48, 49, 50, 51, 52]}}, "classes": {"ConfigResolver": {"executed_lines": [37, 40, 41], "summary": {"covered_lines": 3, "num_statements": 31, "percent_covered": 9.67741935483871, "percent_covered_display": "9.68", "missing_lines": 28, "excluded_lines": 56}, "missing_lines": [38, 42, 43, 44, 126, 127, 132, 133, 138, 140, 150, 153, 162, 164, 166, 170, 175, 191, 193, 194, 195, 196, 197, 198, 199, 202, 203, 204], "excluded_lines": [53, 54, 55, 56, 57, 58, 59, 60, 61, 62, 63, 64, 65, 66, 67, 68, 69, 70, 71, 72, 73, 74, 75, 76, 77, 78, 79, 80, 81, 82, 83, 84, 85, 86, 87, 88, 89, 90, 91, 92, 93, 94, 95, 96, 97, 98, 99, 100, 101, 102, 103, 104, 105, 106, 107, 108]}, "": {"executed_lines": [1, 8, 9, 11, 12, 14, 17, 18, 29, 46, 110, 177], "summary": {"covered_lines": 9, "num_statements": 9, "percent_covered": 100.0, "percent_covered_display": "100.00", "missing_lines": 0, "excluded_lines": 7}, "missing_lines": [], "excluded_lines": [46, 47, 48, 49, 50, 51, 52]}}}, "shared/context.py": {"executed_lines": [1, 6, 7, 8, 9, 11, 13, 16, 17, 18, 19, 20, 21, 24, 25, 26, 27, 28, 29, 32, 33, 45, 52, 53, 54, 55, 58, 61, 64, 65, 66, 67, 71, 72, 74, 76, 77, 83, 84, 88, 89, 93, 94, 100, 138, 140, 144, 317, 338, 376, 389, 394, 396, 401, 409, 411, 413, 415, 424, 430, 433, 434, 439, 451, 453, 467, 481, 494, 520, 528, 529, 530, 532, 535, 536, 538, 542, 544, 547, 549], "summary": {"covered_lines": 76, "num_statements": 150, "percent_covered": 50.666666666666664, "percent_covered_display": "50.67", "missing_lines": 74, "excluded_lines": 4}, "missing_lines": [79, 86, 91, 96, 119, 121, 123, 124, 130, 132, 136, 170, 172, 173, 174, 178, 180, 186, 188, 189, 190, 193, 195, 196, 202, 203, 209, 211, 212, 217, 218, 219, 221, 222, 227, 229, 230, 237, 238, 239, 240, 241, 242, 243, 244, 248, 253, 254, 255, 256, 258, 259, 264, 265, 266, 268, 271, 274, 277, 287, 288, 293, 304, 313, 355, 356, 465, 479, 492, 508, 518, 533, 540, 558], "excluded_lines": [333, 334, 358, 369], "functions": {"OrganizationContext.__init__": {"executed_lines": [52, 53, 54, 55, 58, 61, 64, 65, 66, 67], "summary": {"covered_lines": 10, "num_statements": 10, "percent_covered": 100.0, "percent_covered_display": "100.00", "missing_lines": 0, "excluded_lines": 0}, "missing_lines": [], "excluded_lines": []}, "OrganizationContext.org_id": {"executed_lines": [74], "summary": {"covered_lines": 1, "num_statements": 1, "percent_covered": 100.0, "percent_covered_display": "100.00", "missing_lines": 0, "excluded_lines": 0}, "missing_lines": [], "excluded_lines": []}, "OrganizationContext.org_name": {"executed_lines": [], "summary": {"covered_lines": 0, "num_statements": 1, "percent_covered": 0.0, "percent_covered_display": "0.00", "missing_lines": 1, "excluded_lines": 0}, "missing_lines": [79], "excluded_lines": []}, "OrganizationContext.executed_by": {"executed_lines": [], "summary": {"covered_lines": 0, "num_statements": 1, "percent_covered": 0.0, "percent_covered_display": "0.00", "missing_lines": 1, "excluded_lines": 0}, "missing_lines": [86], "excluded_lines": []}, "OrganizationContext.executed_by_email": {"executed_lines": [], "summary": {"covered_lines": 0, "num_statements": 1, "percent_covered": 0.0, "percent_covered_display": "0.00", "missing_lines": 1, "excluded_lines": 0}, "missing_lines": [91], "excluded_lines": []}, "OrganizationContext.executed_by_name": {"executed_lines": [], "summary": {"covered_lines": 0, "num_statements": 1, "percent_covered": 0.0, "percent_covered_display": "0.00", "missing_lines": 1, "excluded_lines": 0}, "missing_lines": [96], "excluded_lines": []}, "OrganizationContext.get_config": {"executed_lines": [], "summary": {"covered_lines": 0, "num_statements": 7, "percent_covered": 0.0, "percent_covered_display": "0.00", "missing_lines": 7, "excluded_lines": 0}, "missing_lines": [119, 121, 123, 124, 130, 132, 136], "excluded_lines": []}, "OrganizationContext.has_config": {"executed_lines": [140], "summary": {"covered_lines": 1, "num_statements": 1, "percent_covered": 100.0, "percent_covered_display": "100.00", "missing_lines": 0, "excluded_lines": 0}, "missing_lines": [], "excluded_lines": []}, "OrganizationContext.get_oauth_connection": {"executed_lines": [], "summary": {"covered_lines": 0, "num_statements": 53, "percent_covered": 0.0, "percent_covered_display": "0.00", "missing_lines": 53, "excluded_lines": 0}, "missing_lines": [170, 172, 173, 174, 178, 180, 186, 188, 189, 190, 193, 195, 196, 202, 203, 209, 211, 212, 217, 218, 219, 221, 222, 227, 229, 230, 237, 238, 239, 240, 241, 242, 243, 244, 248, 253, 254, 255, 256, 258, 259, 264, 265, 266, 268, 271, 274, 277, 287, 288, 293, 304, 313], "excluded_lines": []}, "OrganizationContext.get_secret": {"executed_lines": [], "summary": {"covered_lines": 0, "num_statements": 0, "percent_covered": 100.0, "percent_covered_display": "100.00", "missing_lines": 0, "excluded_lines": 2}, "missing_lines": [], "excluded_lines": [333, 334]}, "OrganizationContext.get_integration": {"executed_lines": [], "summary": {"covered_lines": 0, "num_statements": 2, "percent_covered": 0.0, "percent_covered_display": "0.00", "missing_lines": 2, "excluded_lines": 2}, "missing_lines": [355, 356], "excluded_lines": [358, 369]}, "OrganizationContext.save_checkpoint": {"executed_lines": [389, 394, 396], "summary": {"covered_lines": 3, "num_statements": 3, "percent_covered": 100.0, "percent_covered_display": "100.00", "missing_lines": 0, "excluded_lines": 0}, "missing_lines": [], "excluded_lines": []}, "OrganizationContext.set_variable": {"executed_lines": [409], "summary": {"covered_lines": 1, "num_statements": 1, "percent_covered": 100.0, "percent_covered_display": "100.00", "missing_lines": 0, "excluded_lines": 0}, "missing_lines": [], "excluded_lines": []}, "OrganizationContext.get_variable": {"executed_lines": [413], "summary": {"covered_lines": 1, "num_statements": 1, "percent_covered": 100.0, "percent_covered_display": "100.00", "missing_lines": 0, "excluded_lines": 0}, "missing_lines": [], "excluded_lines": []}, "OrganizationContext._log": {"executed_lines": [424, 430, 433, 434], "summary": {"covered_lines": 4, "num_statements": 4, "percent_covered": 100.0, "percent_covered_display": "100.00", "missing_lines": 0, "excluded_lines": 0}, "missing_lines": [], "excluded_lines": []}, "OrganizationContext.info": {"executed_lines": [451], "summary": {"covered_lines": 1, "num_statements": 1, "percent_covered": 100.0, "percent_covered_display": "100.00", "missing_lines": 0, "excluded_lines": 0}, "missing_lines": [], "excluded_lines": []}, "OrganizationContext.warning": {"executed_lines": [], "summary": {"covered_lines": 0, "num_statements": 1, "percent_covered": 0.0, "percent_covered_display": "0.00", "missing_lines": 1, "excluded_lines": 0}, "missing_lines": [465], "excluded_lines": []}, "OrganizationContext.error": {"executed_lines": [], "summary": {"covered_lines": 0, "num_statements": 1, "percent_covered": 0.0, "percent_covered_display": "0.00", "missing_lines": 1, "excluded_lines": 0}, "missing_lines": [479], "excluded_lines": []}, "OrganizationContext.debug": {"executed_lines": [], "summary": {"covered_lines": 0, "num_statements": 1, "percent_covered": 0.0, "percent_covered_display": "0.00", "missing_lines": 1, "excluded_lines": 0}, "missing_lines": [492], "excluded_lines": []}, "OrganizationContext._track_integration_call": {"executed_lines": [], "summary": {"covered_lines": 0, "num_statements": 2, "percent_covered": 0.0, "percent_covered_display": "0.00", "missing_lines": 2, "excluded_lines": 0}, "missing_lines": [508, 518], "excluded_lines": []}, "OrganizationContext._sanitize_data": {"executed_lines": [528, 529, 530, 532, 535, 536, 538, 542, 544, 547], "summary": {"covered_lines": 10, "num_statements": 12, "percent_covered": 83.33333333333333, "percent_covered_display": "83.33", "missing_lines": 2, "excluded_lines": 0}, "missing_lines": [533, 540], "excluded_lines": []}, "OrganizationContext.finalize_execution": {"executed_lines": [], "summary": {"covered_lines": 0, "num_statements": 1, "percent_covered": 0.0, "percent_covered_display": "0.00", "missing_lines": 1, "excluded_lines": 0}, "missing_lines": [558], "excluded_lines": []}, "": {"executed_lines": [1, 6, 7, 8, 9, 11, 13, 16, 17, 18, 19, 20, 21, 24, 25, 26, 27, 28, 29, 32, 33, 45, 71, 72, 76, 77, 83, 84, 88, 89, 93, 94, 100, 138, 144, 317, 338, 376, 401, 411, 415, 439, 453, 467, 481, 494, 520, 549], "summary": {"covered_lines": 44, "num_statements": 44, "percent_covered": 100.0, "percent_covered_display": "100.00", "missing_lines": 0, "excluded_lines": 0}, "missing_lines": [], "excluded_lines": []}}, "classes": {"Organization": {"executed_lines": [], "summary": {"covered_lines": 0, "num_statements": 0, "percent_covered": 100.0, "percent_covered_display": "100.00", "missing_lines": 0, "excluded_lines": 0}, "missing_lines": [], "excluded_lines": []}, "Caller": {"executed_lines": [], "summary": {"covered_lines": 0, "num_statements": 0, "percent_covered": 100.0, "percent_covered_display": "100.00", "missing_lines": 0, "excluded_lines": 0}, "missing_lines": [], "excluded_lines": []}, "OrganizationContext": {"executed_lines": [52, 53, 54, 55, 58, 61, 64, 65, 66, 67, 74, 140, 389, 394, 396, 409, 413, 424, 430, 433, 434, 451, 528, 529, 530, 532, 535, 536, 538, 542, 544, 547], "summary": {"covered_lines": 32, "num_statements": 106, "percent_covered": 30.18867924528302, "percent_covered_display": "30.19", "missing_lines": 74, "excluded_lines": 4}, "missing_lines": [79, 86, 91, 96, 119, 121, 123, 124, 130, 132, 136, 170, 172, 173, 174, 178, 180, 186, 188, 189, 190, 193, 195, 196, 202, 203, 209, 211, 212, 217, 218, 219, 221, 222, 227, 229, 230, 237, 238, 239, 240, 241, 242, 243, 244, 248, 253, 254, 255, 256, 258, 259, 264, 265, 266, 268, 271, 274, 277, 287, 288, 293, 304, 313, 355, 356, 465, 479, 492, 508, 518, 533, 540, 558], "excluded_lines": [333, 334, 358, 369]}, "": {"executed_lines": [1, 6, 7, 8, 9, 11, 13, 16, 17, 18, 19, 20, 21, 24, 25, 26, 27, 28, 29, 32, 33, 45, 71, 72, 76, 77, 83, 84, 88, 89, 93, 94, 100, 138, 144, 317, 338, 376, 401, 411, 415, 439, 453, 467, 481, 494, 520, 549], "summary": {"covered_lines": 44, "num_statements": 44, "percent_covered": 100.0, "percent_covered_display": "100.00", "missing_lines": 0, "excluded_lines": 0}, "missing_lines": [], "excluded_lines": []}}}, "shared/custom_types.py": {"executed_lines": [1, 5, 7, 9, 14, 15, 20, 23, 24, 25, 26, 27, 29, 30, 33, 47, 63, 77, 78, 83, 86, 87, 88, 89, 90, 92, 93, 96, 97, 102, 105, 106, 107, 108, 109, 111, 112, 115, 116, 121, 124, 125, 126, 127, 128, 130, 131], "summary": {"covered_lines": 33, "num_statements": 41, "percent_covered": 80.48780487804878, "percent_covered_display": "80.49", "missing_lines": 8, "excluded_lines": 11}, "missing_lines": [43, 44, 57, 58, 59, 60, 73, 74], "excluded_lines": [9, 10, 11, 29, 30, 92, 93, 111, 112, 130, 131], "functions": {"HttpRequestWithContext.get_body": {"executed_lines": [29], "summary": {"covered_lines": 0, "num_statements": 0, "percent_covered": 100.0, "percent_covered_display": "100.00", "missing_lines": 0, "excluded_lines": 1}, "missing_lines": [], "excluded_lines": [29]}, "HttpRequestWithContext.get_json": {"executed_lines": [30], "summary": {"covered_lines": 0, "num_statements": 0, "percent_covered": 100.0, "percent_covered_display": "100.00", "missing_lines": 0, "excluded_lines": 1}, "missing_lines": [], "excluded_lines": [30]}, "get_context": {"executed_lines": [], "summary": {"covered_lines": 0, "num_statements": 2, "percent_covered": 0.0, "percent_covered_display": "0.00", "missing_lines": 2, "excluded_lines": 0}, "missing_lines": [43, 44], "excluded_lines": []}, "get_route_param": {"executed_lines": [], "summary": {"covered_lines": 0, "num_statements": 4, "percent_covered": 0.0, "percent_covered_display": "0.00", "missing_lines": 4, "excluded_lines": 0}, "missing_lines": [57, 58, 59, 60], "excluded_lines": []}, "get_org_context": {"executed_lines": [], "summary": {"covered_lines": 0, "num_statements": 2, "percent_covered": 0.0, "percent_covered_display": "0.00", "missing_lines": 2, "excluded_lines": 0}, "missing_lines": [73, 74], "excluded_lines": []}, "HttpRequestWithPrincipal.get_body": {"executed_lines": [92], "summary": {"covered_lines": 0, "num_statements": 0, "percent_covered": 100.0, "percent_covered_display": "100.00", "missing_lines": 0, "excluded_lines": 1}, "missing_lines": [], "excluded_lines": [92]}, "HttpRequestWithPrincipal.get_json": {"executed_lines": [93], "summary": {"covered_lines": 0, "num_statements": 0, "percent_covered": 100.0, "percent_covered_display": "100.00", "missing_lines": 0, "excluded_lines": 1}, "missing_lines": [], "excluded_lines": [93]}, "HttpRequestWithUser.get_body": {"executed_lines": [111], "summary": {"covered_lines": 0, "num_statements": 0, "percent_covered": 100.0, "percent_covered_display": "100.00", "missing_lines": 0, "excluded_lines": 1}, "missing_lines": [], "excluded_lines": [111]}, "HttpRequestWithUser.get_json": {"executed_lines": [112], "summary": {"covered_lines": 0, "num_statements": 0, "percent_covered": 100.0, "percent_covered_display": "100.00", "missing_lines": 0, "excluded_lines": 1}, "missing_lines": [], "excluded_lines": [112]}, "HttpRequestWithOrgContext.get_body": {"executed_lines": [130], "summary": {"covered_lines": 0, "num_statements": 0, "percent_covered": 100.0, "percent_covered_display": "100.00", "missing_lines": 0, "excluded_lines": 1}, "missing_lines": [], "excluded_lines": [130]}, "HttpRequestWithOrgContext.get_json": {"executed_lines": [131], "summary": {"covered_lines": 0, "num_statements": 0, "percent_covered": 100.0, "percent_covered_display": "100.00", "missing_lines": 0, "excluded_lines": 1}, "missing_lines": [], "excluded_lines": [131]}, "": {"executed_lines": [1, 5, 7, 9, 14, 15, 20, 23, 24, 25, 26, 27, 33, 47, 63, 77, 78, 83, 86, 87, 88, 89, 90, 96, 97, 102, 105, 106, 107, 108, 109, 115, 116, 121, 124, 125, 126, 127, 128], "summary": {"covered_lines": 33, "num_statements": 33, "percent_covered": 100.0, "percent_covered_display": "100.00", "missing_lines": 0, "excluded_lines": 3}, "missing_lines": [], "excluded_lines": [9, 10, 11]}}, "classes": {"HttpRequestWithContext": {"executed_lines": [29, 30], "summary": {"covered_lines": 0, "num_statements": 0, "percent_covered": 100.0, "percent_covered_display": "100.00", "missing_lines": 0, "excluded_lines": 2}, "missing_lines": [], "excluded_lines": [29, 30]}, "HttpRequestWithPrincipal": {"executed_lines": [92, 93], "summary": {"covered_lines": 0, "num_statements": 0, "percent_covered": 100.0, "percent_covered_display": "100.00", "missing_lines": 0, "excluded_lines": 2}, "missing_lines": [], "excluded_lines": [92, 93]}, "HttpRequestWithUser": {"executed_lines": [111, 112], "summary": {"covered_lines": 0, "num_statements": 0, "percent_covered": 100.0, "percent_covered_display": "100.00", "missing_lines": 0, "excluded_lines": 2}, "missing_lines": [], "excluded_lines": [111, 112]}, "HttpRequestWithOrgContext": {"executed_lines": [130, 131], "summary": {"covered_lines": 0, "num_statements": 0, "percent_covered": 100.0, "percent_covered_display": "100.00", "missing_lines": 0, "excluded_lines": 2}, "missing_lines": [], "excluded_lines": [130, 131]}, "": {"executed_lines": [1, 5, 7, 9, 14, 15, 20, 23, 24, 25, 26, 27, 33, 47, 63, 77, 78, 83, 86, 87, 88, 89, 90, 96, 97, 102, 105, 106, 107, 108, 109, 115, 116, 121, 124, 125, 126, 127, 128], "summary": {"covered_lines": 33, "num_statements": 41, "percent_covered": 80.48780487804878, "percent_covered_display": "80.49", "missing_lines": 8, "excluded_lines": 3}, "missing_lines": [43, 44, 57, 58, 59, 60, 73, 74], "excluded_lines": [9, 10, 11]}}}, "shared/decorators.py": {"executed_lines": [1, 6, 7, 8, 9, 11, 13, 16, 19, 80, 81, 82, 83, 85, 90, 91, 92, 93, 96, 114, 117, 118, 120, 127, 129, 132, 171, 172, 176, 178, 191, 192, 194, 196, 201, 203, 206, 247, 249, 258, 261, 262, 264, 270, 272, 277, 296, 298, 300, 301, 302, 304, 307, 315, 317, 323, 349, 352, 370, 372, 373, 402], "summary": {"covered_lines": 61, "num_statements": 81, "percent_covered": 75.30864197530865, "percent_covered_display": "75.31", "missing_lines": 20, "excluded_lines": 1}, "missing_lines": [308, 309, 325, 327, 328, 333, 335, 336, 341, 343, 344, 375, 377, 378, 379, 385, 386, 389, 390, 400], "excluded_lines": [142], "functions": {"workflow": {"executed_lines": [80, 81, 82, 83, 85, 129], "summary": {"covered_lines": 6, "num_statements": 6, "percent_covered": 100.0, "percent_covered_display": "100.00", "missing_lines": 0, "excluded_lines": 0}, "missing_lines": [], "excluded_lines": []}, "workflow.decorator": {"executed_lines": [90, 91, 92, 93, 96, 114, 117, 118, 120, 127], "summary": {"covered_lines": 10, "num_statements": 10, "percent_covered": 100.0, "percent_covered_display": "100.00", "missing_lines": 0, "excluded_lines": 0}, "missing_lines": [], "excluded_lines": []}, "param": {"executed_lines": [171, 172, 176, 203], "summary": {"covered_lines": 4, "num_statements": 4, "percent_covered": 100.0, "percent_covered_display": "100.00", "missing_lines": 0, "excluded_lines": 1}, "missing_lines": [], "excluded_lines": [142]}, "param.decorator": {"executed_lines": [178, 191, 192, 194, 196, 201], "summary": {"covered_lines": 6, "num_statements": 6, "percent_covered": 100.0, "percent_covered_display": "100.00", "missing_lines": 0, "excluded_lines": 0}, "missing_lines": [], "excluded_lines": []}, "data_provider": {"executed_lines": [247, 272], "summary": {"covered_lines": 2, "num_statements": 2, "percent_covered": 100.0, "percent_covered_display": "100.00", "missing_lines": 0, "excluded_lines": 0}, "missing_lines": [], "excluded_lines": []}, "data_provider.decorator": {"executed_lines": [249, 258, 261, 262, 264, 270], "summary": {"covered_lines": 6, "num_statements": 6, "percent_covered": 100.0, "percent_covered_display": "100.00", "missing_lines": 0, "excluded_lines": 0}, "missing_lines": [], "excluded_lines": []}, "with_request_context": {"executed_lines": [296, 298, 300, 301, 349], "summary": {"covered_lines": 5, "num_statements": 5, "percent_covered": 100.0, "percent_covered_display": "100.00", "missing_lines": 0, "excluded_lines": 0}, "missing_lines": [], "excluded_lines": []}, "with_request_context.wrapper": {"executed_lines": [302, 304, 307, 315, 317, 323], "summary": {"covered_lines": 6, "num_statements": 17, "percent_covered": 35.294117647058826, "percent_covered_display": "35.29", "missing_lines": 11, "excluded_lines": 0}, "missing_lines": [308, 309, 325, 327, 328, 333, 335, 336, 341, 343, 344], "excluded_lines": []}, "require_platform_admin": {"executed_lines": [370, 372, 373, 402], "summary": {"covered_lines": 4, "num_statements": 4, "percent_covered": 100.0, "percent_covered_display": "100.00", "missing_lines": 0, "excluded_lines": 0}, "missing_lines": [], "excluded_lines": []}, "require_platform_admin.wrapper": {"executed_lines": [], "summary": {"covered_lines": 0, "num_statements": 9, "percent_covered": 0.0, "percent_covered_display": "0.00", "missing_lines": 9, "excluded_lines": 0}, "missing_lines": [375, 377, 378, 379, 385, 386, 389, 390, 400], "excluded_lines": []}, "": {"executed_lines": [1, 6, 7, 8, 9, 11, 13, 16, 19, 132, 206, 277, 352], "summary": {"covered_lines": 12, "num_statements": 12, "percent_covered": 100.0, "percent_covered_display": "100.00", "missing_lines": 0, "excluded_lines": 0}, "missing_lines": [], "excluded_lines": []}}, "classes": {"": {"executed_lines": [1, 6, 7, 8, 9, 11, 13, 16, 19, 80, 81, 82, 83, 85, 90, 91, 92, 93, 96, 114, 117, 118, 120, 127, 129, 132, 171, 172, 176, 178, 191, 192, 194, 196, 201, 203, 206, 247, 249, 258, 261, 262, 264, 270, 272, 277, 296, 298, 300, 301, 302, 304, 307, 315, 317, 323, 349, 352, 370, 372, 373, 402], "summary": {"covered_lines": 61, "num_statements": 81, "percent_covered": 75.3086419
[...]
, 510, 512, 515, 538, 550, 553, 555, 557, 559, 562], "summary": {"covered_lines": 94, "num_statements": 177, "percent_covered": 53.10734463276836, "percent_covered_display": "53.11", "missing_lines": 83, "excluded_lines": 2}, "missing_lines": [50, 87, 103, 104, 108, 110, 111, 112, 138, 139, 140, 141, 143, 149, 150, 151, 154, 155, 161, 162, 168, 192, 200, 211, 212, 216, 218, 219, 220, 234, 236, 237, 239, 241, 244, 245, 247, 249, 254, 256, 257, 258, 291, 292, 293, 316, 325, 326, 327, 340, 341, 345, 349, 351, 352, 356, 358, 359, 360, 379, 381, 384, 385, 386, 390, 417, 421, 422, 424, 429, 431, 435, 436, 438, 443, 445, 447, 452, 486, 488, 535, 572, 573], "excluded_lines": [15, 16], "functions": {"TableStorageService.__init__": {"executed_lines": [42, 43, 45, 46, 49, 53, 54, 59, 60, 61, 62, 64], "summary": {"covered_lines": 12, "num_statements": 13, "percent_covered": 92.3076923076923, "percent_covered_display": "92.31", "missing_lines": 1, "excluded_lines": 0}, "missing_lines": [50], "excluded_lines": []}, "TableStorageService.insert_entity": {"executed_lines": [84, 86, 89, 91, 94, 96, 101], "summary": {"covered_lines": 7, "num_statements": 14, "percent_covered": 50.0, "percent_covered_display": "50.00", "missing_lines": 7, "excluded_lines": 0}, "missing_lines": [87, 103, 104, 108, 110, 111, 112], "excluded_lines": []}, "TableStorageService._apply_partition_key": {"executed_lines": [134, 135], "summary": {"covered_lines": 2, "num_statements": 15, "percent_covered": 13.333333333333334, "percent_covered_display": "13.33", "missing_lines": 13, "excluded_lines": 0}, "missing_lines": [138, 139, 140, 141, 143, 149, 150, 151, 154, 155, 161, 162, 168], "excluded_lines": []}, "TableStorageService.update_entity": {"executed_lines": [189, 191, 194, 196, 199, 202, 204, 209], "summary": {"covered_lines": 8, "num_statements": 16, "percent_covered": 50.0, "percent_covered_display": "50.00", "missing_lines": 8, "excluded_lines": 0}, "missing_lines": [192, 200, 211, 212, 216, 218, 219, 220], "excluded_lines": []}, "TableStorageService.upsert_entity": {"executed_lines": [], "summary": {"covered_lines": 0, "num_statements": 13, "percent_covered": 0.0, "percent_covered_display": "0.00", "missing_lines": 13, "excluded_lines": 0}, "missing_lines": [234, 236, 237, 239, 241, 244, 245, 247, 249, 254, 256, 257, 258], "excluded_lines": []}, "TableStorageService.get_entity": {"executed_lines": [271, 272, 277, 279, 283, 285, 286, 289], "summary": {"covered_lines": 8, "num_statements": 11, "percent_covered": 72.72727272727273, "percent_covered_display": "72.73", "missing_lines": 3, "excluded_lines": 0}, "missing_lines": [291, 292, 293], "excluded_lines": []}, "TableStorageService.query_entities": {"executed_lines": [308, 310, 311, 322, 323], "summary": {"covered_lines": 5, "num_statements": 9, "percent_covered": 55.55555555555556, "percent_covered_display": "55.56", "missing_lines": 4, "excluded_lines": 0}, "missing_lines": [316, 325, 326, 327], "excluded_lines": []}, "TableStorageService.delete_entity": {"executed_lines": [], "summary": {"covered_lines": 0, "num_statements": 10, "percent_covered": 0.0, "percent_covered_display": "0.00", "missing_lines": 10, "excluded_lines": 0}, "missing_lines": [340, 341, 345, 349, 351, 352, 356, 358, 359, 360], "excluded_lines": []}, "TableStorageService.query_by_org": {"executed_lines": [], "summary": {"covered_lines": 0, "num_statements": 6, "percent_covered": 0.0, "percent_covered_display": "0.00", "missing_lines": 6, "excluded_lines": 0}, "missing_lines": [379, 381, 384, 385, 386, 390], "excluded_lines": []}, "TableStorageService.insert_dual_indexed": {"executed_lines": [], "summary": {"covered_lines": 0, "num_statements": 13, "percent_covered": 0.0, "percent_covered_display": "0.00", "missing_lines": 13, "excluded_lines": 0}, "missing_lines": [417, 421, 422, 424, 429, 431, 435, 436, 438, 443, 445, 447, 452], "excluded_lines": []}, "TableStorageService._serialize_datetime_fields": {"executed_lines": [458, 459, 460, 461, 463, 464], "summary": {"covered_lines": 6, "num_statements": 6, "percent_covered": 100.0, "percent_covered_display": "100.00", "missing_lines": 0, "excluded_lines": 0}, "missing_lines": [], "excluded_lines": []}, "TableStorageService._deserialize_datetime_fields": {"executed_lines": [469, 479, 480, 481, 482, 484, 490, 492], "summary": {"covered_lines": 8, "num_statements": 10, "percent_covered": 80.0, "percent_covered_display": "80.00", "missing_lines": 2, "excluded_lines": 0}, "missing_lines": [486, 488], "excluded_lines": []}, "get_table_storage_service": {"executed_lines": [509, 510, 512], "summary": {"covered_lines": 3, "num_statements": 3, "percent_covered": 100.0, "percent_covered_display": "100.00", "missing_lines": 0, "excluded_lines": 0}, "missing_lines": [], "excluded_lines": []}, "get_table_service": {"executed_lines": [], "summary": {"covered_lines": 0, "num_statements": 1, "percent_covered": 0.0, "percent_covered_display": "0.00", "missing_lines": 1, "excluded_lines": 0}, "missing_lines": [535], "excluded_lines": []}, "get_organization": {"executed_lines": [550, 553, 555, 557, 559], "summary": {"covered_lines": 5, "num_statements": 5, "percent_covered": 100.0, "percent_covered_display": "100.00", "missing_lines": 0, "excluded_lines": 0}, "missing_lines": [], "excluded_lines": []}, "get_org_config": {"executed_lines": [], "summary": {"covered_lines": 0, "num_statements": 2, "percent_covered": 0.0, "percent_covered_display": "0.00", "missing_lines": 2, "excluded_lines": 0}, "missing_lines": [572, 573], "excluded_lines": []}, "": {"executed_lines": [1, 6, 7, 8, 9, 10, 12, 13, 15, 18, 21, 22, 23, 24, 27, 28, 33, 69, 114, 174, 222, 260, 295, 329, 364, 392, 456, 466, 496, 499, 515, 538, 562], "summary": {"covered_lines": 30, "num_statements": 30, "percent_covered": 100.0, "percent_covered_display": "100.00", "missing_lines": 0, "excluded_lines": 2}, "missing_lines": [], "excluded_lines": [15, 16]}}, "classes": {"TableStorageService": {"executed_lines": [42, 43, 45, 46, 49, 53, 54, 59, 60, 61, 62, 64, 84, 86, 89, 91, 94, 96, 101, 134, 135, 189, 191, 194, 196, 199, 202, 204, 209, 271, 272, 277, 279, 283, 285, 286, 289, 308, 310, 311, 322, 323, 458, 459, 460, 461, 463, 464, 469, 479, 480, 481, 482, 484, 490, 492], "summary": {"covered_lines": 56, "num_statements": 136, "percent_covered": 41.1764705882353, "percent_covered_display": "41.18", "missing_lines": 80, "excluded_lines": 0}, "missing_lines": [50, 87, 103, 104, 108, 110, 111, 112, 138, 139, 140, 141, 143, 149, 150, 151, 154, 155, 161, 162, 168, 192, 200, 211, 212, 216, 218, 219, 220, 234, 236, 237, 239, 241, 244, 245, 247, 249, 254, 256, 257, 258, 291, 292, 293, 316, 325, 326, 327, 340, 341, 345, 349, 351, 352, 356, 358, 359, 360, 379, 381, 384, 385, 386, 390, 417, 421, 422, 424, 429, 431, 435, 436, 438, 443, 445, 447, 452, 486, 488], "excluded_lines": []}, "": {"executed_lines": [1, 6, 7, 8, 9, 10, 12, 13, 15, 18, 21, 22, 23, 24, 27, 28, 33, 69, 114, 174, 222, 260, 295, 329, 364, 392, 456, 466, 496, 499, 509, 510, 512, 515, 538, 550, 553, 555, 557, 559, 562], "summary": {"covered_lines": 38, "num_statements": 41, "percent_covered": 92.6829268292683, "percent_covered_display": "92.68", "missing_lines": 3, "excluded_lines": 2}, "missing_lines": [535, 572, 573], "excluded_lines": [15, 16]}}}, "shared/user_lookup.py": {"executed_lines": [1, 8, 10, 11, 13, 16, 32, 35, 37, 39, 40, 43, 46, 48, 49, 56, 59, 60, 61, 62, 63, 64, 65, 66, 70, 82, 83, 84, 86, 87, 89, 91, 93, 94, 95], "summary": {"covered_lines": 34, "num_statements": 36, "percent_covered": 94.44444444444444, "percent_covered_display": "94.44", "missing_lines": 2, "excluded_lines": 0}, "missing_lines": [41, 42], "excluded_lines": [], "functions": {"ensure_user_exists_in_db": {"executed_lines": [32, 35, 37, 39, 40, 43, 46, 48, 49, 56, 59, 60, 61, 62, 63, 64, 65, 66], "summary": {"covered_lines": 18, "num_statements": 20, "percent_covered": 90.0, "percent_covered_display": "90.00", "missing_lines": 2, "excluded_lines": 0}, "missing_lines": [41, 42], "excluded_lines": []}, "get_user_organization": {"executed_lines": [82, 83, 84, 86, 87, 89, 91, 93, 94, 95], "summary": {"covered_lines": 10, "num_statements": 10, "percent_covered": 100.0, "percent_covered_display": "100.00", "missing_lines": 0, "excluded_lines": 0}, "missing_lines": [], "excluded_lines": []}, "": {"executed_lines": [1, 8, 10, 11, 13, 16, 70], "summary": {"covered_lines": 6, "num_statements": 6, "percent_covered": 100.0, "percent_covered_display": "100.00", "missing_lines": 0, "excluded_lines": 0}, "missing_lines": [], "excluded_lines": []}}, "classes": {"": {"executed_lines": [1, 8, 10, 11, 13, 16, 32, 35, 37, 39, 40, 43, 46, 48, 49, 56, 59, 60, 61, 62, 63, 64, 65, 66, 70, 82, 83, 84, 86, 87, 89, 91, 93, 94, 95], "summary": {"covered_lines": 34, "num_statements": 36, "percent_covered": 94.44444444444444, "percent_covered_display": "94.44", "missing_lines": 2, "excluded_lines": 0}, "missing_lines": [41, 42], "excluded_lines": []}}}, "shared/user_provisioning.py": {"executed_lines": [1, 16, 17, 19, 20, 21, 23, 26, 27, 29, 36, 37, 38, 39, 41, 42, 44, 45, 46, 48, 49, 52, 73, 74, 76, 78, 81, 83, 85, 88, 89, 94, 95, 96, 97, 100, 101, 105, 107, 108, 114, 116, 124, 127, 128, 130, 132, 135, 138, 140, 142, 144, 151, 153, 158, 164, 167, 168, 171, 172, 174, 175, 176, 181, 184, 185, 192, 195, 201, 203, 208, 261, 267, 268, 269, 270, 271, 272], "summary": {"covered_lines": 76, "num_statements": 97, "percent_covered": 78.35051546391753, "percent_covered_display": "78.35", "missing_lines": 21, "excluded_lines": 0}, "missing_lines": [90, 91, 109, 110, 112, 224, 225, 227, 230, 232, 233, 234, 237, 238, 240, 241, 242, 247, 250, 256, 258], "excluded_lines": [], "functions": {"UserProvisioningResult.__init__": {"executed_lines": [36, 37, 38, 39], "summary": {"covered_lines": 4, "num_statements": 4, "percent_covered": 100.0, "percent_covered_display": "100.00", "missing_lines": 0, "excluded_lines": 0}, "missing_lines": [], "excluded_lines": []}, "UserProvisioningResult.roles": {"executed_lines": [44, 45, 46, 48, 49], "summary": {"covered_lines": 5, "num_statements": 5, "percent_covered": 100.0, "percent_covered_display": "100.00", "missing_lines": 0, "excluded_lines": 0}, "missing_lines": [], "excluded_lines": []}, "ensure_user_provisioned": {"executed_lines": [73, 74, 76, 78, 81, 83, 85, 88, 89, 94, 95, 96, 97, 100, 101, 105, 107, 108, 114, 116, 124, 127, 128, 130, 132, 135], "summary": {"covered_lines": 26, "num_statements": 31, "percent_covered": 83.87096774193549, "percent_covered_display": "83.87", "missing_lines": 5, "excluded_lines": 0}, "missing_lines": [90, 91, 109, 110, 112], "excluded_lines": []}, "_create_first_platform_admin": {"executed_lines": [140, 142, 144, 151, 153], "summary": {"covered_lines": 5, "num_statements": 5, "percent_covered": 100.0, "percent_covered_display": "100.00", "missing_lines": 0, "excluded_lines": 0}, "missing_lines": [], "excluded_lines": []}, "_provision_user_by_domain": {"executed_lines": [164, 167, 168, 171, 172, 174, 175, 176, 181, 184, 185, 192, 195, 201, 203], "summary": {"covered_lines": 15, "num_statements": 15, "percent_covered": 100.0, "percent_covered_display": "100.00", "missing_lines": 0, "excluded_lines": 0}, "missing_lines": [], "excluded_lines": []}, "_provision_org_relationship_by_domain": {"executed_lines": [], "summary": {"covered_lines": 0, "num_statements": 16, "percent_covered": 0.0, "percent_covered_display": "0.00", "missing_lines": 16, "excluded_lines": 0}, "missing_lines": [224, 225, 227, 230, 232, 233, 234, 237, 238, 240, 241, 242, 247, 250, 256, 258], "excluded_lines": []}, "_get_user_org_id": {"executed_lines": [267, 268, 269, 270, 271, 272], "summary": {"covered_lines": 6, "num_statements": 6, "percent_covered": 100.0, "percent_covered_display": "100.00", "missing_lines": 0, "excluded_lines": 0}, "missing_lines": [], "excluded_lines": []}, "": {"executed_lines": [1, 16, 17, 19, 20, 21, 23, 26, 27, 29, 41, 42, 52, 138, 158, 208, 261], "summary": {"covered_lines": 15, "num_statements": 15, "percent_covered": 100.0, "percent_covered_display": "100.00", "missing_lines": 0, "excluded_lines": 0}, "missing_lines": [], "excluded_lines": []}}, "classes": {"UserProvisioningResult": {"executed_lines": [36, 37, 38, 39, 44, 45, 46, 48, 49], "summary": {"covered_lines": 9, "num_statements": 9, "percent_covered": 100.0, "percent_covered_display": "100.00", "missing_lines": 0, "excluded_lines": 0}, "missing_lines": [], "excluded_lines": []}, "": {"executed_lines": [1, 16, 17, 19, 20, 21, 23, 26, 27, 29, 41, 42, 52, 73, 74, 76, 78, 81, 83, 85, 88, 89, 94, 95, 96, 97, 100, 101, 105, 107, 108, 114, 116, 124, 127, 128, 130, 132, 135, 138, 140, 142, 144, 151, 153, 158, 164, 167, 168, 171, 172, 174, 175, 176, 181, 184, 185, 192, 195, 201, 203, 208, 261, 267, 268, 269, 270, 271, 272], "summary": {"covered_lines": 67, "num_statements": 88, "percent_covered": 76.13636363636364, "percent_covered_display": "76.14", "missing_lines": 21, "excluded_lines": 0}, "missing_lines": [90, 91, 109, 110, 112, 224, 225, 227, 230, 232, 233, 234, 237, 238, 240, 241, 242, 247, 250, 256, 258], "excluded_lines": []}}}, "shared/validation.py": {"executed_lines": [1, 6, 8, 10, 13, 56, 86], "summary": {"covered_lines": 6, "num_statements": 19, "percent_covered": 31.57894736842105, "percent_covered_display": "31.58", "missing_lines": 13, "excluded_lines": 0}, "missing_lines": [27, 30, 31, 35, 42, 43, 47, 53, 74, 79, 98, 99, 105], "excluded_lines": [], "functions": {"validate_scope_parameter": {"executed_lines": [], "summary": {"covered_lines": 0, "num_statements": 8, "percent_covered": 0.0, "percent_covered_display": "0.00", "missing_lines": 8, "excluded_lines": 0}, "missing_lines": [27, 30, 31, 35, 42, 43, 47, 53], "excluded_lines": []}, "create_error_response": {"executed_lines": [], "summary": {"covered_lines": 0, "num_statements": 2, "percent_covered": 0.0, "percent_covered_display": "0.00", "missing_lines": 2, "excluded_lines": 0}, "missing_lines": [74, 79], "excluded_lines": []}, "check_key_vault_available": {"executed_lines": [], "summary": {"covered_lines": 0, "num_statements": 3, "percent_covered": 0.0, "percent_covered_display": "0.00", "missing_lines": 3, "excluded_lines": 0}, "missing_lines": [98, 99, 105], "excluded_lines": []}, "": {"executed_lines": [1, 6, 8, 10, 13, 56, 86], "summary": {"covered_lines": 6, "num_statements": 6, "percent_covered": 100.0, "percent_covered_display": "100.00", "missing_lines": 0, "excluded_lines": 0}, "missing_lines": [], "excluded_lines": []}}, "classes": {"": {"executed_lines": [1, 6, 8, 10, 13, 56, 86], "summary": {"covered_lines": 6, "num_statements": 19, "percent_covered": 31.57894736842105, "percent_covered_display": "31.58", "missing_lines": 13, "excluded_lines": 0}, "missing_lines": [27, 30, 31, 35, 42, 43, 47, 53, 74, 79, 98, 99, 105], "excluded_lines": []}}}, "shared/workflow_endpoint_utils.py": {"executed_lines": [1, 6, 7, 8, 10, 11, 12, 13, 15, 18, 32, 34, 35, 57, 59, 62, 126, 140, 142, 143, 145, 146, 149, 151], "summary": {"covered_lines": 23, "num_statements": 51, "percent_covered": 45.09803921568628, "percent_covered_display": "45.10", "missing_lines": 28, "excluded_lines": 0}, "missing_lines": [36, 37, 39, 40, 41, 42, 43, 45, 47, 48, 54, 86, 87, 90, 99, 100, 101, 102, 103, 106, 109, 117, 118, 119, 120, 121, 123, 147], "excluded_lines": [], "functions": {"coerce_parameter_types": {"executed_lines": [32, 34, 35, 57, 59], "summary": {"covered_lines": 5, "num_statements": 16, "percent_covered": 31.25, "percent_covered_display": "31.25", "missing_lines": 11, "excluded_lines": 0}, "missing_lines": [36, 37, 39, 40, 41, 42, 43, 45, 47, 48, 54], "excluded_lines": []}, "record_workflow_execution_result": {"executed_lines": [], "summary": {"covered_lines": 0, "num_statements": 16, "percent_covered": 0.0, "percent_covered_display": "0.00", "missing_lines": 16, "excluded_lines": 0}, "missing_lines": [86, 87, 90, 99, 100, 101, 102, 103, 106, 109, 117, 118, 119, 120, 121, 123], "excluded_lines": []}, "separate_workflow_params": {"executed_lines": [140, 142, 143, 145, 146, 149, 151], "summary": {"covered_lines": 7, "num_statements": 8, "percent_covered": 87.5, "percent_covered_display": "87.50", "missing_lines": 1, "excluded_lines": 0}, "missing_lines": [147], "excluded_lines": []}, "": {"executed_lines": [1, 6, 7, 8, 10, 11, 12, 13, 15, 18, 62, 126], "summary": {"covered_lines": 11, "num_statements": 11, "percent_covered": 100.0, "percent_covered_display": "100.00", "missing_lines": 0, "excluded_lines": 0}, "missing_lines": [], "excluded_lines": []}}, "classes": {"": {"executed_lines": [1, 6, 7, 8, 10, 11, 12, 13, 15, 18, 32, 34, 35, 57, 59, 62, 126, 140, 142, 143, 145, 146, 149, 151], "summary": {"covered_lines": 23, "num_statements": 51, "percent_covered": 45.09803921568628, "percent_covered_display": "45.10", "missing_lines": 28, "excluded_lines": 0}, "missing_lines": [36, 37, 39, 40, 41, 42, 43, 45, 47, 48, 54, 86, 87, 90, 99, 100, 101, 102, 103, 106, 109, 117, 118, 119, 120, 121, 123, 147], "excluded_lines": []}}}, "shared/workflow_keys.py": {"executed_lines": [1, 7, 8, 9, 10, 12, 13, 15, 17, 51, 149, 187], "summary": {"covered_lines": 11, "num_statements": 71, "percent_covered": 15.492957746478874, "percent_covered_display": "15.49", "missing_lines": 60, "excluded_lines": 0}, "missing_lines": [34, 37, 39, 48, 76, 78, 80, 85, 88, 89, 91, 93, 96, 97, 100, 103, 105, 108, 109, 110, 114, 115, 116, 120, 121, 123, 124, 127, 130, 131, 134, 137, 138, 140, 142, 143, 144, 146, 163, 164, 168, 169, 171, 172, 174, 175, 176, 178, 180, 182, 184, 203, 204, 209, 211, 212, 214, 216, 225, 227], "excluded_lines": [], "functions": {"generate_workflow_key": {"executed_lines": [], "summary": {"covered_lines": 0, "num_statements": 4, "percent_covered": 0.0, "percent_covered_display": "0.00", "missing_lines": 4, "excluded_lines": 0}, "missing_lines": [34, 37, 39, 48], "excluded_lines": []}, "validate_workflow_key": {"executed_lines": [], "summary": {"covered_lines": 0, "num_statements": 34, "percent_covered": 0.0, "percent_covered_display": "0.00", "missing_lines": 34, "excluded_lines": 0}, "missing_lines": [76, 78, 80, 85, 88, 89, 91, 93, 96, 97, 100, 103, 105, 108, 109, 110, 114, 115, 116, 120, 121, 123, 124, 127, 130, 131, 134, 137, 138, 140, 142, 143, 144, 146], "excluded_lines": []}, "revoke_workflow_key": {"executed_lines": [], "summary": {"covered_lines": 0, "num_statements": 13, "percent_covered": 0.0, "percent_covered_display": "0.00", "missing_lines": 13, "excluded_lines": 0}, "missing_lines": [163, 164, 168, 169, 171, 172, 174, 175, 176, 178, 180, 182, 184], "excluded_lines": []}, "list_workflow_keys": {"executed_lines": [], "summary": {"covered_lines": 0, "num_statements": 9, "percent_covered": 0.0, "percent_covered_display": "0.00", "missing_lines": 9, "excluded_lines": 0}, "missing_lines": [203, 204, 209, 211, 212, 214, 216, 225, 227], "excluded_lines": []}, "": {"executed_lines": [1, 7, 8, 9, 10, 12, 13, 15, 17, 51, 149, 187], "summary": {"covered_lines": 11, "num_statements": 11, "percent_covered": 100.0, "percent_covered_display": "100.00", "missing_lines": 0, "excluded_lines": 0}, "missing_lines": [], "excluded_lines": []}}, "classes": {"": {"executed_lines": [1, 7, 8, 9, 10, 12, 13, 15, 17, 51, 149, 187], "summary": {"covered_lines": 11, "num_statements": 71, "percent_covered": 15.492957746478874, "percent_covered_display": "15.49", "missing_lines": 60, "excluded_lines": 0}, "missing_lines": [34, 37, 39, 48, 76, 78, 80, 85, 88, 89, 91, 93, 96, 97, 100, 103, 105, 108, 109, 110, 114, 115, 116, 120, 121, 123, 124, 127, 130, 131, 134, 137, 138, 140, 142, 143, 144, 146, 163, 164, 168, 169, 171, 172, 174, 175, 176, 178, 180, 182, 184, 203, 204, 209, 211, 212, 214, 216, 225, 227], "excluded_lines": []}}}}, "totals": {"covered_lines": 4593, "num_statements": 5934, "percent_covered": 77.40141557128412, "percent_covered_display": "77.40", "missing_lines": 1341, "excluded_lines": 242}}