{"meta": {"format": 3, "version": "7.11.0", "timestamp": "2025-10-19T16:11:52.006841", "branch_coverage": false, "show_contexts": false}, "files": {"bifrost.py": {"executed_lines": [1, 15, 16, 17, 25], "summary": {"covered_lines": 4, "num_statements": 4, "percent_covered": 100.0, "percent_covered_display": "100.00", "missing_lines": 0, "excluded_lines": 0}, "missing_lines": [], "excluded_lines": [], "functions": {"": {"executed_lines": [1, 15, 16, 17, 25], "summary": {"covered_lines": 4, "num_statements": 4, "percent_covered": 100.0, "percent_covered_display": "100.00", "missing_lines": 0, "excluded_lines": 0}, "missing_lines": [], "excluded_lines": []}}, "classes": {"": {"executed_lines": [1, 15, 16, 17, 25], "summary": {"covered_lines": 4, "num_statements": 4, "percent_covered": 100.0, "percent_covered_display": "100.00", "missing_lines": 0, "excluded_lines": 0}, "missing_lines": [], "excluded_lines": []}}}, "functions/__init__.py": {"executed_lines": [0], "summary": {"covered_lines": 0, "num_statements": 0, "percent_covered": 100.0, "percent_covered_display": "100.00", "missing_lines": 0, "excluded_lines": 0}, "missing_lines": [], "excluded_lines": [], "functions": {"": {"executed_lines": [], "summary": {"covered_lines": 0, "num_statements": 0, "percent_covered": 100.0, "percent_covered_display": "100.00", "missing_lines": 0, "excluded_lines": 0}, "missing_lines": [], "excluded_lines": []}}, "classes": {"": {"executed_lines": [], "summary": {"covered_lines": 0, "num_statements": 0, "percent_covered": 100.0, "percent_covered_display": "100.00", "missing_lines": 0, "excluded_lines": 0}, "missing_lines": [], "excluded_lines": []}}}, "functions/data_providers.py": {"executed_lines": [1, 6, 7, 8, 9, 11, 12, 14, 15, 16, 17, 18, 20, 23, 27, 30, 31, 53, 54, 228, 229, 230, 233, 234, 242], "summary": {"covered_lines": 23, "num_statements": 70, "percent_covered": 32.857142857142854, "percent_covered_display": "32.86", "missing_lines": 47, "excluded_lines": 1}, "missing_lines": [84, 86, 87, 88, 92, 97, 100, 101, 103, 104, 105, 109, 116, 117, 120, 121, 122, 124, 125, 126, 129, 130, 131, 132, 142, 143, 144, 153, 156, 157, 161, 162, 166, 168, 178, 185, 191, 192, 201, 207, 214, 221, 258, 259, 262, 272, 276], "excluded_lines": [55], "functions": {"get_data_provider_options": {"executed_lines": [], "summary": {"covered_lines": 0, "num_statements": 42, "percent_covered": 0.0, "percent_covered_display": "0.00", "missing_lines": 42, "excluded_lines": 1}, "missing_lines": [84, 86, 87, 88, 92, 97, 100, 101, 103, 104, 105, 109, 116, 117, 120, 121, 122, 124, 125, 126, 129, 130, 131, 132, 142, 143, 144, 153, 156, 157, 161, 162, 166, 168, 178, 185, 191, 192, 201, 207, 214, 221], "excluded_lines": [55]}, "list_data_providers": {"executed_lines": [], "summary": {"covered_lines": 0, "num_statements": 5, "percent_covered": 0.0, "percent_covered_display": "0.00", "missing_lines": 5, "excluded_lines": 0}, "missing_lines": [258, 259, 262, 272, 276], "excluded_lines": []}, "": {"executed_lines": [1, 6, 7, 8, 9, 11, 12, 14, 15, 16, 17, 18, 20, 23, 27, 30, 31, 53, 54, 228, 229, 230, 233, 234, 242], "summary": {"covered_lines": 23, "num_statements": 23, "percent_covered": 100.0, "percent_covered_display": "100.00", "missing_lines": 0, "excluded_lines": 0}, "missing_lines": [], "excluded_lines": []}}, "classes": {"DataProviderListResponse": {"executed_lines": [], "summary": {"covered_lines": 0, "num_statements": 0, "percent_covered": 100.0, "percent_covered_display": "100.00", "missing_lines": 0, "excluded_lines": 0}, "missing_lines": [], "excluded_lines": []}, "": {"executed_lines": [1, 6, 7, 8, 9, 11, 12, 14, 15, 16, 17, 18, 20, 23, 27, 30, 31, 53, 54, 228, 229, 230, 233, 234, 242], "summary": {"covered_lines": 23, "num_statements": 70, "percent_covered": 32.857142857142854, "percent_covered_display": "32.86", "missing_lines": 47, "excluded_lines": 1}, "missing_lines": [84, 86, 87, 88, 92, 97, 100, 101, 103, 104, 105, 109, 116, 117, 120, 121, 122, 124, 125, 126, 129, 130, 131, 132, 142, 143, 144, 153, 156, 157, 161, 162, 166, 168, 178, 185, 191, 192, 201, 207, 214, 221, 258, 259, 262, 272, 276], "excluded_lines": [55]}}}, "functions/discovery.py": {"executed_lines": [1, 6, 7, 9, 11, 12, 13, 14, 16, 19, 22, 23, 31, 32, 43, 44, 46, 48, 51, 52, 54, 55, 56, 64, 66, 68, 69, 70, 71, 73, 76, 95, 98, 99, 100, 107, 110, 115, 120], "summary": {"covered_lines": 38, "num_statements": 44, "percent_covered": 86.36363636363636, "percent_covered_display": "86.36", "missing_lines": 6, "excluded_lines": 0}, "missing_lines": [65, 67, 126, 127, 129, 134], "excluded_lines": [], "functions": {"get_discovery_metadata": {"executed_lines": [43, 44, 46, 48, 51, 52, 54, 55, 56, 64, 66, 68, 69, 70, 71, 73, 76, 95, 98, 99, 100, 107, 110, 115, 120], "summary": {"covered_lines": 25, "num_statements": 31, "percent_covered": 80.64516129032258, "percent_covered_display": "80.65", "missing_lines": 6, "excluded_lines": 0}, "missing_lines": [65, 67, 126, 127, 129, 134], "excluded_lines": []}, "": {"executed_lines": [1, 6, 7, 9, 11, 12, 13, 14, 16, 19, 22, 23, 31, 32], "summary": {"covered_lines": 13, "num_statements": 13, "percent_covered": 100.0, "percent_covered_display": "100.00", "missing_lines": 0, "excluded_lines": 0}, "missing_lines": [], "excluded_lines": []}}, "classes": {"": {"executed_lines": [1, 6, 7, 9, 11, 12, 13, 14, 16, 19, 22, 23, 31, 32, 43, 44, 46, 48, 51, 52, 54, 55, 56, 64, 66, 68, 69, 70, 71, 73, 76, 95, 98, 99, 100, 107, 110, 115, 120], "summary": {"covered_lines": 38, "num_statements": 44, "percent_covered": 86.36363636363636, "percent_covered_display": "86.36", "missing_lines": 6, "excluded_lines": 0}, "missing_lines": [65, 67, 126, 127, 129, 134], "excluded_lines": []}}}, "functions/endpoints.py": {"executed_lines": [1, 6, 7, 8, 10, 12, 13, 14, 15, 16, 17, 18, 24, 27, 30, 31, 32, 46, 47], "summary": {"covered_lines": 18, "num_statements": 82, "percent_covered": 21.951219512195124, "percent_covered_display": "21.95", "missing_lines": 64, "excluded_lines": 1}, "missing_lines": [82, 84, 86, 87, 90, 93, 94, 96, 97, 98, 102, 109, 110, 112, 113, 114, 118, 125, 126, 127, 137, 138, 139, 147, 157, 159, 162, 163, 164, 165, 168, 170, 171, 172, 176, 183, 184, 187, 188, 196, 207, 210, 213, 216, 218, 220, 230, 242, 243, 246, 249, 250, 253, 256, 265, 274, 280, 282, 291, 301, 307, 309, 318, 329], "excluded_lines": [48], "functions": {"execute_workflow_endpoint": {"executed_lines": [], "summary": {"covered_lines": 0, "num_statements": 64, "percent_covered": 0.0, "percent_covered_display": "0.00", "missing_lines": 64, "excluded_lines": 1}, "missing_lines": [82, 84, 86, 87, 90, 93, 94, 96, 97, 98, 102, 109, 110, 112, 113, 114, 118, 125, 126, 127, 137, 138, 139, 147, 157, 159, 162, 163, 164, 165, 168, 170, 171, 172, 176, 183, 184, 187, 188, 196, 207, 210, 213, 216, 218, 220, 230, 242, 243, 246, 249, 250, 253, 256, 265, 274, 280, 282, 291, 301, 307, 309, 318, 329], "excluded_lines": [48]}, "": {"executed_lines": [1, 6, 7, 8, 10, 12, 13, 14, 15, 16, 17, 18, 24, 27, 30, 31, 32, 46, 47], "summary": {"covered_lines": 18, "num_statements": 18, "percent_covered": 100.0, "percent_covered_display": "100.00", "missing_lines": 0, "excluded_lines": 0}, "missing_lines": [], "excluded_lines": []}}, "classes": {"": {"executed_lines": [1, 6, 7, 8, 10, 12, 13, 14, 15, 16, 17, 18, 24, 27, 30, 31, 32, 46, 47], "summary": {"covered_lines": 18, "num_statements": 82, "percent_covered": 21.951219512195124, "percent_covered_display": "21.95", "missing_lines": 64, "excluded_lines": 1}, "missing_lines": [82, 84, 86, 87, 90, 93, 94, 96, 97, 98, 102, 109, 110, 112, 113, 114, 118, 125, 126, 127, 137, 138, 139, 147, 157, 159, 162, 163, 164, 165, 168, 170, 171, 172, 176, 183, 184, 187, 188, 196, 207, 210, 213, 216, 218, 220, 230, 242, 243, 246, 249, 250, 253, 256, 265, 274, 280, 282, 291, 301, 307, 309, 318, 329], "excluded_lines": [48]}}}, "functions/executions.py": {"executed_lines": [1, 7, 8, 10, 12, 13, 14, 15, 16, 17, 19, 22, 25, 26, 27, 52, 53, 148, 149, 150, 164, 165, 265, 272], "summary": {"covered_lines": 23, "num_statements": 96, "percent_covered": 23.958333333333332, "percent_covered_display": "23.96", "missing_lines": 73, "excluded_lines": 0}, "missing_lines": [66, 67, 70, 71, 72, 75, 78, 82, 83, 85, 87, 94, 95, 98, 102, 103, 105, 106, 107, 108, 109, 110, 113, 126, 128, 130, 136, 137, 138, 173, 174, 177, 180, 181, 191, 192, 194, 195, 205, 208, 209, 210, 220, 221, 222, 225, 226, 228, 230, 231, 235, 236, 237, 238, 242, 243, 244, 245, 247, 253, 254, 255, 269, 282, 283, 285, 286, 288, 290, 291, 292, 293, 296], "excluded_lines": [], "functions": {"list_executions": {"executed_lines": [], "summary": {"covered_lines": 0, "num_statements": 24, "percent_covered": 0.0, "percent_covered_display": "0.00", "missing_lines": 24, "excluded_lines": 0}, "missing_lines": [66, 67, 70, 71, 72, 75, 78, 82, 83, 85, 87, 94, 95, 98, 102, 103, 105, 113, 126, 128, 130, 136, 137, 138], "excluded_lines": []}, "list_executions.to_iso": {"executed_lines": [], "summary": {"covered_lines": 0, "num_statements": 5, "percent_covered": 0.0, "percent_covered_display": "0.00", "missing_lines": 5, "excluded_lines": 0}, "missing_lines": [106, 107, 108, 109, 110], "excluded_lines": []}, "get_execution": {"executed_lines": [], "summary": {"covered_lines": 0, "num_statements": 33, "percent_covered": 0.0, "percent_covered_display": "0.00", "missing_lines": 33, "excluded_lines": 0}, "missing_lines": [173, 174, 177, 180, 181, 191, 192, 194, 195, 205, 208, 209, 210, 220, 221, 222, 225, 226, 228, 230, 231, 235, 236, 237, 238, 242, 243, 244, 245, 247, 253, 254, 255], "excluded_lines": []}, "_map_status_to_frontend": {"executed_lines": [], "summary": {"covered_lines": 0, "num_statements": 1, "percent_covered": 0.0, "percent_covered_display": "0.00", "missing_lines": 1, "excluded_lines": 0}, "missing_lines": [269], "excluded_lines": []}, "_determine_result_type": {"executed_lines": [], "summary": {"covered_lines": 0, "num_statements": 10, "percent_covered": 0.0, "percent_covered_display": "0.00", "missing_lines": 10, "excluded_lines": 0}, "missing_lines": [282, 283, 285, 286, 288, 290, 291, 292, 293, 296], "excluded_lines": []}, "": {"executed_lines": [1, 7, 8, 10, 12, 13, 14, 15, 16, 17, 19, 22, 25, 26, 27, 52, 53, 148, 149, 150, 164, 165, 265, 272], "summary": {"covered_lines": 23, "num_statements": 23, "percent_covered": 100.0, "percent_covered_display": "100.00", "missing_lines": 0, "excluded_lines": 0}, "missing_lines": [], "excluded_lines": []}}, "classes": {"": {"executed_lines": [1, 7, 8, 10, 12, 13, 14, 15, 16, 17, 19, 22, 25, 26, 27, 52, 53, 148, 149, 150, 164, 165, 265, 272], "summary": {"covered_lines": 23, "num_statements": 96, "percent_covered": 23.958333333333332, "percent_covered_display": "23.96", "missing_lines": 73, "excluded_lines": 0}, "missing_lines": [66, 67, 70, 71, 72, 75, 78, 82, 83, 85, 87, 94, 95, 98, 102, 103, 105, 106, 107, 108, 109, 110, 113, 126, 128, 130, 136, 137, 138, 173, 174, 177, 180, 181, 191, 192, 194, 195, 205, 208, 209, 210, 220, 221, 222, 225, 226, 228, 230, 231, 235, 236, 237, 238, 242, 243, 244, 245, 247, 253, 254, 255, 269, 282, 283, 285, 286, 288, 290, 291, 292, 293, 296], "excluded_lines": []}}}, "functions/file_uploads.py": {"executed_lines": [1, 6, 7, 9, 11, 12, 13, 14, 15, 17, 20, 23, 24, 25, 41, 42], "summary": {"covered_lines": 15, "num_statements": 35, "percent_covered": 42.857142857142854, "percent_covered_display": "42.86", "missing_lines": 20, "excluded_lines": 1}, "missing_lines": [70, 71, 73, 75, 76, 78, 91, 95, 104, 110, 119, 125, 126, 134, 140, 142, 146, 155, 156, 161], "excluded_lines": [43], "functions": {"generate_file_upload_url": {"executed_lines": [], "summary": {"covered_lines": 0, "num_statements": 20, "percent_covered": 0.0, "percent_covered_display": "0.00", "missing_lines": 20, "excluded_lines": 1}, "missing_lines": [70, 71, 73, 75, 76, 78, 91, 95, 104, 110, 119, 125, 126, 134, 140, 142, 146, 155, 156, 161], "excluded_lines": [43]}, "": {"executed_lines": [1, 6, 7, 9, 11, 12, 13, 14, 15, 17, 20, 23, 24, 25, 41, 42], "summary": {"covered_lines": 15, "num_statements": 15, "percent_covered": 100.0, "percent_covered_display": "100.00", "missing_lines": 0, "excluded_lines": 0}, "missing_lines": [], "excluded_lines": []}}, "classes": {"": {"executed_lines": [1, 6, 7, 9, 11, 12, 13, 14, 15, 17, 20, 23, 24, 25, 41, 42], "summary": {"covered_lines": 15, "num_statements": 35, "percent_covered": 42.857142857142854, "percent_covered_display": "42.86", "missing_lines": 20, "excluded_lines": 1}, "missing_lines": [70, 71, 73, 75, 76, 78, 91, 95, 104, 110, 119, 125, 126, 134, 140, 142, 146, 155, 156, 161], "excluded_lines": [43]}}}, "functions/forms.py": {"executed_lines": [1, 7, 8, 9, 11, 12, 14, 15, 16, 17, 18, 26, 27, 29, 32, 35, 91, 92, 93, 101, 102, 142, 143, 144, 153, 154, 155, 250, 251, 252, 266, 267, 346, 347, 348, 363, 364, 365, 494, 495, 496, 509, 510, 511, 551, 552, 553, 568, 569, 570, 784, 785, 786, 800, 801, 802], "summary": {"covered_lines": 55, "num_statements": 357, "percent_covered": 15.406162464985995, "percent_covered_display": "15.41", "missing_lines": 302, "excluded_lines": 0}, "missing_lines": [55, 57, 60, 61, 62, 64, 65, 68, 69, 71, 72, 73, 75, 76, 78, 79, 81, 82, 88, 111, 112, 114, 116, 119, 121, 123, 129, 130, 131, 135, 162, 163, 165, 167, 168, 171, 177, 178, 179, 183, 190, 191, 196, 198, 204, 205, 207, 208, 209, 210, 211, 212, 214, 219, 225, 226, 227, 231, 237, 238, 239, 243, 274, 275, 277, 279, 281, 283, 284, 286, 287, 288, 292, 300, 301, 302, 306, 313, 314, 315, 319, 325, 327, 333, 334, 335, 339, 372, 373, 374, 376, 378, 380, 381, 384, 385, 387, 388, 389, 393, 401, 402, 403, 404, 407, 413, 414, 415, 419, 426, 428, 429, 430, 434, 440, 442, 448, 449, 451, 452, 453, 454, 455, 456, 458, 463, 469, 470, 471, 475, 481, 482, 483, 487, 518, 519, 521, 523, 525, 527, 528, 530, 531, 534, 536, 538, 539, 540, 544, 588, 590, 591, 592, 593, 595, 597, 599, 600, 601, 605, 612, 613, 615, 616, 617, 621, 628, 629, 630, 634, 641, 642, 643, 651, 654, 655, 656, 657, 659, 660, 661, 663, 667, 668, 669, 670, 671, 673, 676, 677, 680, 681, 683, 684, 685, 689, 696, 699, 700, 701, 703, 704, 705, 707, 710, 711, 716, 718, 721, 727, 729, 730, 733, 736, 737, 739, 742, 743, 748, 754, 757, 758, 759, 764, 770, 772, 773, 777, 820, 821, 822, 827, 828, 829, 831, 833, 835, 837, 838, 839, 843, 850, 851, 853, 854, 855, 859, 866, 867, 868, 872, 879, 880, 881, 882, 886, 893, 894, 896, 900, 901, 904, 905, 907, 908, 909, 913, 920, 923, 925, 926, 929, 939, 950, 951, 952, 954, 955, 956, 958, 961, 962, 965, 968, 969, 972, 973, 975, 976, 977, 980, 994, 997, 1006, 1012, 1013, 1014, 1018, 1024, 1025, 1026, 1030], "excluded_lines": [], "functions": {"validate_launch_workflow_params": {"executed_lines": [], "summary": {"covered_lines": 0, "num_statements": 19, "percent_covered": 0.0, "percent_covered_display": "0.00", "missing_lines": 19, "excluded_lines": 0}, "missing_lines": [55, 57, 60, 61, 62, 64, 65, 68, 69, 71, 72, 73, 75, 76, 78, 79, 81, 82, 88], "excluded_lines": []}, "list_forms": {"executed_lines": [], "summary": {"covered_lines": 0, "num_statements": 11, "percent_covered": 0.0, "percent_covered_display": "0.00", "missing_lines": 11, "excluded_lines": 0}, "missing_lines": [111, 112, 114, 116, 119, 121, 123, 129, 130, 131, 135], "excluded_lines": []}, "create_form": {"executed_lines": [], "summary": {"covered_lines": 0, "num_statements": 32, "percent_covered": 0.0, "percent_covered_display": "0.00", "missing_lines": 32, "excluded_lines": 0}, "missing_lines": [162, 163, 165, 167, 168, 171, 177, 178, 179, 183, 190, 191, 196, 198, 204, 205, 207, 208, 209, 210, 211, 212, 214, 219, 225, 226, 227, 231, 237, 238, 239, 243], "excluded_lines": []}, "get_form": {"executed_lines": [], "summary": {"covered_lines": 0, "num_statements": 25, "percent_covered": 0.0, "percent_covered_display": "0.00", "missing_lines": 25, "excluded_lines": 0}, "missing_lines": [274, 275, 277, 279, 281, 283, 284, 286, 287, 288, 292, 300, 301, 302, 306, 313, 314, 315, 319, 325, 327, 333, 334, 335, 339], "excluded_lines": []}, "update_form": {"executed_lines": [], "summary": {"covered_lines": 0, "num_statements": 47, "percent_covered": 0.0, "percent_covered_display": "0.00", "missing_lines": 47, "excluded_lines": 0}, "missing_lines": [372, 373, 374, 376, 378, 380, 381, 384, 385, 387, 388, 389, 393, 401, 402, 403, 404, 407, 413, 414, 415, 419, 426, 428, 429, 430, 434, 440, 442, 448, 449, 451, 452, 453, 454, 455, 456, 458, 463, 469, 470, 471, 475, 481, 482, 483, 487], "excluded_lines": []}, "delete_form": {"executed_lines": [], "summary": {"covered_lines": 0, "num_statements": 15, "percent_covered": 0.0, "percent_covered_display": "0.00", "missing_lines": 15, "excluded_lines": 0}, "missing_lines": [518, 519, 521, 523, 525, 527, 528, 530, 531, 534, 536, 538, 539, 540, 544], "excluded_lines": []}, "execute_form_startup": {"executed_lines": [], "summary": {"covered_lines": 0, "num_statements": 79, "percent_covered": 0.0, "percent_covered_display": "0.00", "missing_lines": 79, "excluded_lines": 0}, "missing_lines": [588, 590, 591, 592, 593, 595, 597, 599, 600, 601, 605, 612, 613, 615, 616, 617, 621, 628, 629, 630, 634, 641, 642, 643, 651, 654, 655, 656, 657, 659, 660, 661, 663, 667, 668, 669, 670, 671, 673, 676, 677, 680, 681, 683, 684, 685, 689, 696, 699, 700, 701, 703, 704, 705, 707, 710, 711, 716, 718, 721, 727, 729, 730, 733, 736, 737, 739, 742, 743, 748, 754, 757, 758, 759, 764, 770, 772, 773, 777], "excluded_lines": []}, "execute_form": {"executed_lines": [], "summary": {"covered_lines": 0, "num_statements": 74, "percent_covered": 0.0, "percent_covered_display": "0.00", "missing_lines": 74, "excluded_lines": 0}, "missing_lines": [820, 821, 822, 827, 828, 829, 831, 833, 835, 837, 838, 839, 843, 850, 851, 853, 854, 855, 859, 866, 867, 868, 872, 879, 880, 881, 882, 886, 893, 894, 896, 900, 901, 904, 905, 907, 908, 909, 913, 920, 923, 925, 926, 929, 939, 950, 951, 952, 954, 955, 956, 958, 961, 962, 965, 968, 969, 972, 973, 975, 976, 977, 980, 994, 997, 1006, 1012, 1013, 1014, 1018, 1024, 1025, 1026, 1030], "excluded_lines": []}, "": {"executed_lines": [1, 7, 8, 9, 11, 12, 14, 15, 16, 17, 18, 26, 27, 29, 32, 35, 91, 92, 93, 101, 102, 142, 143, 144, 153, 154, 155, 250, 251, 252, 266, 267, 346, 347, 348, 363, 364, 365, 494, 495, 496, 509, 510, 511, 551, 552, 553, 568, 569, 570, 784, 785, 786, 800, 801, 802], "summary": {"covered_lines": 55, "num_statements": 55, "percent_covered": 100.0, "percent_covered_display": "100.00", "missing_lines": 0, "excluded_lines": 0}, "missing_lines": [], "excluded_lines": []}}, "classes": {"": {"executed_lines": [1, 7, 8, 9, 11, 12, 14, 15, 16, 17, 18, 26, 27, 29, 32, 35, 91, 92, 93, 101, 102, 142, 143, 144, 153, 154, 155, 250, 251, 252, 266, 267, 346, 347, 348, 363, 364, 365, 494, 495, 496, 509, 510, 511, 551, 552, 553, 568, 569, 570, 784, 785, 786, 800, 801, 802], "summary": {"covered_lines": 55, "num_statements": 357, "percent_covered": 15.406162464985995, "percent_covered_display": "15.41", "missing_lines": 302, "excluded_lines": 0}, "missing_lines": [55, 57, 60, 61, 62, 64, 65, 68, 69, 71, 72, 73, 75, 76, 78, 79, 81, 82, 88, 111, 112, 114, 116, 119, 121, 123, 129, 130, 131, 135, 162, 163, 165, 167, 168, 171, 177, 178, 179, 183, 190, 191, 196, 198, 204, 205, 207, 208, 209, 210, 211, 212, 214, 219, 225, 226, 227, 231, 237, 238, 239, 243, 274, 275, 277, 279, 281, 283, 284, 286, 287, 288, 292, 300, 301, 302, 306, 313, 314, 315, 319, 325, 327, 333, 334, 335, 339, 372, 373, 374, 376, 378, 380, 381, 384, 385, 387, 388, 389, 393, 401, 402, 403, 404, 407, 413, 414, 415, 419, 426, 428, 429, 430, 434, 440, 442, 448, 449, 451, 452, 453, 454, 455, 456, 458, 463, 469, 470, 471, 475, 481, 482, 483, 487, 518, 519, 521, 523, 525, 527, 528, 530, 531, 534, 536, 538, 539, 540, 544, 588, 590, 591, 592, 593, 595, 597, 599, 600, 601, 605, 612, 613, 615, 616, 617, 621, 628, 629, 630, 634, 641, 642, 643, 651, 654, 655, 656, 657, 659, 660, 661, 663, 667, 668, 669, 670, 671, 673, 676, 677, 680, 681, 683, 684, 685, 689, 696, 699, 700, 701, 703, 704, 705, 707, 710, 711, 716, 718, 721, 727, 729, 730, 733, 736, 737, 739, 742, 743, 748, 754, 757, 758, 759, 764, 770, 772, 773, 777, 820, 821, 822, 827, 828, 829, 831, 833, 835, 837, 838, 839, 843, 850, 851, 853, 854, 855, 859, 866, 867, 868, 872, 879, 880, 881, 882, 886, 893, 894, 896, 900, 901, 904, 905, 907, 908, 909, 913, 920, 923, 925, 926, 929, 939, 950, 951, 952, 954, 955, 956, 958, 961, 962, 965, 968, 969, 972, 973, 975, 976, 977, 980, 994, 997, 1006, 1012, 1013, 1014, 1018, 1024, 1025, 1026, 1030], "excluded_lines": []}}}, "functions/health.py": {"executed_lines": [1, 8, 9, 10, 12, 14, 15, 16, 17, 19, 22, 25, 26, 32, 33, 34, 42, 157, 158, 159, 167, 168], "summary": {"covered_lines": 21, "num_statements": 76, "percent_covered": 27.63157894736842, "percent_covered_display": "27.63", "missing_lines": 55, "excluded_lines": 1}, "missing_lines": [27, 28, 29, 79, 81, 82, 85, 93, 94, 95, 96, 97, 100, 101, 102, 103, 105, 117, 118, 119, 120, 127, 128, 135, 142, 150, 192, 193, 195, 197, 198, 199, 203, 210, 211, 212, 222, 229, 232, 233, 234, 235, 236, 239, 240, 241, 242, 244, 247, 258, 269, 275, 276, 277, 281], "excluded_lines": [43], "functions": {"general_health": {"executed_lines": [], "summary": {"covered_lines": 0, "num_statements": 23, "percent_covered": 0.0, "percent_covered_display": "0.00", "missing_lines": 23, "excluded_lines": 1}, "missing_lines": [79, 81, 82, 85, 93, 94, 95, 96, 97, 100, 101, 102, 103, 105, 117, 118, 119, 120, 127, 128, 135, 142, 150], "excluded_lines": [43]}, "keyvault_health": {"executed_lines": [], "summary": {"covered_lines": 0, "num_statements": 29, "percent_covered": 0.0, "percent_covered_display": "0.00", "missing_lines": 29, "excluded_lines": 0}, "missing_lines": [192, 193, 195, 197, 198, 199, 203, 210, 211, 212, 222, 229, 232, 233, 234, 235, 236, 239, 240, 241, 242, 244, 247, 258, 269, 275, 276, 277, 281], "excluded_lines": []}, "": {"executed_lines": [1, 8, 9, 10, 12, 14, 15, 16, 17, 19, 22, 25, 26, 32, 33, 34, 42, 157, 158, 159, 167, 168], "summary": {"covered_lines": 21, "num_statements": 24, "percent_covered": 87.5, "percent_covered_display": "87.50", "missing_lines": 3, "excluded_lines": 0}, "missing_lines": [27, 28, 29], "excluded_lines": []}}, "classes": {"": {"executed_lines": [1, 8, 9, 10, 12, 14, 15, 16, 17, 19, 22, 25, 26, 32, 33, 34, 42, 157, 158, 159, 167, 168], "summary": {"covered_lines": 21, "num_statements": 76, "percent_covered": 27.63157894736842, "percent_covered_display": "27.63", "missing_lines": 55, "excluded_lines": 1}, "missing_lines": [27, 28, 29, 79, 81, 82, 85, 93, 94, 95, 96, 97, 100, 101, 102, 103, 105, 117, 118, 119, 120, 127, 128, 135, 142, 150, 192, 193, 195, 197, 198, 199, 203, 210, 211, 212, 222, 229, 232, 233, 234, 235, 236, 239, 240, 241, 242, 244, 247, 258, 269, 275, 276, 277, 281], "excluded_lines": [43]}}}, "functions/metrics.py": {"executed_lines": [1, 6, 7, 8, 9, 11, 13, 14, 15, 16, 18, 21, 24, 25, 26, 34, 35, 157], "summary": {"covered_lines": 17, "num_statements": 67, "percent_covered": 25.37313432835821, "percent_covered_display": "25.37", "missing_lines": 50, "excluded_lines": 0}, "missing_lines": [46, 48, 49, 51, 52, 55, 56, 57, 58, 59, 60, 61, 62, 63, 66, 69, 72, 75, 78, 82, 88, 89, 90, 91, 92, 94, 95, 96, 99, 100, 101, 102, 105, 106, 107, 115, 116, 117, 119, 122, 124, 134, 136, 138, 144, 145, 146, 150, 162, 163], "excluded_lines": [], "functions": {"get_metrics": {"executed_lines": [], "summary": {"covered_lines": 0, "num_statements": 48, "percent_covered": 0.0, "percent_covered_display": "0.00", "missing_lines": 48, "excluded_lines": 0}, "missing_lines": [46, 48, 49, 51, 52, 55, 56, 57, 58, 59, 60, 61, 62, 63, 66, 69, 72, 75, 78, 82, 88, 89, 90, 91, 92, 94, 95, 96, 99, 100, 101, 102, 105, 106, 107, 115, 116, 117, 119, 122, 124, 134, 136, 138, 144, 145, 146, 150], "excluded_lines": []}, "_get_reverse_timestamp": {"executed_lines": [], "summary": {"covered_lines": 0, "num_statements": 2, "percent_covered": 0.0, "percent_covered_display": "0.00", "missing_lines": 2, "excluded_lines": 0}, "missing_lines": [162, 163], "excluded_lines": []}, "": {"executed_lines": [1, 6, 7, 8, 9, 11, 13, 14, 15, 16, 18, 21, 24, 25, 26, 34, 35, 157], "summary": {"covered_lines": 17, "num_statements": 17, "percent_covered": 100.0, "percent_covered_display": "100.00", "missing_lines": 0, "excluded_lines": 0}, "missing_lines": [], "excluded_lines": []}}, "classes": {"": {"executed_lines": [1, 6, 7, 8, 9, 11, 13, 14, 15, 16, 18, 21, 24, 25, 26, 34, 35, 157], "summary": {"covered_lines": 17, "num_statements": 67, "percent_covered": 25.37313432835821, "percent_covered_display": "25.37", "missing_lines": 50, "excluded_lines": 0}, "missing_lines": [46, 48, 49, 51, 52, 55, 56, 57, 58, 59, 60, 61, 62, 63, 66, 69, 72, 75, 78, 82, 88, 89, 90, 91, 92, 94, 95, 96, 99, 100, 101, 102, 105, 106, 107, 115, 116, 117, 119, 122, 124, 134, 136, 138, 144, 145, 146, 150, 162, 163], "excluded_lines": []}}}, "functions/oauth_api.py": {"executed_lines": [1, 6, 7, 8, 9, 10, 12, 13, 15, 22, 23, 24, 25, 26, 27, 28, 29, 30, 32, 35, 38, 39, 40, 48, 49, 50, 140, 141, 142, 149, 150, 151, 196, 197, 198, 213, 214, 215, 269, 270, 271, 286, 287, 288, 379, 380, 381, 395, 396, 397, 446, 447, 448, 462, 463, 464, 571, 572, 573, 587, 588, 589, 652, 653, 654, 668, 669, 670, 919, 920, 921, 937, 1165, 1166, 1167, 1182, 1183, 1374, 1375, 1376, 1383, 1384, 1385], "summary": {"covered_lines": 82, "num_statements": 464, "percent_covered": 17.67241379310345, "percent_covered_display": "17.67", "missing_lines": 382, "excluded_lines": 0}, "missing_lines": [59, 60, 62, 64, 66, 67, 70, 73, 74, 75, 79, 86, 92, 95, 96, 102, 103, 104, 109, 115, 116, 117, 121, 127, 128, 129, 133, 160, 161, 163, 165, 167, 170, 173, 175, 177, 183, 184, 185, 189, 224, 225, 226, 228, 230, 232, 235, 237, 238, 242, 249, 250, 256, 257, 258, 262, 298, 299, 300, 302, 304, 306, 307, 310, 313, 320, 321, 325, 331, 334, 335, 341, 342, 343, 348, 354, 355, 356, 360, 366, 367, 368, 372, 408, 409, 410, 412, 414, 416, 419, 421, 422, 424, 427, 431, 432, 433, 437, 475, 476, 477, 479, 481, 483, 486, 488, 489, 493, 500, 501, 505, 512, 517, 519, 520, 521, 522, 524, 527, 535, 538, 545, 548, 558, 559, 560, 564, 600, 601, 602, 604, 606, 608, 611, 613, 614, 618, 625, 632, 635, 639, 640, 641, 645, 679, 680, 681, 683, 685, 687, 688, 689, 691, 692, 693, 694, 695, 699, 706, 708, 709, 713, 720, 721, 725, 732, 733, 737, 744, 745, 750, 751, 752, 756, 763, 765, 766, 767, 771, 780, 781, 782, 783, 784, 785, 786, 787, 791, 795, 802, 803, 805, 806, 810, 817, 818, 819, 821, 822, 827, 828, 829, 830, 831, 832, 833, 834, 835, 838, 840, 847, 848, 849, 851, 858, 862, 870, 871, 873, 884, 893, 896, 906, 907, 908, 912, 951, 954, 955, 956, 957, 958, 959, 965, 967, 969, 970, 971, 974, 976, 978, 979, 983, 990, 991, 992, 996, 1003, 1005, 1015, 1017, 1018, 1019, 1020, 1022, 1025, 1026, 1027, 1029, 1030, 1031, 1036, 1037, 1038, 1039, 1040, 1041, 1042, 1043, 1044, 1045, 1046, 1047, 1048, 1050, 1058, 1059, 1060, 1062, 1070, 1084, 1086, 1093, 1104, 1105, 1112, 1115, 1116, 1117, 1122, 1125, 1138, 1139, 1142, 1143, 1149, 1150, 1152, 1156, 1198, 1199, 1200, 1202, 1207, 1209, 1210, 1212, 1213, 1214, 1215, 1216, 1220, 1227, 1229, 1230, 1234, 1241, 1243, 1249, 1256, 1257, 1262, 1263, 1264, 1268, 1275, 1277, 1278, 1279, 1283, 1292, 1293, 1294, 1295, 1296, 1297, 1298, 1299, 1303, 1307, 1314, 1315, 1316, 1317, 1319, 1320, 1321, 1325, 1332, 1341, 1348, 1353, 1359, 1360, 1361, 1365, 1394, 1395, 1397, 1399, 1401, 1403, 1404, 1406, 1407, 1409, 1411, 1413, 1423, 1424, 1425, 1426, 1427, 1428, 1429, 1430, 1432, 1447, 1453, 1454, 1455, 1459], "excluded_lines": [], "functions": {"create_oauth_connection": {"executed_lines": [], "summary": {"covered_lines": 0, "num_statements": 27, "percent_covered": 0.0, "percent_covered_display": "0.00", "missing_lines": 27, "excluded_lines": 0}, "missing_lines": [59, 60, 62, 64, 66, 67, 70, 73, 74, 75, 79, 86, 92, 95, 96, 102, 103, 104, 109, 115, 116, 117, 121, 127, 128, 129, 133], "excluded_lines": []}, "list_oauth_connections": {"executed_lines": [], "summary": {"covered_lines": 0, "num_statements": 13, "percent_covered": 0.0, "percent_covered_display": "0.00", "missing_lines": 13, "excluded_lines": 0}, "missing_lines": [160, 161, 163, 165, 167, 170, 173, 175, 177, 183, 184, 185, 189], "excluded_lines": []}, "get_oauth_connection": {"executed_lines": [], "summary": {"covered_lines": 0, "num_statements": 16, "percent_covered": 0.0, "percent_covered_display": "0.00", "missing_lines": 16, "excluded_lines": 0}, "missing_lines": [224, 225, 226, 228, 230, 232, 235, 237, 238, 242, 249, 250, 256, 257, 258, 262], "excluded_lines": []}, "update_oauth_connection": {"executed_lines": [], "summary": {"covered_lines": 0, "num_statements": 27, "percent_covered": 0.0, "percent_covered_display": "0.00", "missing_lines": 27, "excluded_lines": 0}, "missing_lines": [298, 299, 300, 302, 304, 306, 307, 310, 313, 320, 321, 325, 331, 334, 335, 341, 342, 343, 348, 354, 355, 356, 360, 366, 367, 368, 372], "excluded_lines": []}, "delete_oauth_connection": {"executed_lines": [], "summary": {"covered_lines": 0, "num_statements": 15, "percent_covered": 0.0, "percent_covered_display": "0.00", "missing_lines": 15, "excluded_lines": 0}, "missing_lines": [408, 409, 410, 412, 414, 416, 419, 421, 422, 424, 427, 431, 432, 433, 437], "excluded_lines": []}, "authorize_oauth_connection": {"executed_lines": [], "summary": {"covered_lines": 0, "num_statements": 29, "percent_covered": 0.0, "percent_covered_display": "0.00", "missing_lines": 29, "excluded_lines": 0}, "missing_lines": [475, 476, 477, 479, 481, 483, 486, 488, 489, 493, 500, 501, 505, 512, 517, 519, 520, 521, 522, 524, 527, 535, 538, 545, 548, 558, 559, 560, 564], "excluded_lines": []}, "cancel_oauth_authorization": {"executed_lines": [], "summary": {"covered_lines": 0, "num_statements": 17, "percent_covered": 0.0, "percent_covered_display": "0.00", "missing_lines": 17, "excluded_lines": 0}, "missing_lines": [600, 601, 602, 604, 606, 608, 611, 613, 614, 618, 625, 632, 635, 639, 640, 641, 645], "excluded_lines": []}, "refresh_oauth_token": {"executed_lines": [], "summary": {"covered_lines": 0, "num_statements": 82, "percent_covered": 0.0, "percent_covered_display": "0.00", "missing_lines": 82, "excluded_lines": 0}, "missing_lines": [679, 680, 681, 683, 685, 687, 688, 689, 691, 692, 693, 694, 695, 699, 706, 708, 709, 713, 720, 721, 725, 732, 733, 737, 744, 745, 750, 751, 752, 756, 763, 765, 766, 767, 771, 780, 781, 782, 783, 784, 785, 786, 787, 791, 795, 802, 803, 805, 806, 810, 817, 818, 819, 821, 822, 827, 828, 829, 830, 831, 832, 833, 834, 835, 838, 840, 847, 848, 849, 851, 858, 862, 870, 871, 873, 884, 893, 896, 906, 907, 908, 912], "excluded_lines": []}, "oauth_callback": {"executed_lines": [], "summary": {"covered_lines": 0, "num_statements": 73, "percent_covered": 0.0, "percent_covered_display": "0.00", "missing_lines": 73, "excluded_lines": 0}, "missing_lines": [951, 954, 955, 956, 957, 958, 959, 965, 967, 969, 970, 971, 974, 976, 978, 979, 983, 990, 991, 992, 996, 1003, 1005, 1015, 1017, 1018, 1019, 1020, 1022, 1025, 1026, 1027, 1029, 1030, 1031, 1036, 1037, 1038, 1039, 1040, 1041, 1042, 1043, 1044, 1045, 1046, 1047, 1048, 1050, 1058, 1059, 1060, 1062, 1070, 1084, 1086, 1093, 1104, 1105, 1112, 1115, 1116, 1117, 1122, 1125, 1138, 1139, 1142, 1143, 1149, 1150, 1152, 1156], "excluded_lines": []}, "get_oauth_credentials": {"executed_lines": [], "summary": {"covered_lines": 0, "num_statements": 57, "percent_covered": 0.0, "percent_covered_display": "0.00", "missing_lines": 57, "excluded_lines": 0}, "missing_lines": [1198, 1199, 1200, 1202, 1207, 1209, 1210, 1212, 1213, 1214, 1215, 1216, 1220, 1227, 1229, 1230, 1234, 1241, 1243, 1249, 1256, 1257, 1262, 1263, 1264, 1268, 1275, 1277, 1278, 1279, 1283, 1292, 1293, 1294, 1295, 1296, 1297, 1298, 1299, 1303, 1307, 1314, 1315, 1316, 1317, 1319, 1320, 1321, 1325, 1332, 1341, 1348, 1353, 1359, 1360, 1361, 1365], "excluded_lines": []}, "get_oauth_refresh_job_status": {"executed_lines": [], "summary": {"covered_lines": 0, "num_statements": 26, "percent_covered": 0.0, "percent_covered_display": "0.00", "missing_lines": 26, "excluded_lines": 0}, "missing_lines": [1394, 1395, 1397, 1399, 1401, 1403, 1404, 1406, 1407, 1409, 1411, 1413, 1423, 1424, 1425, 1426, 1427, 1428, 1429, 1430, 1432, 1447, 1453, 1454, 1455, 1459], "excluded_lines": []}, "": {"executed_lines": [1, 6, 7, 8, 9, 10, 12, 13, 15, 22, 23, 24, 25, 26, 27, 28, 29, 30, 32, 35, 38, 39, 40, 48, 49, 50, 140, 141, 142, 149, 150, 151, 196, 197, 198, 213, 214, 215, 269, 270, 271, 286, 287, 288, 379, 380, 381, 395, 396, 397, 446, 447, 448, 462, 463, 464, 571, 572, 573, 587, 588, 589, 652, 653, 654, 668, 669, 670, 919, 920, 921, 937, 1165, 1166, 1167, 1182, 1183, 1374, 1375, 1376, 1383, 1384, 1385], "summary": {"covered_lines": 82, "num_statements": 82, "percent_covered": 100.0, "percent_covered_display": "100.00", "missing_lines": 0, "excluded_lines": 0}, "missing_lines": [], "excluded_lines": []}}, "classes": {"": {"executed_lines": [1, 6, 7, 8, 9, 10, 12, 13, 15, 22, 23, 24, 25, 26, 27, 28, 29, 30, 32, 35, 38, 39, 40, 48, 49, 50, 140, 141, 142, 149, 150, 151, 196, 197, 198, 213, 214, 215, 269, 270, 271, 286, 287, 288, 379, 380, 381, 395, 396, 397, 446, 447, 448, 462, 463, 464, 571, 572, 573, 587, 588, 589, 652, 653, 654, 668, 669, 670, 919, 920, 921, 937, 1165, 1166, 1167, 1182, 1183, 1374, 1375, 1376, 1383, 1384, 1385], "summary": {"covered_lines": 82, "num_statements": 464, "percent_covered": 17.67241379310345, "percent_covered_display": "17.67", "missing_lines": 382, "excluded_lines": 0}, "missing_lines": [59, 60, 62, 64, 66, 67, 70, 73, 74, 75, 79, 86, 92, 95, 96, 102, 103, 104, 109, 115, 116, 117, 121, 127, 128, 129, 133, 160, 161, 163, 165, 167, 170, 173, 175, 177, 183, 184, 185, 189, 224, 225, 226, 228, 230, 232, 235, 237, 238, 242, 249, 250, 256, 257, 258, 262, 298, 299, 300, 302, 304, 306, 307, 310, 313, 320, 321, 325, 331, 334, 335, 341, 342, 343, 348, 354, 355, 356, 360, 366, 367, 368, 372, 408, 409, 410, 412, 414, 416, 419, 421, 422, 424, 427, 431, 432, 433, 437, 475, 476, 477, 479, 481, 483, 486, 488, 489, 493, 500, 501, 505, 512, 517, 519, 520, 521, 522, 524, 527, 535, 538, 545, 548, 558, 559, 560, 564, 600, 601, 602, 604, 606, 608, 611, 613, 614, 618, 625, 632, 635, 639, 640, 641, 645, 679, 680, 681, 683, 685, 687, 688, 689, 691, 692, 693, 694, 695, 699, 706, 708, 709, 713, 720, 721, 725, 732, 733, 737, 744, 745, 750, 751, 752, 756, 763, 765, 766, 767, 771, 780, 781, 782, 783, 784, 785, 786, 787, 791, 795, 802, 803, 805, 806, 810, 817, 818, 819, 821, 822, 827, 828, 829, 830, 831, 832, 833, 834, 835, 838, 840, 847, 848, 849, 851, 858, 862, 870, 871, 873, 884, 893, 896, 906, 907, 908, 912, 951, 954, 955, 956, 957, 958, 959, 965, 967, 969, 970, 971, 974, 976, 978, 979, 983, 990, 991, 992, 996, 1003, 1005, 1015, 1017, 1018, 1019, 1020, 1022, 1025, 1026, 1027, 1029, 1030, 1031, 1036, 1037, 1038, 1039, 1040, 1041, 1042, 1043, 1044, 1045, 1046, 1047, 1048, 1050, 1058, 1059, 1060, 1062, 1070, 1084, 1086, 1093, 1104, 1105, 1112, 1115, 1116, 1117, 1122, 1125, 1138, 1139, 1142, 1143, 1149, 1150, 1152, 1156, 1198, 1199, 1200, 1202, 1207, 1209, 1210, 1212, 1213, 1214, 1215, 1216, 1220, 1227, 1229, 1230, 1234, 1241, 1243, 1249, 1256, 1257, 1262, 1263, 1264, 1268, 1275, 1277, 1278, 1279, 1283, 1292, 1293, 1294, 1295, 1296, 1297, 1298, 1299, 1303, 1307, 1314, 1315, 1316, 1317, 1319, 1320, 1321, 1325, 1332, 1341, 1348, 1353, 1359, 1360, 1361, 1365, 1394, 1395, 1397, 1399, 1401, 1403, 1404, 1406, 1407, 1409, 1411, 1413, 1423, 1424, 1425, 1426, 1427, 1428, 1429, 1430, 1432, 1447, 1453, 1454, 1455, 1459], "excluded_lines": []}}}, "functions/oauth_refresh_timer.py": {"executed_lines": [1, 6, 7, 8, 10, 12, 13, 14, 15, 17, 20, 23, 24, 25], "summary": {"covered_lines": 13, "num_statements": 102, "percent_covered": 12.745098039215685, "percent_covered_display": "12.75", "missing_lines": 89, "excluded_lines": 0}, "missing_lines": [38, 39, 42, 43, 44, 45, 49, 57, 59, 62, 63, 68, 69, 72, 73, 75, 76, 78, 79, 82, 83, 85, 86, 89, 90, 91, 94, 95, 100, 101, 104, 106, 107, 110, 111, 112, 113, 114, 115, 116, 117, 120, 122, 123, 128, 129, 130, 131, 132, 137, 138, 139, 140, 141, 142, 143, 144, 147, 154, 155, 156, 159, 161, 172, 181, 182, 184, 185, 186, 191, 193, 199, 200, 206, 207, 210, 211, 214, 227, 230, 238, 239, 242, 243, 245, 260, 261, 262, 263], "excluded_lines": [], "functions": {"oauth_refresh_timer": {"executed_lines": [], "summary": {"covered_lines": 0, "num_statements": 89, "percent_covered": 0.0, "percent_covered_display": "0.00", "missing_lines": 89, "excluded_lines": 0}, "missing_lines": [38, 39, 42, 43, 44, 45, 49, 57, 59, 62, 63, 68, 69, 72, 73, 75, 76, 78, 79, 82, 83, 85, 86, 89, 90, 91, 94, 95, 100, 101, 104, 106, 107, 110, 111, 112, 113, 114, 115, 116, 117, 120, 122, 123, 128, 129, 130, 131, 132, 137, 138, 139, 140, 141, 142, 143, 144, 147, 154, 155, 156, 159, 161, 172, 181, 182, 184, 185, 186, 191, 193, 199, 200, 206, 207, 210, 211, 214, 227, 230, 238, 239, 242, 243, 245, 260, 261, 262, 263], "excluded_lines": []}, "": {"executed_lines": [1, 6, 7, 8, 10, 12, 13, 14, 15, 17, 20, 23, 24, 25], "summary": {"covered_lines": 13, "num_statements": 13, "percent_covered": 100.0, "percent_covered_display": "100.00", "missing_lines": 0, "excluded_lines": 0}, "missing_lines": [], "excluded_lines": []}}, "classes": {"": {"executed_lines": [1, 6, 7, 8, 10, 12, 13, 14, 15, 17, 20, 23, 24, 25], "summary": {"covered_lines": 13, "num_statements": 102, "percent_covered": 12.745098039215685, "percent_covered_display": "12.75", "missing_lines": 89, "excluded_lines": 0}, "missing_lines": [38, 39, 42, 43, 44, 45, 49, 57, 59, 62, 63, 68, 69, 72, 73, 75, 76, 78, 79, 82, 83, 85, 86, 89, 90, 91, 94, 95, 100, 101, 104, 106, 107, 110, 111, 112, 113, 114, 115, 116, 117, 120, 122, 123, 128, 129, 130, 131, 132, 137, 138, 139, 140, 141, 142, 143, 144, 147, 154, 155, 156, 159, 161, 172, 181, 182, 184, 185, 186, 191, 193, 199, 200, 206, 207, 210, 211, 214, 227, 230, 238, 239, 242, 243, 245, 260, 261, 262, 263], "excluded_lines": []}}}, "functions/openapi.py": {"executed_lines": [1, 7, 9, 10, 11, 13, 14, 15, 17, 20, 248, 249, 267, 268, 293, 294], "summary": {"covered_lines": 15, "num_statements": 93, "percent_covered": 16.129032258064516, "percent_covered_display": "16.13", "missing_lines": 78, "excluded_lines": 0}, "missing_lines": [33, 37, 40, 41, 43, 44, 47, 48, 50, 51, 54, 57, 82, 84, 87, 88, 91, 93, 94, 97, 98, 101, 102, 103, 106, 107, 110, 113, 114, 115, 116, 117, 120, 121, 122, 123, 124, 125, 126, 130, 132, 143, 144, 146, 147, 149, 150, 151, 152, 154, 155, 156, 157, 158, 159, 160, 162, 164, 165, 167, 168, 181, 226, 227, 230, 233, 234, 235, 236, 238, 245, 255, 257, 274, 275, 283, 300, 334], "excluded_lines": [], "functions": {"generate_openapi_spec": {"executed_lines": [], "summary": {"covered_lines": 0, "num_statements": 71, "percent_covered": 0.0, "percent_covered_display": "0.00", "missing_lines": 71, "excluded_lines": 0}, "missing_lines": [33, 37, 40, 41, 43, 44, 47, 48, 50, 51, 54, 57, 82, 84, 87, 88, 91, 93, 94, 97, 98, 101, 102, 103, 106, 107, 110, 113, 114, 115, 116, 117, 120, 121, 122, 123, 124, 125, 126, 130, 132, 143, 144, 146, 147, 149, 150, 151, 152, 154, 155, 156, 157, 158, 159, 160, 162, 164, 165, 167, 168, 181, 226, 227, 230, 233, 234, 235, 236, 238, 245], "excluded_lines": []}, "get_openapi_json": {"executed_lines": [], "summary": {"covered_lines": 0, "num_statements": 2, "percent_covered": 0.0, "percent_covered_display": "0.00", "missing_lines": 2, "excluded_lines": 0}, "missing_lines": [255, 257], "excluded_lines": []}, "get_openapi_yaml": {"executed_lines": [], "summary": {"covered_lines": 0, "num_statements": 3, "percent_covered": 0.0, "percent_covered_display": "0.00", "missing_lines": 3, "excluded_lines": 0}, "missing_lines": [274, 275, 283], "excluded_lines": []}, "swagger_ui": {"executed_lines": [], "summary": {"covered_lines": 0, "num_statements": 2, "percent_covered": 0.0, "percent_covered_display": "0.00", "missing_lines": 2, "excluded_lines": 0}, "missing_lines": [300, 334], "excluded_lines": []}, "": {"executed_lines": [1, 7, 9, 10, 11, 13, 14, 15, 17, 20, 248, 249, 267, 268, 293, 294], "summary": {"covered_lines": 15, "num_statements": 15, "percent_covered": 100.0, "percent_covered_display": "100.00", "missing_lines": 0, "excluded_lines": 0}, "missing_lines": [], "excluded_lines": []}}, "classes": {"": {"executed_lines": [1, 7, 9, 10, 11, 13, 14, 15, 17, 20, 248, 249, 267, 268, 293, 294], "summary": {"covered_lines": 15, "num_statements": 93, "percent_covered": 16.129032258064516, "percent_covered_display": "16.13", "missing_lines": 78, "excluded_lines": 0}, "missing_lines": [33, 37, 40, 41, 43, 44, 47, 48, 50, 51, 54, 57, 82, 84, 87, 88, 91, 93, 94, 97, 98, 101, 102, 103, 106, 107, 110, 113, 114, 115, 116, 117, 120, 121, 122, 123, 124, 125, 126, 130, 132, 143, 144, 146, 147, 149, 150, 151, 152, 154, 155, 156, 157, 158, 159, 160, 162, 164, 165, 167, 168, 181, 226, 227, 230, 233, 234, 235, 236, 238, 245, 255, 257, 274, 275, 283, 300, 334], "excluded_lines": []}}}, "functions/org_config.py": {"executed_lines": [1, 7, 8, 10, 11, 13, 14, 21, 22, 24, 27, 30, 63, 83, 84, 85, 93, 94, 95, 144, 145, 146, 155, 156, 157, 248, 249, 250, 263, 264, 265, 350, 351, 352, 366, 367, 368, 411, 412, 413, 428, 429, 430, 516, 517, 518, 535, 536, 537], "summary": {"covered_lines": 48, "num_statements": 192, "percent_covered": 25.0, "percent_covered_display": "25.00", "missing_lines": 144, "excluded_lines": 0}, "missing_lines": [44, 45, 47, 49, 59, 60, 71, 72, 75, 76, 77, 78, 79, 80, 106, 108, 110, 112, 113, 116, 117, 120, 122, 125, 131, 132, 133, 137, 169, 171, 173, 175, 176, 179, 180, 181, 184, 193, 199, 204, 210, 211, 212, 217, 223, 224, 225, 229, 235, 236, 237, 241, 276, 277, 278, 280, 282, 288, 291, 292, 294, 295, 297, 299, 302, 303, 304, 305, 306, 307, 308, 309, 311, 312, 317, 322, 323, 326, 327, 328, 330, 334, 335, 336, 340, 375, 376, 378, 380, 382, 384, 385, 388, 390, 392, 398, 399, 400, 404, 437, 438, 440, 442, 444, 446, 447, 450, 451, 452, 455, 460, 464, 470, 471, 473, 474, 475, 476, 477, 478, 480, 485, 491, 492, 493, 497, 503, 504, 505, 509, 545, 546, 547, 548, 550, 552, 554, 555, 556, 558, 562, 563, 564, 568], "excluded_lines": [], "functions": {"get_config_value": {"executed_lines": [], "summary": {"covered_lines": 0, "num_statements": 6, "percent_covered": 0.0, "percent_covered_display": "0.00", "missing_lines": 6, "excluded_lines": 0}, "missing_lines": [44, 45, 47, 49, 59, 60], "excluded_lines": []}, "mask_sensitive_value": {"executed_lines": [], "summary": {"covered_lines": 0, "num_statements": 8, "percent_covered": 0.0, "percent_covered_display": "0.00", "missing_lines": 8, "excluded_lines": 0}, "missing_lines": [71, 72, 75, 76, 77, 78, 79, 80], "excluded_lines": []}, "get_config": {"executed_lines": [], "summary": {"covered_lines": 0, "num_statements": 14, "percent_covered": 0.0, "percent_covered_display": "0.00", "missing_lines": 14, "excluded_lines": 0}, "missing_lines": [106, 108, 110, 112, 113, 116, 117, 120, 122, 125, 131, 132, 133, 137], "excluded_lines": []}, "set_config": {"executed_lines": [], "summary": {"covered_lines": 0, "num_statements": 24, "percent_covered": 0.0, "percent_covered_display": "0.00", "missing_lines": 24, "excluded_lines": 0}, "missing_lines": [169, 171, 173, 175, 176, 179, 180, 181, 184, 193, 199, 204, 210, 211, 212, 217, 223, 224, 225, 229, 235, 236, 237, 241], "excluded_lines": []}, "delete_config": {"executed_lines": [], "summary": {"covered_lines": 0, "num_statements": 33, "percent_covered": 0.0, "percent_covered_display": "0.00", "missing_lines": 33, "excluded_lines": 0}, "missing_lines": [276, 277, 278, 280, 282, 288, 291, 292, 294, 295, 297, 299, 302, 303, 304, 305, 306, 307, 308, 309, 311, 312, 317, 322, 323, 326, 327, 328, 330, 334, 335, 336, 340], "excluded_lines": []}, "get_integrations": {"executed_lines": [], "summary": {"covered_lines": 0, "num_statements": 14, "percent_covered": 0.0, "percent_covered_display": "0.00", "missing_lines": 14, "excluded_lines": 0}, "missing_lines": [375, 376, 378, 380, 382, 384, 385, 388, 390, 392, 398, 399, 400, 404], "excluded_lines": []}, "set_integration": {"executed_lines": [], "summary": {"covered_lines": 0, "num_statements": 31, "percent_covered": 0.0, "percent_covered_display": "0.00", "missing_lines": 31, "excluded_lines": 0}, "missing_lines": [437, 438, 440, 442, 444, 446, 447, 450, 451, 452, 455, 460, 464, 470, 471, 473, 474, 475, 476, 477, 478, 480, 485, 491, 492, 493, 497, 503, 504, 505, 509], "excluded_lines": []}, "delete_integration": {"executed_lines": [], "summary": {"covered_lines": 0, "num_statements": 14, "percent_covered": 0.0, "percent_covered_display": "0.00", "missing_lines": 14, "excluded_lines": 0}, "missing_lines": [545, 546, 547, 548, 550, 552, 554, 555, 556, 558, 562, 563, 564, 568], "excluded_lines": []}, "": {"executed_lines": [1, 7, 8, 10, 11, 13, 14, 21, 22, 24, 27, 30, 63, 83, 84, 85, 93, 94, 95, 144, 145, 146, 155, 156, 157, 248, 249, 250, 263, 264, 265, 350, 351, 352, 366, 367, 368, 411, 412, 413, 428, 429, 430, 516, 517, 518, 535, 536, 537], "summary": {"covered_lines": 48, "num_statements": 48, "percent_covered": 100.0, "percent_covered_display": "100.00", "missing_lines": 0, "excluded_lines": 0}, "missing_lines": [], "excluded_lines": []}}, "classes": {"": {"executed_lines": [1, 7, 8, 10, 11, 13, 14, 21, 22, 24, 27, 30, 63, 83, 84, 85, 93, 94, 95, 144, 145, 146, 155, 156, 157, 248, 249, 250, 263, 264, 265, 350, 351, 352, 366, 367, 368, 411, 412, 413, 428, 429, 430, 516, 517, 518, 535, 536, 537], "summary": {"covered_lines": 48, "num_statements": 192, "percent_covered": 25.0, "percent_covered_display": "25.00", "missing_lines": 144, "excluded_lines": 0}, "missing_lines": [44, 45, 47, 49, 59, 60, 71, 72, 75, 76, 77, 78, 79, 80, 106, 108, 110, 112, 113, 116, 117, 120, 122, 125, 131, 132, 133, 137, 169, 171, 173, 175, 176, 179, 180, 181, 184, 193, 199, 204, 210, 211, 212, 217, 223, 224, 225, 229, 235, 236, 237, 241, 276, 277, 278, 280, 282, 288, 291, 292, 294, 295, 297, 299, 302, 303, 304, 305, 306, 307, 308, 309, 311, 312, 317, 322, 323, 326, 327, 328, 330, 334, 335, 336, 340, 375, 376, 378, 380, 382, 384, 385, 388, 390, 392, 398, 399, 400, 404, 437, 438, 440, 442, 444, 446, 447, 450, 451, 452, 455, 460, 464, 470, 471, 473, 474, 475, 476, 477, 478, 480, 485, 491, 492, 493, 497, 503, 504, 505, 509, 545, 546, 547, 548, 550, 552, 554, 555, 556, 558, 562, 563, 564, 568], "excluded_lines": []}}}, "functions/organizations.py": {"executed_lines": [1, 6, 7, 9, 10, 12, 13, 19, 20, 22, 25, 28, 29, 30, 38, 39, 40, 83, 84, 85, 94, 95, 96, 162, 163, 164, 178, 179, 180, 230, 231, 232, 247, 248, 249, 317, 318, 319, 332, 333, 334], "summary": {"covered_lines": 40, "num_statements": 128, "percent_covered": 31.25, "percent_covered_display": "31.25", "missing_lines": 88, "excluded_lines": 0}, "missing_lines": [48, 49, 51, 53, 54, 57, 60, 62, 64, 70, 71, 72, 76, 101, 102, 104, 106, 107, 110, 111, 116, 118, 124, 125, 126, 131, 137, 138, 139, 143, 149, 150, 151, 155, 187, 188, 190, 192, 194, 196, 197, 199, 200, 201, 205, 211, 217, 218, 219, 223, 256, 257, 259, 261, 263, 265, 266, 269, 270, 272, 273, 277, 283, 285, 291, 292, 293, 298, 304, 305, 306, 310, 341, 342, 344, 346, 348, 350, 351, 353, 354, 358, 364, 366, 370, 371, 372, 376], "excluded_lines": [], "functions": {"list_organizations": {"executed_lines": [], "summary": {"covered_lines": 0, "num_statements": 13, "percent_covered": 0.0, "percent_covered_display": "0.00", "missing_lines": 13, "excluded_lines": 0}, "missing_lines": [48, 49, 51, 53, 54, 57, 60, 62, 64, 70, 71, 72, 76], "excluded_lines": []}, "create_organization": {"executed_lines": [], "summary": {"covered_lines": 0, "num_statements": 21, "percent_covered": 0.0, "percent_covered_display": "0.00", "missing_lines": 21, "excluded_lines": 0}, "missing_lines": [101, 102, 104, 106, 107, 110, 111, 116, 118, 124, 125, 126, 131, 137, 138, 139, 143, 149, 150, 151, 155], "excluded_lines": []}, "get_organization": {"executed_lines": [], "summary": {"covered_lines": 0, "num_statements": 16, "percent_covered": 0.0, "percent_covered_display": "0.00", "missing_lines": 16, "excluded_lines": 0}, "missing_lines": [187, 188, 190, 192, 194, 196, 197, 199, 200, 201, 205, 211, 217, 218, 219, 223], "excluded_lines": []}, "update_organization": {"executed_lines": [], "summary": {"covered_lines": 0, "num_statements": 22, "percent_covered": 0.0, "percent_covered_display": "0.00", "missing_lines": 22, "excluded_lines": 0}, "missing_lines": [256, 257, 259, 261, 263, 265, 266, 269, 270, 272, 273, 277, 283, 285, 291, 292, 293, 298, 304, 305, 306, 310], "excluded_lines": []}, "delete_organization": {"executed_lines": [], "summary": {"covered_lines": 0, "num_statements": 16, "percent_covered": 0.0, "percent_covered_display": "0.00", "missing_lines": 16, "excluded_lines": 0}, "missing_lines": [341, 342, 344, 346, 348, 350, 351, 353, 354, 358, 364, 366, 370, 371, 372, 376], "excluded_lines": []}, "": {"executed_lines": [1, 6, 7, 9, 10, 12, 13, 19, 20, 22, 25, 28, 29, 30, 38, 39, 40, 83, 84, 85, 94, 95, 96, 162, 163, 164, 178, 179, 180, 230, 231, 232, 247, 248, 249, 317, 318, 319, 332, 333, 334], "summary": {"covered_lines": 40, "num_statements": 40, "percent_covered": 100.0, "percent_covered_display": "100.00", "missing_lines": 0, "excluded_lines": 0}, "missing_lines": [], "excluded_lines": []}}, "classes": {"": {"executed_lines": [1, 6, 7, 9, 10, 12, 13, 19, 20, 22, 25, 28, 29, 30, 38, 39, 40, 83, 84, 85, 94, 95, 96, 162, 163, 164, 178, 179, 180, 230, 231, 232, 247, 248, 249, 317, 318, 319, 332, 333, 334], "summary": {"covered_lines": 40, "num_statements": 128, "percent_covered": 31.25, "percent_covered_display": "31.25", "missing_lines": 88, "excluded_lines": 0}, "missing_lines": [48, 49, 51, 53, 54, 57, 60, 62, 64, 70, 71, 72, 76, 101, 102, 104, 106, 107, 110, 111, 116, 118, 124, 125, 126, 131, 137, 138, 139, 143, 149, 150, 151, 155, 187, 188, 190, 192, 194, 196, 197, 199, 200, 201, 205, 211, 217, 218, 219, 223, 256, 257, 259, 261, 263, 265, 266, 269, 270, 272, 273, 277, 283, 285, 291, 292, 293, 298, 304, 305, 306, 310, 341, 342, 344, 346, 348, 350, 351, 353, 354, 358, 364, 366, 370, 371, 372, 376], "excluded_lines": []}}}, "functions/permissions.py": {"executed_lines": [1, 7, 8, 9, 11, 13, 14, 15, 22, 23, 25, 28, 31, 32, 33, 53, 54, 55, 130, 131, 132, 147, 148, 149, 218, 219, 220, 234, 235, 236, 257, 258, 259, 273, 274, 275, 296, 297, 298, 307, 308, 309, 331, 332, 333, 353, 354, 355, 380, 381, 382, 397, 398, 399, 448, 449, 450, 465, 466, 467], "summary": {"covered_lines": 59, "num_statements": 176, "percent_covered": 33.52272727272727, "percent_covered_display": "33.52", "missing_lines": 117, "excluded_lines": 0}, "missing_lines": [66, 67, 68, 70, 72, 74, 77, 78, 79, 80, 82, 84, 87, 88, 94, 104, 107, 109, 111, 117, 118, 119, 123, 160, 161, 163, 165, 167, 168, 169, 170, 171, 173, 174, 175, 179, 186, 197, 199, 205, 206, 207, 211, 244, 245, 247, 250, 283, 284, 286, 289, 317, 318, 320, 324, 363, 364, 366, 370, 406, 407, 409, 411, 414, 415, 420, 421, 423, 424, 425, 427, 429, 435, 436, 437, 441, 478, 479, 481, 483, 485, 486, 487, 488, 489, 491, 492, 496, 502, 503, 506, 507, 508, 520, 521, 526, 527, 528, 529, 530, 532, 533, 534, 546, 548, 549, 552, 554, 555, 556, 558, 560, 562, 572, 573, 574, 578], "excluded_lines": [], "functions": {"list_users": {"executed_lines": [], "summary": {"covered_lines": 0, "num_statements": 23, "percent_covered": 0.0, "percent_covered_display": "0.00", "missing_lines": 23, "excluded_lines": 0}, "missing_lines": [66, 67, 68, 70, 72, 74, 77, 78, 79, 80, 82, 84, 87, 88, 94, 104, 107, 109, 111, 117, 118, 119, 123], "excluded_lines": []}, "get_user": {"executed_lines": [], "summary": {"covered_lines": 0, "num_statements": 20, "percent_covered": 0.0, "percent_covered_display": "0.00", "missing_lines": 20, "excluded_lines": 0}, "missing_lines": [160, 161, 163, 165, 167, 168, 169, 170, 171, 173, 174, 175, 179, 186, 197, 199, 205, 206, 207, 211], "excluded_lines": []}, "get_user_permissions": {"executed_lines": [], "summary": {"covered_lines": 0, "num_statements": 4, "percent_covered": 0.0, "percent_covered_display": "0.00", "missing_lines": 4, "excluded_lines": 0}, "missing_lines": [244, 245, 247, 250], "excluded_lines": []}, "get_org_permissions": {"executed_lines": [], "summary": {"covered_lines": 0, "num_statements": 4, "percent_covered": 0.0, "percent_covered_display": "0.00", "missing_lines": 4, "excluded_lines": 0}, "missing_lines": [283, 284, 286, 289], "excluded_lines": []}, "grant_permissions": {"executed_lines": [], "summary": {"covered_lines": 0, "num_statements": 4, "percent_covered": 0.0, "percent_covered_display": "0.00", "missing_lines": 4, "excluded_lines": 0}, "missing_lines": [317, 318, 320, 324], "excluded_lines": []}, "revoke_permissions": {"executed_lines": [], "summary": {"covered_lines": 0, "num_statements": 4, "percent_covered": 0.0, "percent_covered_display": "0.00", "missing_lines": 4, "excluded_lines": 0}, "missing_lines": [363, 364, 366, 370], "excluded_lines": []}, "get_user_roles": {"executed_lines": [], "summary": {"covered_lines": 0, "num_statements": 17, "percent_covered": 0.0, "percent_covered_display": "0.00", "missing_lines": 17, "excluded_lines": 0}, "missing_lines": [406, 407, 409, 411, 414, 415, 420, 421, 423, 424, 425, 427, 429, 435, 436, 437, 441], "excluded_lines": []}, "get_user_forms": {"executed_lines": [], "summary": {"covered_lines": 0, "num_statements": 41, "percent_covered": 0.0, "percent_covered_display": "0.00", "missing_lines": 41, "excluded_lines": 0}, "missing_lines": [478, 479, 481, 483, 485, 486, 487, 488, 489, 491, 492, 496, 502, 503, 506, 507, 508, 520, 521, 526, 527, 528, 529, 530, 532, 533, 534, 546, 548, 549, 552, 554, 555, 556, 558, 560, 562, 572, 573, 574, 578], "excluded_lines": []}, "": {"executed_lines": [1, 7, 8, 9, 11, 13, 14, 15, 22, 23, 25, 28, 31, 32, 33, 53, 54, 55, 130, 131, 132, 147, 148, 149, 218, 219, 220, 234, 235, 236, 257, 258, 259, 273, 274, 275, 296, 297, 298, 307, 308, 309, 331, 332, 333, 353, 354, 355, 380, 381, 382, 397, 398, 399, 448, 449, 450, 465, 466, 467], "summary": {"covered_lines": 59, "num_statements": 59, "percent_covered": 100.0, "percent_covered_display": "100.00", "missing_lines": 0, "excluded_lines": 0}, "missing_lines": [], "excluded_lines": []}}, "classes": {"": {"executed_lines": [1, 7, 8, 9, 11, 13, 14, 15, 22, 23, 25, 28, 31, 32, 33, 53, 54, 55, 130, 131, 132, 147, 148, 149, 218, 219, 220, 234, 235, 236, 257, 258, 259, 273, 274, 275, 296, 297, 298, 307, 308, 309, 331, 332, 333, 353, 354, 355, 380, 381, 382, 397, 398, 399, 448, 449, 450, 465, 466, 467], "summary": {"covered_lines": 59, "num_statements": 176, "percent_covered": 33.52272727272727, "percent_covered_display": "33.52", "missing_lines": 117, "excluded_lines": 0}, "missing_lines": [66, 67, 68, 70, 72, 74, 77, 78, 79, 80, 82, 84, 87, 88, 94, 104, 107, 109, 111, 117, 118, 119, 123, 160, 161, 163, 165, 167, 168, 169, 170, 171, 173, 174, 175, 179, 186, 197, 199, 205, 206, 207, 211, 244, 245, 247, 250, 283, 284, 286, 289, 317, 318, 320, 324, 363, 364, 366, 370, 406, 407, 409, 411, 414, 415, 420, 421, 423, 424, 425, 427, 429, 435, 436, 437, 441, 478, 479, 481, 483, 485, 486, 487, 488, 489, 491, 492, 496, 502, 503, 506, 507, 508, 520, 521, 526, 527, 528, 529, 530, 532, 533, 534, 546, 548, 549, 552, 554, 555, 556, 558, 560, 562, 572, 573, 574, 578], "excluded_lines": []}}}, "functions/roles.py": {"executed_lines": [1, 8, 9, 11, 12, 14, 15, 25, 26, 27, 29, 32, 35, 36, 37, 45, 46, 47, 86, 87, 88, 97, 98, 99, 168, 169, 170, 185, 186, 187, 248, 249, 250, 263, 264, 265, 301, 302, 303, 317, 318, 319, 359, 360, 361, 375, 376, 377, 478, 479, 480, 497, 498, 499, 557, 558, 559, 573, 574, 575, 615, 616, 617, 631, 632, 633, 707, 708, 709, 726, 727, 728], "summary": {"covered_lines": 71, "num_statements": 255, "percent_covered": 27.84313725490196, "percent_covered_display": "27.84", "missing_lines": 184, "excluded_lines": 0}, "missing_lines": [54, 55, 57, 59, 60, 63, 65, 67, 73, 74, 75, 79, 106, 107, 109, 111, 112, 115, 116, 122, 124, 130, 131, 132, 137, 143, 144, 145, 149, 155, 156, 157, 161, 194, 195, 197, 199, 201, 203, 204, 207, 208, 214, 216, 222, 223, 224, 229, 235, 236, 237, 241, 272, 273, 275, 277, 279, 281, 282, 284, 286, 288, 289, 290, 294, 326, 327, 329, 331, 333, 335, 336, 338, 340, 346, 347, 348, 352, 384, 385, 387, 389, 391, 393, 394, 397, 398, 399, 400, 404, 411, 412, 413, 414, 415, 419, 426, 427, 431, 438, 444, 446, 452, 453, 454, 459, 465, 466, 467, 471, 506, 507, 508, 511, 512, 516, 522, 523, 527, 533, 535, 537, 538, 540, 542, 544, 545, 546, 550, 582, 583, 585, 587, 589, 591, 592, 594, 596, 602, 603, 604, 608, 640, 641, 643, 645, 647, 649, 650, 653, 654, 655, 656, 660, 667, 673, 675, 681, 682, 683, 688, 694, 695, 696, 700, 735, 736, 737, 740, 741, 745, 751, 752, 756, 762, 764, 766, 767, 769, 771, 773, 774, 775, 779], "excluded_lines": [], "functions": {"list_roles": {"executed_lines": [], "summary": {"covered_lines": 0, "num_statements": 12, "percent_covered": 0.0, "percent_covered_display": "0.00", "missing_lines": 12, "excluded_lines": 0}, "missing_lines": [54, 55, 57, 59, 60, 63, 65, 67, 73, 74, 75, 79], "excluded_lines": []}, "create_role": {"executed_lines": [], "summary": {"covered_lines": 0, "num_statements": 21, "percent_covered": 0.0, "percent_covered_display": "0.00", "missing_lines": 21, "excluded_lines": 0}, "missing_lines": [106, 107, 109, 111, 112, 115, 116, 122, 124, 130, 131, 132, 137, 143, 144, 145, 149, 155, 156, 157, 161], "excluded_lines": []}, "update_role": {"executed_lines": [], "summary": {"covered_lines": 0, "num_statements": 19, "percent_covered": 0.0, "percent_covered_display": "0.00", "missing_lines": 19, "excluded_lines": 0}, "missing_lines": [194, 195, 197, 199, 201, 203, 204, 207, 208, 214, 216, 222, 223, 224, 229, 235, 236, 237, 241], "excluded_lines": []}, "delete_role": {"executed_lines": [], "summary": {"covered_lines": 0, "num_statements": 13, "percent_covered": 0.0, "percent_covered_display": "0.00", "missing_lines": 13, "excluded_lines": 0}, "missing_lines": [272, 273, 275, 277, 279, 281, 282, 284, 286, 288, 289, 290, 294], "excluded_lines": []}, "get_role_users": {"executed_lines": [], "summary": {"covered_lines": 0, "num_statements": 13, "percent_covered": 0.0, "percent_covered_display": "0.00", "missing_lines": 13, "excluded_lines": 0}, "missing_lines": [326, 327, 329, 331, 333, 335, 336, 338, 340, 346, 347, 348, 352], "excluded_lines": []}, "assign_users_to_role": {"executed_lines": [], "summary": {"covered_lines": 0, "num_statements": 32, "percent_covered": 0.0, "percent_covered_display": "0.00", "missing_lines": 32, "excluded_lines": 0}, "missing_lines": [384, 385, 387, 389, 391, 393, 394, 397, 398, 399, 400, 404, 411, 412, 413, 414, 415, 419, 426, 427, 431, 438, 444, 446, 452, 453, 454, 459, 465, 466, 467, 471], "excluded_lines": []}, "remove_user_from_role": {"executed_lines": [], "summary": {"covered_lines": 0, "num_statements": 19, "percent_covered": 0.0, "percent_covered_display": "0.00", "missing_lines": 19, "excluded_lines": 0}, "missing_lines": [506, 507, 508, 511, 512, 516, 522, 523, 527, 533, 535, 537, 538, 540, 542, 544, 545, 546, 550], "excluded_lines": []}, "get_role_forms": {"executed_lines": [], "summary": {"covered_lines": 0, "num_statements": 13, "percent_covered": 0.0, "percent_covered_display": "0.00", "missing_lines": 13, "excluded_lines": 0}, "missing_lines": [582, 583, 585, 587, 589, 591, 592, 594, 596, 602, 603, 604, 608], "excluded_lines": []}, "assign_forms_to_role": {"executed_lines": [], "summary": {"covered_lines": 0, "num_statements": 23, "percent_covered": 0.0, "percent_covered_display": "0.00", "missing_lines": 23, "excluded_lines": 0}, "missing_lines": [640, 641, 643, 645, 647, 649, 650, 653, 654, 655, 656, 660, 667, 673, 675, 681, 682, 683, 688, 694, 695, 696, 700], "excluded_lines": []}, "remove_form_from_role": {"executed_lines": [], "summary": {"covered_lines": 0, "num_statements": 19, "percent_covered": 0.0, "percent_covered_display": "0.00", "missing_lines": 19, "excluded_lines": 0}, "missing_lines": [735, 736, 737, 740, 741, 745, 751, 752, 756, 762, 764, 766, 767, 769, 771, 773, 774, 775, 779], "excluded_lines": []}, "": {"executed_lines": [1, 8, 9, 11, 12, 14, 15, 25, 26, 27, 29, 32, 35, 36, 37, 45, 46, 47, 86, 87, 88, 97, 98, 99, 168, 169, 170, 185, 186, 187, 248, 249, 250, 263, 264, 265, 301, 302, 303, 317, 318, 319, 359, 360, 361, 375, 376, 377, 478, 479, 480, 497, 498, 499, 557, 558, 559, 573, 574, 575, 615, 616, 617, 631, 632, 633, 707, 708, 709, 726, 727, 728], "summary": {"covered_lines": 71, "num_statements": 71, "percent_covered": 100.0, "percent_covered_display": "100.00", "missing_lines": 0, "excluded_lines": 0}, "missing_lines": [], "excluded_lines": []}}, "classes": {"": {"executed_lines": [1, 8, 9, 11, 12, 14, 15, 25, 26, 27, 29, 32, 35, 36, 37, 45, 46, 47, 86, 87, 88, 97, 98, 99, 168, 169, 170, 185, 186, 187, 248, 249, 250, 263, 264, 265, 301, 302, 303, 317, 318, 319, 359, 360, 361, 375, 376, 377, 478, 479, 480, 497, 498, 499, 557, 558, 559, 573, 574, 575, 615, 616, 617, 631, 632, 633, 707, 708, 709, 726, 727, 728], "summary": {"covered_lines": 71, "num_statements": 255, "percent_covered": 27.84313725490196, "percent_covered_display": "27.84", "missing_lines": 184, "excluded_lines": 0}, "missing_lines": [54, 55, 57, 59, 60, 63, 65, 67, 73, 74, 75, 79, 106, 107, 109, 111, 112, 115, 116, 122, 124, 130, 131, 132, 137, 143, 144, 145, 149, 155, 156, 157, 161, 194, 195, 197, 199, 201, 203, 204, 207, 208, 214, 216, 222, 223, 224, 229, 235, 236, 237, 241, 272, 273, 275, 277, 279, 281, 282, 284, 286, 288, 289, 290, 294, 326, 327, 329, 331, 333, 335, 336, 338, 340, 346, 347, 348, 352, 384, 385, 387, 389, 391, 393, 394, 397, 398, 399, 400, 404, 411, 412, 413, 414, 415, 419, 426, 427, 431, 438, 444, 446, 452, 453, 454, 459, 465, 466, 467, 471, 506, 507, 508, 511, 512, 516, 522, 523, 527, 533, 535, 537, 538, 540, 542, 544, 545, 546, 550, 582, 583, 585, 587, 589, 591, 592, 594, 596, 602, 603, 604, 608, 640, 641, 643, 645, 647, 649, 650, 653, 654, 655, 656, 660, 667, 673, 675, 681, 682, 683, 688, 694, 695, 696, 700, 735, 736, 737, 740, 741, 745, 751, 752, 756, 762, 764, 766, 767, 769, 771, 773, 774, 775, 779], "excluded_lines": []}}}, "functions/roles_source.py": {"executed_lines": [1, 16, 17, 19, 21, 23, 26, 29, 30, 31, 50, 52, 53, 54, 56, 58, 59, 60, 67, 68, 71, 72, 74, 80, 82, 83, 89, 90, 92], "summary": {"covered_lines": 28, "num_statements": 28, "percent_covered": 100.0, "percent_covered_display": "100.00", "missing_lines": 0, "excluded_lines": 1}, "missing_lines": [], "excluded_lines": [32], "functions": {"get_roles": {"executed_lines": [50, 52, 53, 54, 56, 58, 59, 60, 67, 68, 71, 72, 74, 80, 82, 83, 89, 90, 92], "summary": {"covered_lines": 19, "num_statements": 19, "percent_covered": 100.0, "percent_covered_display": "100.00", "missing_lines": 0, "excluded_lines": 1}, "missing_lines": [], "excluded_lines": [32]}, "": {"executed_lines": [1, 16, 17, 19, 21, 23, 26, 29, 30, 31], "summary": {"covered_lines": 9, "num_statements": 9, "percent_covered": 100.0, "percent_covered_display": "100.00", "missing_lines": 0, "excluded_lines": 0}, "missing_lines": [], "excluded_lines": []}}, "classes": {"": {"executed_lines": [1, 16, 17, 19, 21, 23, 26, 29, 30, 31, 50, 52, 53, 54, 56, 58, 59, 60, 67, 68, 71, 72, 74, 80, 82, 83, 89, 90, 92], "summary": {"covered_lines": 28, "num_statements": 28, "percent_covered": 100.0, "percent_covered_display": "100.00", "missing_lines": 0, "excluded_lines": 1}, "missing_lines": [], "excluded_lines": [32]}}}, "functions/secrets.py": {"executed_lines": [1, 8, 9, 11, 12, 14, 15, 16, 17, 18, 19, 21, 24, 27, 28, 34, 35, 36, 51, 52, 53, 120, 121, 122, 131, 132, 133, 254, 255, 256, 271, 272, 273, 408, 409, 410, 424, 425, 426], "summary": {"covered_lines": 38, "num_statements": 186, "percent_covered": 20.43010752688172, "percent_covered_display": "20.43", "missing_lines": 148, "excluded_lines": 0}, "missing_lines": [29, 30, 31, 72, 73, 75, 77, 78, 79, 80, 81, 84, 87, 90, 96, 101, 107, 108, 109, 113, 159, 160, 162, 164, 165, 166, 167, 168, 171, 172, 173, 174, 175, 179, 184, 185, 190, 197, 198, 199, 200, 201, 202, 206, 211, 212, 215, 222, 230, 235, 241, 242, 243, 247, 300, 301, 302, 304, 306, 307, 308, 309, 310, 313, 314, 318, 325, 326, 327, 330, 331, 332, 333, 334, 338, 343, 344, 349, 356, 363, 371, 376, 382, 383, 386, 387, 391, 397, 401, 450, 451, 452, 454, 456, 457, 458, 459, 460, 463, 464, 468, 475, 476, 477, 481, 483, 486, 489, 490, 498, 499, 502, 503, 504, 505, 510, 511, 514, 515, 516, 524, 525, 528, 529, 530, 531, 536, 537, 539, 540, 543, 544, 545, 546, 547, 549, 554, 561, 567, 575, 580, 586, 587, 590, 591, 595, 601, 605], "excluded_lines": [], "functions": {"list_secrets": {"executed_lines": [], "summary": {"covered_lines": 0, "num_statements": 17, "percent_covered": 0.0, "percent_covered_display": "0.00", "missing_lines": 17, "excluded_lines": 0}, "missing_lines": [72, 73, 75, 77, 78, 79, 80, 81, 84, 87, 90, 96, 101, 107, 108, 109, 113], "excluded_lines": []}, "create_secret": {"executed_lines": [], "summary": {"covered_lines": 0, "num_statements": 34, "percent_covered": 0.0, "percent_covered_display": "0.00", "missing_lines": 34, "excluded_lines": 0}, "missing_lines": [159, 160, 162, 164, 165, 166, 167, 168, 171, 172, 173, 174, 175, 179, 184, 185, 190, 197, 198, 199, 200, 201, 202, 206, 211, 212, 215, 222, 230, 235, 241, 242, 243, 247], "excluded_lines": []}, "update_secret": {"executed_lines": [], "summary": {"covered_lines": 0, "num_statements": 35, "percent_covered": 0.0, "percent_covered_display": "0.00", "missing_lines": 35, "excluded_lines": 0}, "missing_lines": [300, 301, 302, 304, 306, 307, 308, 309, 310, 313, 314, 318, 325, 326, 327, 330, 331, 332, 333, 334, 338, 343, 344, 349, 356, 363, 371, 376, 382, 383, 386, 387, 391, 397, 401], "excluded_lines": []}, "delete_secret": {"executed_lines": [], "summary": {"covered_lines": 0, "num_statements": 59, "percent_covered": 0.0, "percent_covered_display": "0.00", "missing_lines": 59, "excluded_lines": 0}, "missing_lines": [450, 451, 452, 454, 456, 457, 458, 459, 460, 463, 464, 468, 475, 476, 477, 481, 483, 486, 489, 490, 498, 499, 502, 503, 504, 505, 510, 511, 514, 515, 516, 524, 525, 528, 529, 530, 531, 536, 537, 539, 540, 543, 544, 545, 546, 547, 549, 554, 561, 567, 575, 580, 586, 587, 590, 591, 595, 601, 605], "excluded_lines": []}, "": {"executed_lines": [1, 8, 9, 11, 12, 14, 15, 16, 17, 18, 19, 21, 24, 27, 28, 34, 35, 36, 51, 52, 53, 120, 121, 122, 131, 132, 133, 254, 255, 256, 271, 272, 273, 408, 409, 410, 424, 425, 426], "summary": {"covered_lines": 38, "num_statements": 41, "percent_covered": 92.6829268292683, "percent_covered_display": "92.68", "missing_lines": 3, "excluded_lines": 0}, "missing_lines": [29, 30, 31], "excluded_lines": []}}, "classes": {"": {"executed_lines": [1, 8, 9, 11, 12, 14, 15, 16, 17, 18, 19, 21, 24, 27, 28, 34, 35, 36, 51, 52, 53, 120, 121, 122, 131, 132, 133, 254, 255, 256, 271, 272, 273, 408, 409, 410, 424, 425, 426], "summary": {"covered_lines": 38, "num_statements": 186, "percent_covered": 20.43010752688172, "percent_covered_display": "20.43", "missing_lines": 148, "excluded_lines": 0}, "missing_lines": [29, 30, 31, 72, 73, 75, 77, 78, 79, 80, 81, 84, 87, 90, 96, 101, 107, 108, 109, 113, 159, 160, 162, 164, 165, 166, 167, 168, 171, 172, 173, 174, 175, 179, 184, 185, 190, 197, 198, 199, 200, 201, 202, 206, 211, 212, 215, 222, 230, 235, 241, 242, 243, 247, 300, 301, 302, 304, 306, 307, 308, 309, 310, 313, 314, 318, 325, 326, 327, 330, 331, 332, 333, 334, 338, 343, 344, 349, 356, 363, 371, 376, 382, 383, 386, 387, 391, 397, 401, 450, 451, 452, 454, 456, 457, 458, 459, 460, 463, 464, 468, 475, 476, 477, 481, 483, 486, 489, 490, 498, 499, 502, 503, 504, 505, 510, 511, 514, 515, 516, 524, 525, 528, 529, 530, 531, 536, 537, 539, 540, 543, 544, 545, 546, 547, 549, 554, 561, 567, 575, 580, 586, 587, 590, 591, 595, 601, 605], "excluded_lines": []}}}, "functions/worker.py": {"executed_lines": [1, 6, 7, 8, 10, 12, 13, 14, 15, 16, 17, 18, 19, 24, 27, 30, 35, 36, 43, 44, 45, 46, 48, 50, 51, 53, 54, 55, 56, 57, 58, 59, 61, 71, 74, 82, 83, 85, 87, 89, 106, 113, 121, 122, 125, 126, 128, 135, 136, 139, 144, 145, 148, 149, 152, 153, 156, 169, 178, 180, 181, 183, 193, 202, 204, 205, 207, 217], "summary": {"covered_lines": 67, "num_statements": 72, "percent_covered": 93.05555555555556, "percent_covered_display": "93.06", "missing_lines": 5, "excluded_lines": 0}, "missing_lines": [92, 93, 100, 103, 129], "excluded_lines": [], "functions": {"workflow_execution_worker": {"executed_lines": [43, 44, 45, 46, 48, 50, 51, 53, 54, 55, 56, 57, 58, 59, 61, 71, 74, 82, 83, 85, 87, 89, 106, 113, 121, 122, 125, 126, 128, 135, 136, 139, 144, 145, 148, 149, 152, 153, 156, 169, 178, 180, 181, 183, 193, 202, 204, 205, 207, 217], "summary": {"covered_lines": 50, "num_statements": 55, "percent_covered": 90.9090909090909, "percent_covered_display": "90.91", "missing_lines": 5, "excluded_lines": 0}, "missing_lines": [92, 93, 100, 103, 129], "excluded_lines": []}, "": {"executed_lines": [1, 6, 7, 8, 10, 12, 13, 14, 15, 16, 17, 18, 19, 24, 27, 30, 35, 36], "summary": {"covered_lines": 17, "num_statements": 17, "percent_covered": 100.0, "percent_covered_display": "100.00", "missing_lines": 0, "excluded_lines": 0}, "missing_lines": [], "excluded_lines": []}}, "classes": {"": {"executed_lines": [1, 6, 7, 8, 10, 12, 13, 14, 15, 16, 17, 18, 19, 24, 27, 30, 35, 36, 43, 44, 45, 46, 48, 50, 51, 53, 54, 55, 56, 57, 58, 59, 61, 71, 74, 82, 83, 85, 87, 89, 106, 113, 121, 122, 125, 126, 128, 135, 136, 139, 144, 145, 148, 149, 152, 153, 156, 169, 178, 180, 181, 183, 193, 202, 204, 205, 207, 217], "summary": {"covered_lines": 67, "num_statements": 72, "percent_covered": 93.05555555555556, "percent_covered_display": "93.06", "missing_lines": 5, "excluded_lines": 0}, "missing_lines": [92, 93, 100, 103, 129], "excluded_lines": []}}}, "functions/workflow_keys.py": {"executed_lines": [1, 6, 7, 8, 9, 11, 12, 14, 15, 16, 22, 24, 27, 30, 37, 44, 45, 46, 55, 56, 213, 214, 215, 223, 224, 330, 331, 332, 346, 347], "summary": {"covered_lines": 29, "num_statements": 127, "percent_covered": 22.834645669291337, "percent_covered_display": "22.83", "missing_lines": 98, "excluded_lines": 1}, "missing_lines": [32, 33, 34, 39, 40, 41, 85, 87, 88, 91, 92, 93, 95, 98, 99, 100, 103, 110, 126, 129, 130, 132, 134, 151, 153, 164, 178, 184, 185, 187, 188, 189, 191, 195, 200, 201, 202, 206, 251, 253, 254, 257, 258, 261, 265, 268, 269, 270, 271, 272, 274, 277, 278, 279, 280, 282, 285, 286, 287, 300, 302, 311, 317, 318, 319, 323, 359, 361, 362, 365, 366, 367, 371, 379, 381, 382, 384, 388, 389, 391, 395, 396, 398, 399, 403, 410, 411, 415, 422, 423, 424, 426, 428, 437, 441, 442, 443, 447], "excluded_lines": [57], "functions": {"_get_config_table_client": {"executed_lines": [], "summary": {"covered_lines": 0, "num_statements": 3, "percent_covered": 0.0, "percent_covered_display": "0.00", "missing_lines": 3, "excluded_lines": 0}, "missing_lines": [32, 33, 34], "excluded_lines": []}, "_mask_key": {"executed_lines": [], "summary": {"covered_lines": 0, "num_statements": 3, "percent_covered": 0.0, "percent_covered_display": "0.00", "missing_lines": 3, "excluded_lines": 0}, "missing_lines": [39, 40, 41], "excluded_lines": []}, "create_workflow_key": {"executed_lines": [], "summary": {"covered_lines": 0, "num_statements": 32, "percent_covered": 0.0, "percent_covered_display": "0.00", "missing_lines": 32, "excluded_lines": 1}, "missing_lines": [85, 87, 88, 91, 92, 93, 95, 98, 99, 100, 103, 110, 126, 129, 130, 132, 134, 151, 153, 164, 178, 184, 185, 187, 188, 189, 191, 195, 200, 201, 202, 206], "excluded_lines": [57]}, "list_workflow_keys": {"executed_lines": [], "summary": {"covered_lines": 0, "num_statements": 28, "percent_covered": 0.0, "percent_covered_display": "0.00", "missing_lines": 28, "excluded_lines": 0}, "missing_lines": [251, 253, 254, 257, 258, 261, 265, 268, 269, 270, 271, 272, 274, 277, 278, 279, 280, 282, 285, 286, 287, 300, 302, 311, 317, 318, 319, 323], "excluded_lines": []}, "revoke_workflow_key": {"executed_lines": [], "summary": {"covered_lines": 0, "num_statements": 32, "percent_covered": 0.0, "percent_covered_display": "0.00", "missing_lines": 32, "excluded_lines": 0}, "missing_lines": [359, 361, 362, 365, 366, 367, 371, 379, 381, 382, 384, 388, 389, 391, 395, 396, 398, 399, 403, 410, 411, 415, 422, 423, 424, 426, 428, 437, 441, 442, 443, 447], "excluded_lines": []}, "": {"executed_lines": [1, 6, 7, 8, 9, 11, 12, 14, 15, 16, 22, 24, 27, 30, 37, 44, 45, 46, 55, 56, 213, 214, 215, 223, 224, 330, 331, 332, 346, 347], "summary": {"covered_lines": 29, "num_statements": 29, "percent_covered": 100.0, "percent_covered_display": "100.00", "missing_lines": 0, "excluded_lines": 0}, "missing_lines": [], "excluded_lines": []}}, "classes": {"": {"executed_lines": [1, 6, 7, 8, 9, 11, 12, 14, 15, 16, 22, 24, 27, 30, 37, 44, 45, 46, 55, 56, 213, 214, 215, 223, 224, 330, 331, 332, 346, 347], "summary": {"covered_lines": 29, "num_statements": 127, "percent_covered": 22.834645669291337, "percent_covered_display": "22.83", "missing_lines": 98, "excluded_lines": 1}, "missing_lines": [32, 33, 34, 39, 40, 41, 85, 87, 88, 91, 92, 93, 95, 98, 99, 100, 103, 110, 126, 129, 130, 132, 134, 151, 153, 164, 178, 184, 185, 187, 188, 189, 191, 195, 200, 201, 202, 206, 251, 253, 254, 257, 258, 261, 265, 268, 269, 270, 271, 272, 274, 277, 278, 279, 280, 282, 285, 286, 287, 300, 302, 311, 317, 318, 319, 323, 359, 361, 362, 365, 366, 367, 371, 379, 381, 382, 384, 388, 389, 391, 395, 396, 398, 399, 403, 410, 411, 415, 422, 423, 424, 426, 428, 437, 441, 442, 443, 447], "excluded_lines": [57]}}}, "functions/workflows.py": {"executed_lines": [1, 6, 7, 8, 9, 11, 13, 14, 15, 16, 17, 18, 19, 21, 24, 27, 28, 29, 45, 46, 47, 48], "summary": {"covered_lines": 21, "num_statements": 108, "percent_covered": 19.444444444444443, "percent_covered_display": "19.44", "missing_lines": 87, "excluded_lines": 1}, "missing_lines": [100, 102, 104, 105, 108, 112, 113, 114, 116, 117, 121, 128, 129, 132, 133, 135, 136, 139, 140, 143, 144, 145, 146, 147, 151, 156, 157, 158, 162, 169, 170, 172, 173, 174, 178, 185, 186, 189, 197, 208, 214, 217, 220, 222, 224, 234, 246, 249, 250, 252, 253, 254, 256, 260, 261, 263, 273, 276, 277, 282, 283, 285, 286, 287, 289, 297, 306, 321, 330, 336, 338, 339, 341, 352, 368, 381, 387, 390, 391, 393, 404, 405, 419, 421, 428, 433, 445], "excluded_lines": [49], "functions": {"execute_workflow": {"executed_lines": [], "summary": {"covered_lines": 0, "num_statements": 87, "percent_covered": 0.0, "percent_covered_display": "0.00", "missing_lines": 87, "excluded_lines": 1}, "missing_lines": [100, 102, 104, 105, 108, 112, 113, 114, 116, 117, 121, 128, 129, 132, 133, 135, 136, 139, 140, 143, 144, 145, 146, 147, 151, 156, 157, 158, 162, 169, 170, 172, 173, 174, 178, 185, 186, 189, 197, 208, 214, 217, 220, 222, 224, 234, 246, 249, 250, 252, 253, 254, 256, 260, 261, 263, 273, 276, 277, 282, 283, 285, 286, 287, 289, 297, 306, 321, 330, 336, 338, 339, 341, 352, 368, 381, 387, 390, 391, 393, 404, 405, 419, 421, 428, 433, 445], "excluded_lines": [49]}, "": {"executed_lines": [1, 6, 7, 8, 9, 11, 13, 14, 15, 16, 17, 18, 19, 21, 24, 27, 28, 29, 45, 46, 47, 48], "summary": {"covered_lines": 21, "num_statements": 21, "percent_covered": 100.0, "percent_covered_display": "100.00", "missing_lines": 0, "excluded_lines": 0}, "missing_lines": [], "excluded_lines": []}}, "classes": {"": {"executed_lines": [1, 6, 7, 8, 9, 11, 13, 14, 15, 16, 17, 18, 19, 21, 24, 27, 28, 29, 45, 46, 47, 48], "summary": {"covered_lines": 21, "num_statements": 108, "percent_covered": 19.444444444444443, "percent_covered_display": "19.44", "missing_lines": 87, "excluded_lines": 1}, "missing_lines": [100, 102, 104, 105, 108, 112, 113, 114, 116, 117, 121, 128, 129, 132, 133, 135, 136, 139, 140, 143, 144, 145, 146, 147, 151, 156, 157, 158, 162, 169, 170, 172, 173, 174, 178, 185, 186, 189, 197, 208, 214, 217, 220, 222, 224, 234, 246, 249, 250, 252, 253, 254, 256, 260, 261, 263, 273, 276, 277, 282, 283, 285, 286, 287, 289, 297, 306, 321, 330, 336, 338, 339, 341, 352, 368, 381, 387, 390, 391, 393, 404, 405, 419, 421, 428, 433, 445], "excluded_lines": [49]}}}, "models/__init__.py": {"executed_lines": [0], "summary": {"covered_lines": 0, "num_statements": 0, "percent_covered": 100.0, "percent_covered_display": "100.00", "missing_lines": 0, "excluded_lines": 0}, "missing_lines": [], "excluded_lines": [], "functions": {"": {"executed_lines": [], "summary": {"covered_lines": 0, "num_statements": 0, "percent_covered": 100.0, "percent_covered_display": "100.00", "missing_lines": 0, "excluded_lines": 0}, "missing_lines": [], "excluded_lines": []}}, "classes": {"": {"executed_lines": [], "summary": {"covered_lines": 0, "num_statements": 0, "percent_covered": 100.0, "percent_covered_display": "100.00", "missing_lines": 0, "excluded_lines": 0}, "missing_lines": [], "excluded_lines": []}}}, "models/oauth_connection.py": {"executed_lines": [1, 6, 7, 9, 13, 32, 35, 40, 41, 45, 52, 57, 61, 66, 71, 72, 78, 83, 88, 94, 95, 99, 100, 101, 102, 103, 108, 109, 115, 116, 117, 118, 119, 120, 124, 128, 130, 133, 134, 140, 141, 142, 143, 147, 148, 149, 150, 156, 157, 158, 159, 160, 163, 164, 165, 170, 175, 176, 183, 184, 192, 193, 194, 195, 199, 203, 204, 205, 206, 212, 213, 219, 220, 221, 222, 225, 226, 227, 231, 238, 240, 242, 252, 254, 255, 257, 270, 291, 296, 297, 304, 309, 314, 318, 322, 326, 331, 334, 335, 339, 340, 344, 348, 353], "summary": {"covered_lines": 78, "num_statements": 86, "percent_covered": 90.69767441860465, "percent_covered_display": "90.70", "missing_lines": 8, "excluded_lines": 18}, "missing_lines": [74, 75, 76, 77, 239, 253, 259, 272], "excluded_lines": [45, 57, 61, 78, 83, 143, 150, 183, 184, 195, 199, 203, 204, 206, 304, 309, 318, 344], "functions": {"CreateOAuthConnectionRequest.model_validate": {"executed_lines": [], "summary": {"covered_lines": 0, "num_statements": 4, "percent_covered": 0.0, "percent_covered_display": "0.00", "missing_lines": 4, "excluded_lines": 0}, "missing_lines": [74, 75, 76, 77], "excluded_lines": []}, "OAuthConnection.is_expired": {"executed_lines": [238, 240], "summary": {"covered_lines": 2, "num_statements": 3, "percent_covered": 66.66666666666667, "percent_covered_display": "66.67", "missing_lines": 1, "excluded_lines": 0}, "missing_lines": [239], "excluded_lines": []}, "OAuthConnection.expires_soon": {"executed_lines": [252, 254, 255], "summary": {"covered_lines": 3, "num_statements": 4, "percent_covered": 75.0, "percent_covered_display": "75.00", "missing_lines": 1, "excluded_lines": 0}, "missing_lines": [253], "excluded_lines": []}, "OAuthConnection.to_summary": {"executed_lines": [], "summary": {"covered_lines": 0, "num_statements": 1, "percent_covered": 0.0, "percent_covered_display": "0.00", "missing_lines": 1, "excluded_lines": 0}, "missing_lines": [259], "excluded_lines": []}, "OAuthConnection.to_detail": {"executed_lines": [], "summary": {"covered_lines": 0, "num_statements": 1, "percent_covered": 0.0, "percent_covered_display": "0.00", "missing_lines": 1, "excluded_lines": 0}, "missing_lines": [272], "excluded_lines": []}, "": {"executed_lines": [1, 6, 7, 9, 13, 32, 35, 40, 41, 45, 52, 57, 61, 66, 71, 72, 78, 83, 88, 94, 95, 99, 100, 101, 102, 103, 108, 109, 115, 116, 117, 118, 119, 120, 124, 128, 130, 133, 134, 140, 141, 142, 143, 147, 148, 149, 150, 156, 157, 158, 159, 160, 163, 164, 165, 170, 175, 176, 183, 184, 192, 193, 194, 195, 199, 203, 204, 205, 206, 212, 213, 219, 220, 221, 222, 225, 226, 227, 231, 242, 257, 270, 291, 296, 297, 304, 309, 314, 318,
[...]
 510, 512, 515, 538, 550, 553, 555, 557, 559, 562], "summary": {"covered_lines": 94, "num_statements": 177, "percent_covered": 53.10734463276836, "percent_covered_display": "53.11", "missing_lines": 83, "excluded_lines": 2}, "missing_lines": [50, 87, 103, 104, 108, 110, 111, 112, 138, 139, 140, 141, 143, 149, 150, 151, 154, 155, 161, 162, 168, 192, 200, 211, 212, 216, 218, 219, 220, 234, 236, 237, 239, 241, 244, 245, 247, 249, 254, 256, 257, 258, 291, 292, 293, 316, 325, 326, 327, 340, 341, 345, 349, 351, 352, 356, 358, 359, 360, 379, 381, 384, 385, 386, 390, 417, 421, 422, 424, 429, 431, 435, 436, 438, 443, 445, 447, 452, 486, 488, 535, 572, 573], "excluded_lines": [15, 16], "functions": {"TableStorageService.__init__": {"executed_lines": [42, 43, 45, 46, 49, 53, 54, 59, 60, 61, 62, 64], "summary": {"covered_lines": 12, "num_statements": 13, "percent_covered": 92.3076923076923, "percent_covered_display": "92.31", "missing_lines": 1, "excluded_lines": 0}, "missing_lines": [50], "excluded_lines": []}, "TableStorageService.insert_entity": {"executed_lines": [84, 86, 89, 91, 94, 96, 101], "summary": {"covered_lines": 7, "num_statements": 14, "percent_covered": 50.0, "percent_covered_display": "50.00", "missing_lines": 7, "excluded_lines": 0}, "missing_lines": [87, 103, 104, 108, 110, 111, 112], "excluded_lines": []}, "TableStorageService._apply_partition_key": {"executed_lines": [134, 135], "summary": {"covered_lines": 2, "num_statements": 15, "percent_covered": 13.333333333333334, "percent_covered_display": "13.33", "missing_lines": 13, "excluded_lines": 0}, "missing_lines": [138, 139, 140, 141, 143, 149, 150, 151, 154, 155, 161, 162, 168], "excluded_lines": []}, "TableStorageService.update_entity": {"executed_lines": [189, 191, 194, 196, 199, 202, 204, 209], "summary": {"covered_lines": 8, "num_statements": 16, "percent_covered": 50.0, "percent_covered_display": "50.00", "missing_lines": 8, "excluded_lines": 0}, "missing_lines": [192, 200, 211, 212, 216, 218, 219, 220], "excluded_lines": []}, "TableStorageService.upsert_entity": {"executed_lines": [], "summary": {"covered_lines": 0, "num_statements": 13, "percent_covered": 0.0, "percent_covered_display": "0.00", "missing_lines": 13, "excluded_lines": 0}, "missing_lines": [234, 236, 237, 239, 241, 244, 245, 247, 249, 254, 256, 257, 258], "excluded_lines": []}, "TableStorageService.get_entity": {"executed_lines": [271, 272, 277, 279, 283, 285, 286, 289], "summary": {"covered_lines": 8, "num_statements": 11, "percent_covered": 72.72727272727273, "percent_covered_display": "72.73", "missing_lines": 3, "excluded_lines": 0}, "missing_lines": [291, 292, 293], "excluded_lines": []}, "TableStorageService.query_entities": {"executed_lines": [308, 310, 311, 322, 323], "summary": {"covered_lines": 5, "num_statements": 9, "percent_covered": 55.55555555555556, "percent_covered_display": "55.56", "missing_lines": 4, "excluded_lines": 0}, "missing_lines": [316, 325, 326, 327], "excluded_lines": []}, "TableStorageService.delete_entity": {"executed_lines": [], "summary": {"covered_lines": 0, "num_statements": 10, "percent_covered": 0.0, "percent_covered_display": "0.00", "missing_lines": 10, "excluded_lines": 0}, "missing_lines": [340, 341, 345, 349, 351, 352, 356, 358, 359, 360], "excluded_lines": []}, "TableStorageService.query_by_org": {"executed_lines": [], "summary": {"covered_lines": 0, "num_statements": 6, "percent_covered": 0.0, "percent_covered_display": "0.00", "missing_lines": 6, "excluded_lines": 0}, "missing_lines": [379, 381, 384, 385, 386, 390], "excluded_lines": []}, "TableStorageService.insert_dual_indexed": {"executed_lines": [], "summary": {"covered_lines": 0, "num_statements": 13, "percent_covered": 0.0, "percent_covered_display": "0.00", "missing_lines": 13, "excluded_lines": 0}, "missing_lines": [417, 421, 422, 424, 429, 431, 435, 436, 438, 443, 445, 447, 452], "excluded_lines": []}, "TableStorageService._serialize_datetime_fields": {"executed_lines": [458, 459, 460, 461, 463, 464], "summary": {"covered_lines": 6, "num_statements": 6, "percent_covered": 100.0, "percent_covered_display": "100.00", "missing_lines": 0, "excluded_lines": 0}, "missing_lines": [], "excluded_lines": []}, "TableStorageService._deserialize_datetime_fields": {"executed_lines": [469, 479, 480, 481, 482, 484, 490, 492], "summary": {"covered_lines": 8, "num_statements": 10, "percent_covered": 80.0, "percent_covered_display": "80.00", "missing_lines": 2, "excluded_lines": 0}, "missing_lines": [486, 488], "excluded_lines": []}, "get_table_storage_service": {"executed_lines": [509, 510, 512], "summary": {"covered_lines": 3, "num_statements": 3, "percent_covered": 100.0, "percent_covered_display": "100.00", "missing_lines": 0, "excluded_lines": 0}, "missing_lines": [], "excluded_lines": []}, "get_table_service": {"executed_lines": [], "summary": {"covered_lines": 0, "num_statements": 1, "percent_covered": 0.0, "percent_covered_display": "0.00", "missing_lines": 1, "excluded_lines": 0}, "missing_lines": [535], "excluded_lines": []}, "get_organization": {"executed_lines": [550, 553, 555, 557, 559], "summary": {"covered_lines": 5, "num_statements": 5, "percent_covered": 100.0, "percent_covered_display": "100.00", "missing_lines": 0, "excluded_lines": 0}, "missing_lines": [], "excluded_lines": []}, "get_org_config": {"executed_lines": [], "summary": {"covered_lines": 0, "num_statements": 2, "percent_covered": 0.0, "percent_covered_display": "0.00", "missing_lines": 2, "excluded_lines": 0}, "missing_lines": [572, 573], "excluded_lines": []}, "": {"executed_lines": [1, 6, 7, 8, 9, 10, 12, 13, 15, 18, 21, 22, 23, 24, 27, 28, 33, 69, 114, 174, 222, 260, 295, 329, 364, 392, 456, 466, 496, 499, 515, 538, 562], "summary": {"covered_lines": 30, "num_statements": 30, "percent_covered": 100.0, "percent_covered_display": "100.00", "missing_lines": 0, "excluded_lines": 2}, "missing_lines": [], "excluded_lines": [15, 16]}}, "classes": {"TableStorageService": {"executed_lines": [42, 43, 45, 46, 49, 53, 54, 59, 60, 61, 62, 64, 84, 86, 89, 91, 94, 96, 101, 134, 135, 189, 191, 194, 196, 199, 202, 204, 209, 271, 272, 277, 279, 283, 285, 286, 289, 308, 310, 311, 322, 323, 458, 459, 460, 461, 463, 464, 469, 479, 480, 481, 482, 484, 490, 492], "summary": {"covered_lines": 56, "num_statements": 136, "percent_covered": 41.1764705882353, "percent_covered_display": "41.18", "missing_lines": 80, "excluded_lines": 0}, "missing_lines": [50, 87, 103, 104, 108, 110, 111, 112, 138, 139, 140, 141, 143, 149, 150, 151, 154, 155, 161, 162, 168, 192, 200, 211, 212, 216, 218, 219, 220, 234, 236, 237, 239, 241, 244, 245, 247, 249, 254, 256, 257, 258, 291, 292, 293, 316, 325, 326, 327, 340, 341, 345, 349, 351, 352, 356, 358, 359, 360, 379, 381, 384, 385, 386, 390, 417, 421, 422, 424, 429, 431, 435, 436, 438, 443, 445, 447, 452, 486, 488], "excluded_lines": []}, "": {"executed_lines": [1, 6, 7, 8, 9, 10, 12, 13, 15, 18, 21, 22, 23, 24, 27, 28, 33, 69, 114, 174, 222, 260, 295, 329, 364, 392, 456, 466, 496, 499, 509, 510, 512, 515, 538, 550, 553, 555, 557, 559, 562], "summary": {"covered_lines": 38, "num_statements": 41, "percent_covered": 92.6829268292683, "percent_covered_display": "92.68", "missing_lines": 3, "excluded_lines": 2}, "missing_lines": [535, 572, 573], "excluded_lines": [15, 16]}}}, "shared/user_lookup.py": {"executed_lines": [1, 8, 10, 11, 13, 16, 32, 35, 37, 39, 40, 43, 46, 48, 49, 56, 59, 60, 61, 62, 63, 64, 65, 66, 70, 82, 83, 84, 86, 87, 89, 91, 93, 94, 95], "summary": {"covered_lines": 34, "num_statements": 36, "percent_covered": 94.44444444444444, "percent_covered_display": "94.44", "missing_lines": 2, "excluded_lines": 0}, "missing_lines": [41, 42], "excluded_lines": [], "functions": {"ensure_user_exists_in_db": {"executed_lines": [32, 35, 37, 39, 40, 43, 46, 48, 49, 56, 59, 60, 61, 62, 63, 64, 65, 66], "summary": {"covered_lines": 18, "num_statements": 20, "percent_covered": 90.0, "percent_covered_display": "90.00", "missing_lines": 2, "excluded_lines": 0}, "missing_lines": [41, 42], "excluded_lines": []}, "get_user_organization": {"executed_lines": [82, 83, 84, 86, 87, 89, 91, 93, 94, 95], "summary": {"covered_lines": 10, "num_statements": 10, "percent_covered": 100.0, "percent_covered_display": "100.00", "missing_lines": 0, "excluded_lines": 0}, "missing_lines": [], "excluded_lines": []}, "": {"executed_lines": [1, 8, 10, 11, 13, 16, 70], "summary": {"covered_lines": 6, "num_statements": 6, "percent_covered": 100.0, "percent_covered_display": "100.00", "missing_lines": 0, "excluded_lines": 0}, "missing_lines": [], "excluded_lines": []}}, "classes": {"": {"executed_lines": [1, 8, 10, 11, 13, 16, 32, 35, 37, 39, 40, 43, 46, 48, 49, 56, 59, 60, 61, 62, 63, 64, 65, 66, 70, 82, 83, 84, 86, 87, 89, 91, 93, 94, 95], "summary": {"covered_lines": 34, "num_statements": 36, "percent_covered": 94.44444444444444, "percent_covered_display": "94.44", "missing_lines": 2, "excluded_lines": 0}, "missing_lines": [41, 42], "excluded_lines": []}}}, "shared/user_provisioning.py": {"executed_lines": [1, 16, 17, 19, 20, 21, 23, 26, 27, 29, 36, 37, 38, 39, 41, 42, 44, 45, 46, 48, 49, 52, 73, 74, 76, 78, 81, 83, 85, 88, 89, 94, 95, 96, 97, 100, 101, 105, 107, 108, 114, 116, 124, 127, 128, 130, 132, 135, 138, 140, 142, 144, 151, 153, 158, 164, 167, 168, 171, 172, 174, 175, 176, 181, 184, 185, 192, 195, 201, 203, 208, 261, 267, 268, 269, 270, 271, 272], "summary": {"covered_lines": 76, "num_statements": 97, "percent_covered": 78.35051546391753, "percent_covered_display": "78.35", "missing_lines": 21, "excluded_lines": 0}, "missing_lines": [90, 91, 109, 110, 112, 224, 225, 227, 230, 232, 233, 234, 237, 238, 240, 241, 242, 247, 250, 256, 258], "excluded_lines": [], "functions": {"UserProvisioningResult.__init__": {"executed_lines": [36, 37, 38, 39], "summary": {"covered_lines": 4, "num_statements": 4, "percent_covered": 100.0, "percent_covered_display": "100.00", "missing_lines": 0, "excluded_lines": 0}, "missing_lines": [], "excluded_lines": []}, "UserProvisioningResult.roles": {"executed_lines": [44, 45, 46, 48, 49], "summary": {"covered_lines": 5, "num_statements": 5, "percent_covered": 100.0, "percent_covered_display": "100.00", "missing_lines": 0, "excluded_lines": 0}, "missing_lines": [], "excluded_lines": []}, "ensure_user_provisioned": {"executed_lines": [73, 74, 76, 78, 81, 83, 85, 88, 89, 94, 95, 96, 97, 100, 101, 105, 107, 108, 114, 116, 124, 127, 128, 130, 132, 135], "summary": {"covered_lines": 26, "num_statements": 31, "percent_covered": 83.87096774193549, "percent_covered_display": "83.87", "missing_lines": 5, "excluded_lines": 0}, "missing_lines": [90, 91, 109, 110, 112], "excluded_lines": []}, "_create_first_platform_admin": {"executed_lines": [140, 142, 144, 151, 153], "summary": {"covered_lines": 5, "num_statements": 5, "percent_covered": 100.0, "percent_covered_display": "100.00", "missing_lines": 0, "excluded_lines": 0}, "missing_lines": [], "excluded_lines": []}, "_provision_user_by_domain": {"executed_lines": [164, 167, 168, 171, 172, 174, 175, 176, 181, 184, 185, 192, 195, 201, 203], "summary": {"covered_lines": 15, "num_statements": 15, "percent_covered": 100.0, "percent_covered_display": "100.00", "missing_lines": 0, "excluded_lines": 0}, "missing_lines": [], "excluded_lines": []}, "_provision_org_relationship_by_domain": {"executed_lines": [], "summary": {"covered_lines": 0, "num_statements": 16, "percent_covered": 0.0, "percent_covered_display": "0.00", "missing_lines": 16, "excluded_lines": 0}, "missing_lines": [224, 225, 227, 230, 232, 233, 234, 237, 238, 240, 241, 242, 247, 250, 256, 258], "excluded_lines": []}, "_get_user_org_id": {"executed_lines": [267, 268, 269, 270, 271, 272], "summary": {"covered_lines": 6, "num_statements": 6, "percent_covered": 100.0, "percent_covered_display": "100.00", "missing_lines": 0, "excluded_lines": 0}, "missing_lines": [], "excluded_lines": []}, "": {"executed_lines": [1, 16, 17, 19, 20, 21, 23, 26, 27, 29, 41, 42, 52, 138, 158, 208, 261], "summary": {"covered_lines": 15, "num_statements": 15, "percent_covered": 100.0, "percent_covered_display": "100.00", "missing_lines": 0, "excluded_lines": 0}, "missing_lines": [], "excluded_lines": []}}, "classes": {"UserProvisioningResult": {"executed_lines": [36, 37, 38, 39, 44, 45, 46, 48, 49], "summary": {"covered_lines": 9, "num_statements": 9, "percent_covered": 100.0, "percent_covered_display": "100.00", "missing_lines": 0, "excluded_lines": 0}, "missing_lines": [], "excluded_lines": []}, "": {"executed_lines": [1, 16, 17, 19, 20, 21, 23, 26, 27, 29, 41, 42, 52, 73, 74, 76, 78, 81, 83, 85, 88, 89, 94, 95, 96, 97, 100, 101, 105, 107, 108, 114, 116, 124, 127, 128, 130, 132, 135, 138, 140, 142, 144, 151, 153, 158, 164, 167, 168, 171, 172, 174, 175, 176, 181, 184, 185, 192, 195, 201, 203, 208, 261, 267, 268, 269, 270, 271, 272], "summary": {"covered_lines": 67, "num_statements": 88, "percent_covered": 76.13636363636364, "percent_covered_display": "76.14", "missing_lines": 21, "excluded_lines": 0}, "missing_lines": [90, 91, 109, 110, 112, 224, 225, 227, 230, 232, 233, 234, 237, 238, 240, 241, 242, 247, 250, 256, 258], "excluded_lines": []}}}, "shared/validation.py": {"executed_lines": [1, 6, 8, 10, 13, 56, 86], "summary": {"covered_lines": 6, "num_statements": 19, "percent_covered": 31.57894736842105, "percent_covered_display": "31.58", "missing_lines": 13, "excluded_lines": 0}, "missing_lines": [27, 30, 31, 35, 42, 43, 47, 53, 74, 79, 98, 99, 105], "excluded_lines": [], "functions": {"validate_scope_parameter": {"executed_lines": [], "summary": {"covered_lines": 0, "num_statements": 8, "percent_covered": 0.0, "percent_covered_display": "0.00", "missing_lines": 8, "excluded_lines": 0}, "missing_lines": [27, 30, 31, 35, 42, 43, 47, 53], "excluded_lines": []}, "create_error_response": {"executed_lines": [], "summary": {"covered_lines": 0, "num_statements": 2, "percent_covered": 0.0, "percent_covered_display": "0.00", "missing_lines": 2, "excluded_lines": 0}, "missing_lines": [74, 79], "excluded_lines": []}, "check_key_vault_available": {"executed_lines": [], "summary": {"covered_lines": 0, "num_statements": 3, "percent_covered": 0.0, "percent_covered_display": "0.00", "missing_lines": 3, "excluded_lines": 0}, "missing_lines": [98, 99, 105], "excluded_lines": []}, "": {"executed_lines": [1, 6, 8, 10, 13, 56, 86], "summary": {"covered_lines": 6, "num_statements": 6, "percent_covered": 100.0, "percent_covered_display": "100.00", "missing_lines": 0, "excluded_lines": 0}, "missing_lines": [], "excluded_lines": []}}, "classes": {"": {"executed_lines": [1, 6, 8, 10, 13, 56, 86], "summary": {"covered_lines": 6, "num_statements": 19, "percent_covered": 31.57894736842105, "percent_covered_display": "31.58", "missing_lines": 13, "excluded_lines": 0}, "missing_lines": [27, 30, 31, 35, 42, 43, 47, 53, 74, 79, 98, 99, 105], "excluded_lines": []}}}, "shared/workflow_endpoint_utils.py": {"executed_lines": [1, 6, 7, 8, 10, 11, 12, 13, 15, 18, 32, 34, 35, 57, 59, 62, 126, 140, 142, 143, 145, 146, 149, 151], "summary": {"covered_lines": 23, "num_statements": 51, "percent_covered": 45.09803921568628, "percent_covered_display": "45.10", "missing_lines": 28, "excluded_lines": 0}, "missing_lines": [36, 37, 39, 40, 41, 42, 43, 45, 47, 48, 54, 86, 87, 90, 99, 100, 101, 102, 103, 106, 109, 117, 118, 119, 120, 121, 123, 147], "excluded_lines": [], "functions": {"coerce_parameter_types": {"executed_lines": [32, 34, 35, 57, 59], "summary": {"covered_lines": 5, "num_statements": 16, "percent_covered": 31.25, "percent_covered_display": "31.25", "missing_lines": 11, "excluded_lines": 0}, "missing_lines": [36, 37, 39, 40, 41, 42, 43, 45, 47, 48, 54], "excluded_lines": []}, "record_workflow_execution_result": {"executed_lines": [], "summary": {"covered_lines": 0, "num_statements": 16, "percent_covered": 0.0, "percent_covered_display": "0.00", "missing_lines": 16, "excluded_lines": 0}, "missing_lines": [86, 87, 90, 99, 100, 101, 102, 103, 106, 109, 117, 118, 119, 120, 121, 123], "excluded_lines": []}, "separate_workflow_params": {"executed_lines": [140, 142, 143, 145, 146, 149, 151], "summary": {"covered_lines": 7, "num_statements": 8, "percent_covered": 87.5, "percent_covered_display": "87.50", "missing_lines": 1, "excluded_lines": 0}, "missing_lines": [147], "excluded_lines": []}, "": {"executed_lines": [1, 6, 7, 8, 10, 11, 12, 13, 15, 18, 62, 126], "summary": {"covered_lines": 11, "num_statements": 11, "percent_covered": 100.0, "percent_covered_display": "100.00", "missing_lines": 0, "excluded_lines": 0}, "missing_lines": [], "excluded_lines": []}}, "classes": {"": {"executed_lines": [1, 6, 7, 8, 10, 11, 12, 13, 15, 18, 32, 34, 35, 57, 59, 62, 126, 140, 142, 143, 145, 146, 149, 151], "summary": {"covered_lines": 23, "num_statements": 51, "percent_covered": 45.09803921568628, "percent_covered_display": "45.10", "missing_lines": 28, "excluded_lines": 0}, "missing_lines": [36, 37, 39, 40, 41, 42, 43, 45, 47, 48, 54, 86, 87, 90, 99, 100, 101, 102, 103, 106, 109, 117, 118, 119, 120, 121, 123, 147], "excluded_lines": []}}}, "shared/workflow_keys.py": {"executed_lines": [1, 7, 8, 9, 10, 12, 13, 15, 17, 51, 149, 187], "summary": {"covered_lines": 11, "num_statements": 71, "percent_covered": 15.492957746478874, "percent_covered_display": "15.49", "missing_lines": 60, "excluded_lines": 0}, "missing_lines": [34, 37, 39, 48, 76, 78, 80, 85, 88, 89, 91, 93, 96, 97, 100, 103, 105, 108, 109, 110, 114, 115, 116, 120, 121, 123, 124, 127, 130, 131, 134, 137, 138, 140, 142, 143, 144, 146, 163, 164, 168, 169, 171, 172, 174, 175, 176, 178, 180, 182, 184, 203, 204, 209, 211, 212, 214, 216, 225, 227], "excluded_lines": [], "functions": {"generate_workflow_key": {"executed_lines": [], "summary": {"covered_lines": 0, "num_statements": 4, "percent_covered": 0.0, "percent_covered_display": "0.00", "missing_lines": 4, "excluded_lines": 0}, "missing_lines": [34, 37, 39, 48], "excluded_lines": []}, "validate_workflow_key": {"executed_lines": [], "summary": {"covered_lines": 0, "num_statements": 34, "percent_covered": 0.0, "percent_covered_display": "0.00", "missing_lines": 34, "excluded_lines": 0}, "missing_lines": [76, 78, 80, 85, 88, 89, 91, 93, 96, 97, 100, 103, 105, 108, 109, 110, 114, 115, 116, 120, 121, 123, 124, 127, 130, 131, 134, 137, 138, 140, 142, 143, 144, 146], "excluded_lines": []}, "revoke_workflow_key": {"executed_lines": [], "summary": {"covered_lines": 0, "num_statements": 13, "percent_covered": 0.0, "percent_covered_display": "0.00", "missing_lines": 13, "excluded_lines": 0}, "missing_lines": [163, 164, 168, 169, 171, 172, 174, 175, 176, 178, 180, 182, 184], "excluded_lines": []}, "list_workflow_keys": {"executed_lines": [], "summary": {"covered_lines": 0, "num_statements": 9, "percent_covered": 0.0, "percent_covered_display": "0.00", "missing_lines": 9, "excluded_lines": 0}, "missing_lines": [203, 204, 209, 211, 212, 214, 216, 225, 227], "excluded_lines": []}, "": {"executed_lines": [1, 7, 8, 9, 10, 12, 13, 15, 17, 51, 149, 187], "summary": {"covered_lines": 11, "num_statements": 11, "percent_covered": 100.0, "percent_covered_display": "100.00", "missing_lines": 0, "excluded_lines": 0}, "missing_lines": [], "excluded_lines": []}}, "classes": {"": {"executed_lines": [1, 7, 8, 9, 10, 12, 13, 15, 17, 51, 149, 187], "summary": {"covered_lines": 11, "num_statements": 71, "percent_covered": 15.492957746478874, "percent_covered_display": "15.49", "missing_lines": 60, "excluded_lines": 0}, "missing_lines": [34, 37, 39, 48, 76, 78, 80, 85, 88, 89, 91, 93, 96, 97, 100, 103, 105, 108, 109, 110, 114, 115, 116, 120, 121, 123, 124, 127, 130, 131, 134, 137, 138, 140, 142, 143, 144, 146, 163, 164, 168, 169, 171, 172, 174, 175, 176, 178, 180, 182, 184, 203, 204, 209, 211, 212, 214, 216, 225, 227], "excluded_lines": []}}}}, "totals": {"covered_lines": 2629, "num_statements": 6774, "percent_covered": 38.810156480661355, "percent_covered_display": "38.81", "missing_lines": 4145, "excluded_lines": 243}}